[INFO] Scanning for projects...
[INFO] 
[INFO] ------------------------< com.d3m0:automation >-------------------------
[INFO] Building automation 1.0-SNAPSHOT
[INFO] --------------------------------[ jar ]---------------------------------
[INFO] 
[INFO] --- maven-clean-plugin:2.5:clean (default-clean) @ automation ---
[INFO] Deleting /home/gabsko/breaking-updates/target
[INFO] 
[INFO] --- maven-resources-plugin:2.6:resources (default-resources) @ automation ---
[INFO] Using 'UTF-8' encoding to copy filtered resources.
[INFO] Copying 3 resources
[INFO] 
[INFO] --- maven-compiler-plugin:3.8.1:compile (default-compile) @ automation ---
[INFO] Changes detected - recompiling the module!
[INFO] Compiling 28 source files to /home/gabsko/breaking-updates/target/classes
[INFO] /home/gabsko/breaking-updates/src/main/java/automation/pages/WomenCategoryPage.java: /home/gabsko/breaking-updates/src/main/java/automation/pages/WomenCategoryPage.java uses or overrides a deprecated API.
[INFO] /home/gabsko/breaking-updates/src/main/java/automation/pages/WomenCategoryPage.java: Recompile with -Xlint:deprecation for details.
[INFO] 
[INFO] --- maven-resources-plugin:2.6:testResources (default-testResources) @ automation ---
[INFO] Using 'UTF-8' encoding to copy filtered resources.
[INFO] Copying 2 resources
[INFO] 
[INFO] --- maven-compiler-plugin:3.8.1:testCompile (default-testCompile) @ automation ---
[INFO] Changes detected - recompiling the module!
[INFO] Compiling 3 source files to /home/gabsko/breaking-updates/target/test-classes
[INFO] 
[INFO] --- maven-surefire-plugin:2.22.1:test (default-test) @ automation ---
[INFO] 
[INFO] -------------------------------------------------------
[INFO]  T E S T S
[INFO] -------------------------------------------------------
[INFO] Running TestSuite
2023-01-06 22:35:53,563 : [36mDEBUG[m : testcases.FailingCases - Setting up browser for test elementIsNotPresentOnAPage
2023-01-06 22:35:53,563 : [36mDEBUG[m : testcases.FailingCases - Setting up browser for test elementIsNotPresentOnAPage
2023-01-06 22:35:53,572 : [32mINFO [m : automation.utils.BrowserConfiguration - Setting up chrome driver
2023-01-06 22:35:53,572 : [32mINFO [m : automation.utils.BrowserConfiguration - Setting up chrome driver
2023-01-06 22:35:53,573 : [32mINFO [m : automation.utils.BrowserConfiguration - Setting up local WebDriver
2023-01-06 22:35:53,573 : [32mINFO [m : automation.utils.BrowserConfiguration - Setting up local WebDriver
2023-01-06 22:35:53,581 : [36mDEBUG[m : testcases.FailingCases - Setting up browser for test clickNonexistentElement
2023-01-06 22:35:53,581 : [36mDEBUG[m : testcases.FailingCases - Setting up browser for test clickNonexistentElement
2023-01-06 22:35:53,582 : [32mINFO [m : automation.utils.BrowserConfiguration - Setting up chrome driver
2023-01-06 22:35:53,582 : [32mINFO [m : automation.utils.BrowserConfiguration - Setting up local WebDriver
2023-01-06 22:35:53,582 : [32mINFO [m : automation.utils.BrowserConfiguration - Setting up chrome driver
2023-01-06 22:35:53,582 : [32mINFO [m : automation.utils.BrowserConfiguration - Setting up local WebDriver
2023-01-06 22:35:53,603 : [32mINFO [m : automation.utils.BrowserConfiguration - Setting up chrome driver
2023-01-06 22:35:53,606 : [32mINFO [m : automation.utils.BrowserConfiguration - Setting up local WebDriver
2023-01-06 22:35:53,608 : [32mINFO [m : automation.utils.BrowserConfiguration - Setting up chrome driver
2023-01-06 22:35:53,608 : [32mINFO [m : automation.utils.BrowserConfiguration - Setting up chrome driver
2023-01-06 22:35:53,608 : [32mINFO [m : automation.utils.BrowserConfiguration - Setting up chrome driver
2023-01-06 22:35:53,608 : [32mINFO [m : automation.utils.BrowserConfiguration - Setting up chrome driver
2023-01-06 22:35:53,608 : [32mINFO [m : automation.utils.BrowserConfiguration - Setting up chrome driver
2023-01-06 22:35:53,609 : [32mINFO [m : automation.utils.BrowserConfiguration - Setting up local WebDriver
2023-01-06 22:35:53,609 : [32mINFO [m : automation.utils.BrowserConfiguration - Setting up local WebDriver
2023-01-06 22:35:53,609 : [32mINFO [m : automation.utils.BrowserConfiguration - Setting up chrome driver
2023-01-06 22:35:53,609 : [32mINFO [m : automation.utils.BrowserConfiguration - Setting up local WebDriver
2023-01-06 22:35:53,609 : [32mINFO [m : automation.utils.BrowserConfiguration - Setting up local WebDriver
2023-01-06 22:35:53,609 : [32mINFO [m : automation.utils.BrowserConfiguration - Setting up local WebDriver
2023-01-06 22:35:53,610 : [32mINFO [m : automation.utils.BrowserConfiguration - Setting up local WebDriver
2023-01-06 22:35:53,627 : [32mINFO [m : automation.utils.BrowserConfiguration - Setting up IncorrectBrowser driver
2023-01-06 22:35:53,629 : [1;31mERROR[m : automation.utils.BrowserConfiguration - BROWSER NOT FOUND
StartingS CStarting ChromeDriver 102.tShtarting Carting ChromeDriver 102.0.5005.61 (0e59bcc00cc49805.50hrromeDri0c5.61 (0e59voembecc00cer 102Drivc4985ce39ad313c150065f159d95ad3-refs/branch-heads/5005@{#819}) on port 17164
Only local connections are allowed.
Please see https://chromedriver.chromium.org/security-considerations for suge.r 102g9ad3estions on keeping C.0.5005.0.5005.61 61 (0hromeDriver s1ae59(0ebcc0fe.
c150cc4985c59bcc0e39a0065fChromeDriver was started successfully.
15d31c150cc40069d95ad3-refs5f159985ce39ad31c150065f159d95ad3-refs/d9/b5ad3-branch-heads/5005@{#819}) on port 17300
Only local connecrefs/branch-headrans/5005@tio{#ch8-19ns a}) on port 28hea383
Onlyre allowed.
Please localds/ connections ar see https://chromedriver.ce a5005@{#819}) onllowed.
Please seehro h pttps://mium.orgchromort 6954
Only local connections are allowed.
Please see https://chromedriver.chromium.org/security-considedr/security-considerations for suggestions on keeiveerr.chroping ChromeDrimium.org/securiatity-considever rsafe.
onsatio forChromeDriver was started successfully.
 sns for suggestuggeiostns oions on keeping Chn romkeeping ChromeDriveDerrive sr afe.
saChferomeD.
rivChromeer was started successfully.
Driver was started successfully.
StaStarting ChromeDriver 102.0.rtin5005.61 (0e59bcc00cc4985ce39ad31g Cc150065f159d95ad3-refs/branchromeDrih-heads/5005@{#819}) on port 8723
Only Starlocal connectviertin 10ons are allowed.
Please see https://chromedriver.c2hromium.org/securitg y-considerations for suggestions.0.5S0tarti on keeping ChromeDriver safe.
ChromeDriver 102.n0.5005.61 (0e59bcc00cc4985ce39ad31c150065f159d95ad3-05.61refs/branch-heads/5005@{#819}) on port 4772
Only log ChrChromeDriver was staorted successfullca (0e5l conny.
meDections are allowed.
Please see https://chr9bcc00cco498riv5ce39ad31c1500medriver.chromium.org/security-consideratio65fe159ns for dsur ggestions on keeping ChromeDriver safe.
95Ch1road3-refsmeD0ri/brver was star2.0.ted sucanch-ce5005.61 ssfully.
hea(0e59bcc00cc4985dce39ad31c150065f159d95ad3-rs/500efs/branch-heads/50055@{#819}) o@{#8n19}) on port 13281
Only local connections are allow pored.
Pleaste see https://chromedriver.chromium.org/se 205curity-considerations50
 for suggestions on keeping ChOnlyromeDriver safe.
ChromeDriver was started l successfuocallly.
 connections are allowed.
Please see https://chromedriver.chromium.org/security-considerations for suggestions on keeping ChromeDriver safe.
ChromeDriver was started successfully.
Exception in thread "TestNG-test=Cases with browser chrome-7" java.lang.IllegalStateException: No webdriver is bound to current thread: 53. You need to call open(url) first.
	at com.codeborne.selenide.impl.WebDriverThreadLocalContainer.getWebDriver(WebDriverThreadLocalContainer.java:121)
	at com.codeborne.selenide.WebDriverRunner.getWebDriver(WebDriverRunner.java:87)
	at automation.utils.MyListener.onTestFailure(MyListener.java:31)
	at org.testng.internal.TestListenerHelper.runTestListeners(TestListenerHelper.java:96)
	at org.testng.internal.TestInvoker.runTestResultListener(TestInvoker.java:219)
	at org.testng.internal.TestInvoker$MethodInvocationAgent.invoke(TestInvoker.java:834)
	at org.testng.internal.TestInvoker.invokeTestMethods(TestInvoker.java:146)
	at org.testng.internal.TestMethodWorker.invokeTestMethods(TestMethodWorker.java:146)
	at org.testng.internal.TestMethodWorker.run(TestMethodWorker.java:128)
	at java.base/java.util.concurrent.ThreadPoolExecutor.runWorker(ThreadPoolExecutor.java:1128)
	at java.base/java.util.concurrent.ThreadPoolExecutor$Worker.run(ThreadPoolExecutor.java:628)
	at java.base/java.lang.Thread.run(Thread.java:829)
Exception in thread "TestNG-test=Cases with browser chrome-3" Exception in thread "TestNG-test=Cases with browser chrome-5" Exception in thread "TestNG-test=Cases with browser chrome-2" Exception in thread "TestNG-test=Cases with browser chrome-1" Exception in thread "TestNG-test=Cases with browser chrome-2" Exception in thread "TestNG-test=Cases with browser chrome-1" Exception in thread "TestNG-test=Cases with browser chrome-4" java.lang.IllegalStateException: No webdriver is bound to current thread: 45. You need to call open(url) first.
	at com.codeborne.selenide.impl.WebDriverThreadLocalContainer.getWebDriver(WebDriverThreadLocalContainer.java:121)
	at com.codeborne.selenide.WebDriverRunner.getWebDriver(WebDriverRunner.java:87)
	at automation.utils.MyListener.onTestFailure(MyListener.java:31)
	at org.testng.internal.TestListenerHelper.runTestListeners(TestListenerHelper.java:96)
	at org.testng.internal.TestInvoker.runTestResultListener(TestInvoker.java:219)
	at org.testng.internal.TestInvoker$MethodInvocationAgent.invoke(TestInvoker.java:834)
	at org.testng.internal.TestInvoker.invokeTestMethods(TestInvoker.java:146)
	at org.testng.internal.TestMethodWorker.invokeTestMethods(TestMethodWorker.java:146)
	at org.testng.internal.TestMethodWorker.run(TestMethodWorker.java:128)
	at java.base/java.util.concurrent.ThreadPoolExecutor.runWorker(ThreadPoolExecutor.java:1128)
	at java.base/java.util.concurrent.ThreadPoolExecutor$Worker.run(ThreadPoolExecutor.java:628)
	at java.base/java.lang.Thread.run(Thread.java:829)
java.lang.IllegalStateException: No webdriver is bound to current thread: 47. You need to call open(url) first.
	at com.codeborne.selenide.impl.WebDriverThreadLocalContainer.getWebDriver(WebDriverThreadLocalContainer.java:121)
	at com.codeborne.selenide.WebDriverRunner.getWebDriver(WebDriverRunner.java:87)
	at automation.utils.MyListener.onTestFailure(MyListener.java:31)
	at org.testng.internal.TestListenerHelper.runTestListeners(TestListenerHelper.java:96)
	at org.testng.internal.TestInvoker.runTestResultListener(TestInvoker.java:219)
	at org.testng.internal.TestInvoker$MethodInvocationAgent.invoke(TestInvoker.java:834)
	at org.testng.internal.TestInvoker.invokeTestMethods(TestInvoker.java:146)
	at org.testng.internal.TestMethodWorker.invokeTestMethods(TestMethodWorker.java:146)
	at org.testng.internal.TestMethodWorker.run(TestMethodWorker.java:128)
	at java.base/java.util.concurrent.ThreadPoolExecutor.runWorker(ThreadPoolExecutor.java:1128)
	at java.base/java.util.concurrent.ThreadPoolExecutor$Worker.run(ThreadPoolExecutor.java:628)
	at java.base/java.lang.Thread.run(Thread.java:829)
java.lang.IllegalStateException: No webdriver is bound to current thread: 44. You need to call open(url) first.
	at com.codeborne.selenide.impl.WebDriverThreadLocalContainer.getWebDriver(WebDriverThreadLocalContainer.java:121)
	at com.codeborne.selenide.WebDriverRunner.getWebDriver(WebDriverRunner.java:87)
	at automation.utils.MyListener.onTestFailure(MyListener.java:31)
	at org.testng.internal.TestListenerHelper.runTestListeners(TestListenerHelper.java:96)
	at org.testng.internal.TestInvoker.runTestResultListener(TestInvoker.java:219)
	at org.testng.internal.TestInvoker$MethodInvocationAgent.invoke(TestInvoker.java:834)
	at org.testng.internal.TestInvoker.invokeTestMethods(TestInvoker.java:146)
	at org.testng.internal.TestMethodWorker.invokeTestMethods(TestMethodWorker.java:146)
	at org.testng.internal.TestMethodWorker.run(TestMethodWorker.java:128)
	at java.base/java.util.concurrent.ThreadPoolExecutor.runWorker(ThreadPoolExecutor.java:1128)
	at java.base/java.util.concurrent.ThreadPoolExecutor$Worker.run(ThreadPoolExecutor.java:628)
	at java.base/java.lang.Thread.run(Thread.java:829)
java.lang.IllegalStateException: No webdriver is bound to current thread: 51. You need to call open(url) first.
	at com.codeborne.selenide.impl.WebDriverThreadLocalContainer.getWebDriver(WebDriverThreadLocalContainer.java:121)
	at com.codeborne.selenide.WebDriverRunner.getWebDriver(WebDriverRunner.java:87)
	at automation.utils.MyListener.onTestFailure(MyListener.java:31)
	at org.testng.internal.TestListenerHelper.runTestListeners(TestListenerHelper.java:96)
	at org.testng.internal.TestInvoker.runTestResultListener(TestInvoker.java:219)
	at org.testng.internal.TestInvoker$MethodInvocationAgent.invoke(TestInvoker.java:834)
	at org.testng.internal.TestInvoker.invokeTestMethods(TestInvoker.java:146)
	at org.testng.internal.TestMethodWorker.invokeTestMethods(TestMethodWorker.java:146)
	at org.testng.internal.TestMethodWorker.run(TestMethodWorker.java:128)
	at java.base/java.util.concurrent.ThreadPoolExecutor.runWorker(ThreadPoolExecutor.java:1128)
	at java.base/java.util.concurrent.ThreadPoolExecutor$Worker.run(ThreadPoolExecutor.java:628)
	at java.base/java.lang.Thread.run(Thread.java:829)
java.lang.IllegalStateException: No webdriver is bound to current thread: 46. You need to call open(url) first.
	at com.codeborne.selenide.impl.WebDriverThreadLocalContainer.getWebDriver(WebDriverThreadLocalContainer.java:121)
	at com.codeborne.selenide.WebDriverRunner.getWebDriver(WebDriverRunner.java:87)
	at automation.utils.MyListener.onTestFailure(MyListener.java:31)
	at org.testng.internal.TestListenerHelper.runTestListeners(TestListenerHelper.java:96)
	at org.testng.internal.TestInvoker.runTestResultListener(TestInvoker.java:219)
	at org.testng.internal.TestInvoker$MethodInvocationAgent.invoke(TestInvoker.java:834)
	at org.testng.internal.TestInvoker.invokeTestMethods(TestInvoker.java:146)
	at org.testng.internal.TestMethodWorker.invokeTestMethods(TestMethodWorker.java:146)
	at org.testng.internal.TestMethodWorker.run(TestMethodWorker.java:128)
	at java.base/java.util.concurrent.ThreadPoolExecutor.runWorker(ThreadPoolExecutor.java:1128)
	at java.base/java.util.concurrent.ThreadPoolExecutor$Worker.run(ThreadPoolExecutor.java:628)
	at java.base/java.lang.Thread.run(Thread.java:829)
java.lang.IllegalStateException: No webdriver is bound to current thread: 48. You need to call open(url) first.
	at com.codeborne.selenide.impl.WebDriverThreadLocalContainer.getWebDriver(WebDriverThreadLocalContainer.java:121)
	at com.codeborne.selenide.WebDriverRunner.getWebDriver(WebDriverRunner.java:87)
	at automation.utils.MyListener.onTestFailure(MyListener.java:31)
	at org.testng.internal.TestListenerHelper.runTestListeners(TestListenerHelper.java:96)
	at org.testng.internal.TestInvoker.runTestResultListener(TestInvoker.java:219)
	at org.testng.internal.TestInvoker$MethodInvocationAgent.invoke(TestInvoker.java:834)
	at org.testng.internal.TestInvoker.invokeTestMethods(TestInvoker.java:146)
	at org.testng.internal.TestMethodWorker.invokeTestMethods(TestMethodWorker.java:146)
	at org.testng.internal.TestMethodWorker.run(TestMethodWorker.java:128)
	at java.base/java.util.concurrent.ThreadPoolExecutor.runWorker(ThreadPoolExecutor.java:1128)
2023-01-06 22:35:54,268 : [32mINFO [m : automation.utils.BrowserConfiguration - Setting up chrome driver
	at java.base/java.util.concurrent.ThreadPoolExecutor$Worker.run(ThreadPoolExecutor.java:628)
	at java.base/java.lang.Thread.run(Thread.java:829)
java.lang.IllegalStateException: No webdriver is bound to current thread: 50. You need to call open(url) first.
	at com.codeborne.selenide.impl.WebDriverThreadLocalContainer.getWebDriver(WebDriverThreadLocalContainer.java:121)
	at com.codeborne.selenide.WebDriverRunner.getWebDriver(WebDriverRunner.java:87)
	at automation.utils.MyListener.onTestFailure(MyListener.java:31)
	at org.testng.internal.TestListenerHelper.runTestListeners(TestListenerHelper.java:96)
	at org.testng.internal.TestInvoker.runTestResultListener(TestInvoker.java:219)
	at org.testng.internal.TestInvoker$MethodInvocationAgent.invoke(TestInvoker.java:834)2023-01-06 22:35:54,269 : [36mDEBUG[m : testcases.FailingCases - Setting up browser for test elementIsNotPresentOnAPage

2023-01-06 22:35:54,269 : [32mINFO [m : automation.utils.BrowserConfiguration - Setting up local WebDriver
	at org.testng.internal.TestInvoker.invokeTestMethods(TestInvoker.java:146)
	at org.testng.internal.TestMethodWorker.invokeTestMethods(TestMethodWorker.java:146)
	at org.testng.internal.TestMethodWorker.run(TestMethodWorker.java:128)
	at java.base/java.util.concurrent.ThreadPoolExecutor.runWorker(ThreadPoolExecutor.java:1128)
	at java.base/java.util.concurrent.ThreadPoolExecutor$Worker.run(ThreadPoolExecutor.java:628)
	at java.base/java.lang.Thread.run(Thread.java:829)
2023-01-06 22:35:54,269 : [32mINFO [m : automation.utils.BrowserConfiguration - Setting up chrome driver
2023-01-06 22:35:54,269 : [32mINFO [m : automation.utils.BrowserConfiguration - Setting up local WebDriver
2023-01-06 22:35:54,269 : [36mDEBUG[m : testcases.FailingCases - Setting up browser for test clickNonexistentElement
2023-01-06 22:35:54,269 : [32mINFO [m : automation.utils.BrowserConfiguration - Setting up chrome driver
2023-01-06 22:35:54,270 : [32mINFO [m : automation.utils.BrowserConfiguration - Setting up local WebDriver
Starting ChromeDriver 102.0.5005.61 (0e59bcc00cc4985ce39ad31c150065f159d95ad3-refs/branch-heads/5005@{#819}) on port 25463
Only local connections are allowed.
Please see https://chromedriver.chromium.org/security-considerations for suggestions on keeping ChromeDriver safe.
ChromeDriver was started successfully.
Exception in thread "TestNG-test=Cases with browser chrome-13" java.lang.IllegalStateException: No webdriver is bound to current thread: 128. You need to call open(url) first.
	at com.codeborne.selenide.impl.WebDriverThreadLocalContainer.getWebDriver(WebDriverThreadLocalContainer.java:121)
	at com.codeborne.selenide.WebDriverRunner.getWebDriver(WebDriverRunner.java:87)
	at automation.utils.MyListener.onTestFailure(MyListener.java:31)
	at org.testng.internal.TestListenerHelper.runTestListeners(TestListenerHelper.java:96)
	at org.testng.internal.TestInvoker.runTestResultListener(TestInvoker.java:219)
	at org.testng.internal.TestInvoker$MethodInvocationAgent.invoke(TestInvoker.java:834)
	at org.testng.internal.TestInvoker.invokeTestMethods(TestInvoker.java:146)
	at org.testng.internal.TestMethodWorker.invokeTestMethods(TestMethodWorker.java:146)
	at org.testng.internal.TestMethodWorker.run(TestMethodWorker.java:128)
	at java.base/java.util.concurrent.ThreadPoolExecutor.runWorker(ThreadPoolExecutor.java:1128)
	at java.base/java.util.concurrent.ThreadPoolExecutor$Worker.run(ThreadPoolExecutor.java:628)
	at java.base/java.lang.Thread.run(Thread.java:829)
Starting ChromeDriver 102.0.5005.61 (0e59bcc00cc4985ce39ad31c150065f159d95ad3-refs/branch-heads/5005@{#819}) on port 3641
Only local connections are allowed.
Please see https://chromedriver.chromium.org/security-considerations for suggestions on keeping ChromeDriver safe.
ChromeDriver was started successfully.
Exception in thread "TestNG-test=Cases with browser chrome-6" java.lang.IllegalStateException: No webdriver is bound to current thread: 52. You need to call open(url) first.
	at com.codeborne.selenide.impl.WebDriverThreadLocalContainer.getWebDriver(WebDriverThreadLocalContainer.java:121)
	at com.codeborne.selenide.WebDriverRunner.getWebDriver(WebDriverRunner.java:87)
	at automation.utils.MyListener.onTestFailure(MyListener.java:31)
	at org.testng.internal.TestListenerHelper.runTestListeners(TestListenerHelper.java:96)
	at org.testng.internal.TestInvoker.runTestResultListener(TestInvoker.java:219)
	at org.testng.internal.TestInvoker$MethodInvocationAgent.invoke(TestInvoker.java:834)
	at org.testng.internal.TestInvoker.invokeTestMethods(TestInvoker.java:146)
	at org.testng.internal.TestMethodWorker.invokeTestMethods(TestMethodWorker.java:146)
	at org.testng.internal.TestMethodWorker.run(TestMethodWorker.java:128)
	at java.base/java.util.concurrent.ThreadPoolExecutor.runWorker(ThreadPoolExecutor.java:1128)
	at java.base/java.util.concurrent.ThreadPoolExecutor$Worker.run(ThreadPoolExecutor.java:628)
	at java.base/java.lang.Thread.run(Thread.java:829)
2023-01-06 22:35:54,571 : [36mDEBUG[m : testcases.FailingCases - Setting up browser for test elementIsNotPresentOnAPage
2023-01-06 22:35:54,572 : [32mINFO [m : automation.utils.BrowserConfiguration - Setting up chrome driver
2023-01-06 22:35:54,572 : [32mINFO [m : automation.utils.BrowserConfiguration - Setting up local WebDriver
2023-01-06 22:35:54,573 : [36mDEBUG[m : testcases.FailingCases - Setting up browser for test clickNonexistentElement
2023-01-06 22:35:54,573 : [32mINFO [m : automation.utils.BrowserConfiguration - Setting up chrome driver
2023-01-06 22:35:54,573 : [32mINFO [m : automation.utils.BrowserConfiguration - Setting up local WebDriver
2023-01-06 22:35:54,578 : [32mINFO [m : automation.utils.BrowserConfiguration - Setting up firefox driver
2023-01-06 22:35:54,578 : [32mINFO [m : automation.utils.BrowserConfiguration - Setting up firefox driver
2023-01-06 22:35:54,578 : [32mINFO [m : automation.utils.BrowserConfiguration - Setting up firefox driver
2023-01-06 22:35:54,578 : [32mINFO [m : automation.utils.BrowserConfiguration - Setting up firefox driver
2023-01-06 22:35:54,578 : [32mINFO [m : automation.utils.BrowserConfiguration - Setting up firefox driver
2023-01-06 22:35:54,579 : [32mINFO [m : automation.utils.BrowserConfiguration - Setting up firefox driver
2023-01-06 22:35:54,579 : [32mINFO [m : automation.utils.BrowserConfiguration - Setting up firefox driver
2023-01-06 22:35:54,579 : [32mINFO [m : automation.utils.BrowserConfiguration - Setting up local WebDriver
2023-01-06 22:35:54,579 : [32mINFO [m : automation.utils.BrowserConfiguration - Setting up local WebDriver
2023-01-06 22:35:54,580 : [32mINFO [m : automation.utils.BrowserConfiguration - Setting up local WebDriver
2023-01-06 22:35:54,580 : [32mINFO [m : automation.utils.BrowserConfiguration - Setting up local WebDriver
2023-01-06 22:35:54,579 : [32mINFO [m : automation.utils.BrowserConfiguration - Setting up local WebDriver
2023-01-06 22:35:54,579 : [32mINFO [m : automation.utils.BrowserConfiguration - Setting up local WebDriver
2023-01-06 22:35:54,579 : [32mINFO [m : automation.utils.BrowserConfiguration - Setting up local WebDriver
/home/gabsko/.cache/selenium/geckodriver/linux64/0.32.0/geckodriver: 1: /home/gabsko/.cache/selenium/geckodriver/linux64/0.32.0/geckodriver: Syntax error: "(" unexpected
/home/gabsko/.cache/selenium/geckodriver/linux64/0.32.0/geckodriver: 1: /home/gabsko/.cache/selenium/geckodriver/linux64/0.32.0/geckodriver: Syntax error: "(" unexpected
/home/gabsko/.cache/selenium/geckodriver/linux64/0.32.0/geckodriver: 1: /home/gabsko/.cache/selenium/geckodriver/linux64/0.32.0/geckodriver: Syntax error: "(" unexpected
/home/gabsko/.cache/selenium/geckodriver/linux64/0.32.0/geckodriver: 1: /home/gabsko/.cache/selenium/geckodriver/linux64/0.32.0/geckodriver: Syntax error: "(" unexpected
/home/gabsko/.cache/selenium/geckodriver/linux64/0.32.0/geckodriver: 1: /home/gabsko/.cache/selenium/geckodriver/linux64/0.32.0/geckodriver: Syntax error: "(" unexpected
/home/gabsko/.cache/selenium/geckodriver/linux64/0.32.0/geckodriver: 1: /home/gabsko/.cache/selenium/geckodriver/linux64/0.32.0/geckodriver: Syntax error: "(" unexpected
/home/gabsko/.cache/selenium/geckodriver/linux64/0.32.0/geckodriver: 1: /home/gabsko/.cache/selenium/geckodriver/linux64/0.32.0/geckodriver: Syntax error: "(" unexpected
log4j:WARN No appenders could be found for logger (rp.org.apache.http.impl.conn.PoolingHttpClientConnectionManager).
log4j:WARN Please initialize the log4j system properly.
log4j:WARN See http://logging.apache.org/log4j/1.2/faq.html#noconfig for more info.
Exception in thread "TestNG-test=Cases with browser firefox-2" java.lang.IllegalStateException: No webdriver is bound to current thread: 141. You need to call open(url) first.
	at com.codeborne.selenide.impl.WebDriverThreadLocalContainer.getWebDriver(WebDriverThreadLocalContainer.java:121)
	at com.codeborne.selenide.WebDriverRunner.getWebDriver(WebDriverRunner.java:87)
	at automation.utils.MyListener.onTestFailure(MyListener.java:31)
	at org.testng.internal.TestListenerHelper.runTestListeners(TestListenerHelper.java:96)
	at org.testng.internal.TestInvoker.runTestResultListener(TestInvoker.java:219)
	at org.testng.internal.TestInvoker$MethodInvocationAgent.invoke(TestInvoker.java:834)
	at org.testng.internal.TestInvoker.invokeTestMethods(TestInvoker.java:146)
	at org.testng.internal.TestMethodWorker.invokeTestMethods(TestMethodWorker.java:146)
	at org.testng.internal.TestMethodWorker.run(TestMethodWorker.java:128)
	at java.base/java.util.concurrent.ThreadPoolExecutor.runWorker(ThreadPoolExecutor.java:1128)
	at java.base/java.util.concurrent.ThreadPoolExecutor$Worker.run(ThreadPoolExecutor.java:628)
	at java.base/java.lang.Thread.run(Thread.java:829)
Exception in thread "TestNG-test=Cases with browser firefox-4" java.lang.IllegalStateException: No webdriver is bound to current thread: 143. You need to call open(url) first.
	at com.codeborne.selenide.impl.WebDriverThreadLocalContainer.getWebDriver(WebDriverThreadLocalContainer.java:121)
	at com.codeborne.selenide.WebDriverRunner.getWebDriver(WebDriverRunner.java:87)
	at automation.utils.MyListener.onTestFailure(MyListener.java:31)
	at org.testng.internal.TestListenerHelper.runTestListeners(TestListenerHelper.java:96)
	at org.testng.internal.TestInvoker.runTestResultListener(TestInvoker.java:219)
	at org.testng.internal.TestInvoker$MethodInvocationAgent.invoke(TestInvoker.java:834)
	at org.testng.internal.TestInvoker.invokeTestMethods(TestInvoker.java:146)
	at org.testng.internal.TestMethodWorker.invokeTestMethods(TestMethodWorker.java:146)
	at org.testng.internal.TestMethodWorker.run(TestMethodWorker.java:128)
	at java.base/java.util.concurrent.ThreadPoolExecutor.runWorker(ThreadPoolExecutor.java:1128)
	at java.base/java.util.concurrent.ThreadPoolExecutor$Worker.run(ThreadPoolExecutor.java:628)
	at java.base/java.lang.Thread.run(Thread.java:829)
Exception in thread "TestNG-test=Cases with browser firefox-5" java.lang.IllegalStateException: No webdriver is bound to current thread: 144. You need to call open(url) first.
	at com.codeborne.selenide.impl.WebDriverThreadLocalContainer.getWebDriver(WebDriverThreadLocalContainer.java:121)
	at com.codeborne.selenide.WebDriverRunner.getWebDriver(WebDriverRunner.java:87)
	at automation.utils.MyListener.onTestFailure(MyListener.java:31)
	at org.testng.internal.TestListenerHelper.runTestListeners(TestListenerHelper.java:96)
	at org.testng.internal.TestInvoker.runTestResultListener(TestInvoker.java:219)
	at org.testng.internal.TestInvoker$MethodInvocationAgent.invoke(TestInvoker.java:834)
	at org.testng.internal.TestInvoker.invokeTestMethods(TestInvoker.java:146)
	at org.testng.internal.TestMethodWorker.invokeTestMethods(TestMethodWorker.java:146)
	at org.testng.internal.TestMethodWorker.run(TestMethodWorker.java:128)
	at java.base/java.util.concurrent.ThreadPoolExecutor.runWorker(ThreadPoolExecutor.java:1128)
	at java.base/java.util.concurrent.ThreadPoolExecutor$Worker.run(ThreadPoolExecutor.java:628)
	at java.base/java.lang.Thread.run(Thread.java:829)
Exception in thread "TestNG-test=Cases with browser firefox-1" java.lang.IllegalStateException: No webdriver is bound to current thread: 140. You need to call open(url) first.
	at com.codeborne.selenide.impl.WebDriverThreadLocalContainer.getWebDriver(WebDriverThreadLocalContainer.java:121)
	at com.codeborne.selenide.WebDriverRunner.getWebDriver(WebDriverRunner.java:87)
	at automation.utils.MyListener.onTestFailure(MyListener.java:31)
	at org.testng.internal.TestListenerHelper.runTestListeners(TestListenerHelper.java:96)
	at org.testng.internal.TestInvoker.runTestResultListener(TestInvoker.java:219)
	at org.testng.internal.TestInvoker$MethodInvocationAgent.invoke(TestInvoker.java:834)
	at org.testng.internal.TestInvoker.invokeTestMethods(TestInvoker.java:146)
	at org.testng.internal.TestMethodWorker.invokeTestMethods(TestMethodWorker.java:146)
	at org.testng.internal.TestMethodWorker.run(TestMethodWorker.java:128)
	at java.base/java.util.concurrent.ThreadPoolExecutor.runWorker(ThreadPoolExecutor.java:1128)
	at java.base/java.util.concurrent.ThreadPoolExecutor$Worker.run(ThreadPoolExecutor.java:628)
	at java.base/java.lang.Thread.run(Thread.java:829)
2023-01-06 22:36:14,653 : [32mINFO [m : automation.utils.BrowserConfiguration - Setting up firefox driver
2023-01-06 22:36:14,654 : [32mINFO [m : automation.utils.BrowserConfiguration - Setting up local WebDriver
/home/gabsko/.cache/selenium/geckodriver/linux64/0.32.0/geckodriver: 1: /home/gabsko/.cache/selenium/geckodriver/linux64/0.32.0/geckodriver: Syntax error: "(" unexpected
Exception in thread "TestNG-test=Cases with browser firefox-3" java.lang.IllegalStateException: No webdriver is bound to current thread: 142. You need to call open(url) first.
	at com.codeborne.selenide.impl.WebDriverThreadLocalContainer.getWebDriver(WebDriverThreadLocalContainer.java:121)
	at com.codeborne.selenide.WebDriverRunner.getWebDriver(WebDriverRunner.java:87)
	at automation.utils.MyListener.onTestFailure(MyListener.java:31)
	at org.testng.internal.TestListenerHelper.runTestListeners(TestListenerHelper.java:96)
	at org.testng.internal.TestInvoker.runTestResultListener(TestInvoker.java:219)
	at org.testng.internal.TestInvoker$MethodInvocationAgent.invoke(TestInvoker.java:834)
	at org.testng.internal.TestInvoker.invokeTestMethods(TestInvoker.java:146)
	at org.testng.internal.TestMethodWorker.invokeTestMethods(TestMethodWorker.java:146)
	at org.testng.internal.TestMethodWorker.run(TestMethodWorker.java:128)
	at java.base/java.util.concurrent.ThreadPoolExecutor.runWorker(ThreadPoolExecutor.java:1128)
	at java.base/java.util.concurrent.ThreadPoolExecutor$Worker.run(ThreadPoolExecutor.java:628)
	at java.base/java.lang.Thread.run(Thread.java:829)
Exception in thread "TestNG-test=Cases with browser firefox-7" java.lang.IllegalStateException: No webdriver is bound to current thread: 146. You need to call open(url) first.
	at com.codeborne.selenide.impl.WebDriverThreadLocalContainer.getWebDriver(WebDriverThreadLocalContainer.java:121)
	at com.codeborne.selenide.WebDriverRunner.getWebDriver(WebDriverRunner.java:87)
	at automation.utils.MyListener.onTestFailure(MyListener.java:31)
	at org.testng.internal.TestListenerHelper.runTestListeners(TestListenerHelper.java:96)
	at org.testng.internal.TestInvoker.runTestResultListener(TestInvoker.java:219)
	at org.testng.internal.TestInvoker$MethodInvocationAgent.invoke(TestInvoker.java:834)
	at org.testng.internal.TestInvoker.invokeTestMethods(TestInvoker.java:146)
	at org.testng.internal.TestMethodWorker.invokeTestMethods(TestMethodWorker.java:146)
	at org.testng.internal.TestMethodWorker.run(TestMethodWorker.java:128)
	at java.base/java.util.concurrent.ThreadPoolExecutor.runWorker(ThreadPoolExecutor.java:1128)
	at java.base/java.util.concurrent.ThreadPoolExecutor$Worker.run(ThreadPoolExecutor.java:628)
	at java.base/java.lang.Thread.run(Thread.java:829)
Exception in thread "TestNG-test=Cases with browser firefox-6" java.lang.IllegalStateException: No webdriver is bound to current thread: 145. You need to call open(url) first.
	at com.codeborne.selenide.impl.WebDriverThreadLocalContainer.getWebDriver(WebDriverThreadLocalContainer.java:121)
	at com.codeborne.selenide.WebDriverRunner.getWebDriver(WebDriverRunner.java:87)
	at automation.utils.MyListener.onTestFailure(MyListener.java:31)
	at org.testng.internal.TestListenerHelper.runTestListeners(TestListenerHelper.java:96)
	at org.testng.internal.TestInvoker.runTestResultListener(TestInvoker.java:219)
	at org.testng.internal.TestInvoker$MethodInvocationAgent.invoke(TestInvoker.java:834)
	at org.testng.internal.TestInvoker.invokeTestMethods(TestInvoker.java:146)
	at org.testng.internal.TestMethodWorker.invokeTestMethods(TestMethodWorker.java:146)
	at org.testng.internal.TestMethodWorker.run(TestMethodWorker.java:128)
	at java.base/java.util.concurrent.ThreadPoolExecutor.runWorker(ThreadPoolExecutor.java:1128)
	at java.base/java.util.concurrent.ThreadPoolExecutor$Worker.run(ThreadPoolExecutor.java:628)
	at java.base/java.lang.Thread.run(Thread.java:829)
Exception in thread "TestNG-test=Cases with browser firefox-11" java.lang.IllegalStateException: No webdriver is bound to current thread: 171. You need to call open(url) first.
	at com.codeborne.selenide.impl.WebDriverThreadLocalContainer.getWebDriver(WebDriverThreadLocalContainer.java:121)
	at com.codeborne.selenide.WebDriverRunner.getWebDriver(WebDriverRunner.java:87)
	at automation.utils.MyListener.onTestFailure(MyListener.java:31)
	at org.testng.internal.TestListenerHelper.runTestListeners(TestListenerHelper.java:96)
	at org.testng.internal.TestInvoker.runTestResultListener(TestInvoker.java:219)
	at org.testng.internal.TestInvoker$MethodInvocationAgent.invoke(TestInvoker.java:834)
	at org.testng.internal.TestInvoker.invokeTestMethods(TestInvoker.java:146)
	at org.testng.internal.TestMethodWorker.invokeTestMethods(TestMethodWorker.java:146)
	at org.testng.internal.TestMethodWorker.run(TestMethodWorker.java:128)
	at java.base/java.util.concurrent.ThreadPoolExecutor.runWorker(ThreadPoolExecutor.java:1128)
	at java.base/java.util.concurrent.ThreadPoolExecutor$Worker.run(ThreadPoolExecutor.java:628)
	at java.base/java.lang.Thread.run(Thread.java:829)
[INFO] Tests run: 1, Failures: 0, Errors: 0, Skipped: 0, Time elapsed: 42.187 s - in TestSuite
[INFO] 
[INFO] Results:
[INFO] 
[INFO] Tests run: 1, Failures: 0, Errors: 0, Skipped: 0
[INFO] 
[INFO] ------------------------------------------------------------------------
[INFO] BUILD SUCCESS
[INFO] ------------------------------------------------------------------------
[INFO] Total time:  45.201 s
[INFO] Finished at: 2023-01-06T22:36:35Z
[INFO] ------------------------------------------------------------------------
