[INFO] Scanning for projects...
[WARNING] 
[WARNING] Some problems were encountered while building the effective model for org.testingisdocumenting.webtau:webtau-http-groovy:jar:1.50-SNAPSHOT
[WARNING] 'dependencies.dependency.(groupId:artifactId:type:classifier)' must be unique: org.testingisdocumenting.webtau:webtau-data:jar -> duplicate declaration of version ${project.version} @ line 84, column 21
[WARNING] 
[WARNING] It is highly recommended to fix these problems because they threaten the stability of your build.
[WARNING] 
[WARNING] For this reason, future Maven versions might no longer support building such malformed projects.
[WARNING] 
[INFO] Inspecting build with total of 51 modules...
[INFO] Installing Nexus Staging features:
[INFO]   ... total of 51 executions of maven-deploy-plugin replaced with nexus-staging-maven-plugin
[INFO] ------------------------------------------------------------------------
[INFO] Reactor Build Order:
[INFO] 
[INFO] WebTau                                                             [pom]
[INFO] webtau-utils-testing-data                                          [jar]
[INFO] webtau-utils                                                       [jar]
[INFO] webtau-console                                                     [jar]
[INFO] webtau-core                                                        [jar]
[INFO] webtau-groovy-ast                                                  [jar]
[INFO] webtau-core-groovy                                                 [jar]
[INFO] webtau-config                                                      [jar]
[INFO] webtau-reactjs                                                     [jar]
[INFO] webtau-report                                                      [jar]
[INFO] webtau-standalone-runner-groovy                                    [jar]
[INFO] webtau-pdf                                                         [jar]
[INFO] webtau-data                                                        [jar]
[INFO] webtau-db                                                          [jar]
[INFO] webtau-cache                                                       [jar]
[INFO] webtau-browser                                                     [jar]
[INFO] webtau-test-server                                                 [jar]
[INFO] webtau-http                                                        [jar]
[INFO] webtau-http-groovy                                                 [jar]
[INFO] webtau-graphql                                                     [jar]
[INFO] webtau-graphql-groovy                                              [jar]
[INFO] webtau-open-api                                                    [jar]
[INFO] webtau-json-schema                                                 [jar]
[INFO] webtau-filesystem                                                  [jar]
[INFO] webtau-server                                                      [jar]
[INFO] webtau-cli                                                         [jar]
[INFO] webtau-cli-groovy                                                  [jar]
[INFO] webtau-config-groovy                                               [jar]
[INFO] webtau                                                             [jar]
[INFO] webtau-groovy                                                      [jar]
[INFO] Terminal UI                                                        [jar]
[INFO] webtau-repl                                                        [jar]
[INFO] webtau-groovy-app                                                  [jar]
[INFO] webtau-java-runner                                                 [jar]
[INFO] webtau-junit5                                                      [jar]
[INFO] webtau-junit5-groovy                                               [jar]
[INFO] webtau-junit-like-examples-common                                  [jar]
[INFO] webtau-testapp                                                     [jar]
[INFO] webtau-feature-testing                                             [jar]
[INFO] webtau-junit5-examples                                             [jar]
[INFO] webtau-junit4                                                      [jar]
[INFO] webtau-junit4-examples                                             [jar]
[INFO] webtau-maven-plugin                                       [maven-plugin]
[INFO] webtau-report-testing                                              [pom]
[INFO] webtau-maven-plugin-test                                           [jar]
[INFO] webtau-maven-plugin-test-skip                                      [jar]
[INFO] webtau-shaded                                                      [jar]
[INFO] webtau-dist                                                        [pom]
[INFO] webtau-cli-testing                                                 [jar]
[INFO] webtau-docs                                                        [jar]
[INFO] webtau-jacoco-coverage                                             [jar]
[INFO] 
[INFO] -----------< org.testingisdocumenting.webtau:webtau-parent >------------
[INFO] Building WebTau 1.50-SNAPSHOT                                     [1/51]
[INFO] --------------------------------[ pom ]---------------------------------
[INFO] 
[INFO] --- maven-clean-plugin:3.1.0:clean (default-clean) @ webtau-parent ---
[INFO] 
[INFO] -----< org.testingisdocumenting.webtau:webtau-utils-testing-data >------
[INFO] Building webtau-utils-testing-data 1.50-SNAPSHOT                  [2/51]
[INFO] --------------------------------[ jar ]---------------------------------
[INFO] 
[INFO] --- maven-clean-plugin:3.1.0:clean (default-clean) @ webtau-utils-testing-data ---
[INFO] 
[INFO] --- maven-resources-plugin:3.1.0:resources (default-resources) @ webtau-utils-testing-data ---
[INFO] Using 'UTF-8' encoding to copy filtered resources.
[INFO] Copying 1 resource
[INFO] 
[INFO] --- maven-compiler-plugin:3.1:compile (default-compile) @ webtau-utils-testing-data ---
[INFO] No sources to compile
[INFO] 
[INFO] ------------< org.testingisdocumenting.webtau:webtau-utils >------------
[INFO] Building webtau-utils 1.50-SNAPSHOT                               [3/51]
[INFO] --------------------------------[ jar ]---------------------------------
[INFO] 
[INFO] --- maven-clean-plugin:3.1.0:clean (default-clean) @ webtau-utils ---
[INFO] 
[INFO] --- gmavenplus-plugin:1.10.1:addTestSources (default) @ webtau-utils ---
[INFO] Downloading from central: https://repo.maven.apache.org/maven2/org/codehaus/groovy/groovy-groovydoc/3.0.7/groovy-groovydoc-3.0.7.jar
[INFO] Downloading from central: https://repo.maven.apache.org/maven2/org/codehaus/groovy/groovy-docgenerator/3.0.7/groovy-docgenerator-3.0.7.jar
[INFO] Downloaded from central: https://repo.maven.apache.org/maven2/org/codehaus/groovy/groovy-docgenerator/3.0.7/groovy-docgenerator-3.0.7.jar (0 B at 0 B/s)
[INFO] Downloaded from central: https://repo.maven.apache.org/maven2/org/codehaus/groovy/groovy-groovydoc/3.0.7/groovy-groovydoc-3.0.7.jar (0 B at 0 B/s)
[INFO] 
[INFO] --- maven-resources-plugin:3.1.0:resources (default-resources) @ webtau-utils ---
[INFO] Using 'UTF-8' encoding to copy filtered resources.
[INFO] Copying 1 resource
[INFO] 
[INFO] --- maven-compiler-plugin:3.1:compile (default-compile) @ webtau-utils ---
[INFO] Changes detected - recompiling the module!
[INFO] Compiling 17 source files to /home/gabsko/breaking-updates/webtau-utils/target/classes
[INFO] 
[INFO] -----------< org.testingisdocumenting.webtau:webtau-console >-----------
[INFO] Building webtau-console 1.50-SNAPSHOT                             [4/51]
[INFO] --------------------------------[ jar ]---------------------------------
[INFO] 
[INFO] --- maven-clean-plugin:3.1.0:clean (default-clean) @ webtau-console ---
[INFO] 
[INFO] --- gmavenplus-plugin:1.10.1:addTestSources (default) @ webtau-console ---
[INFO] 
[INFO] --- maven-resources-plugin:3.1.0:resources (default-resources) @ webtau-console ---
[INFO] Using 'UTF-8' encoding to copy filtered resources.
[INFO] skip non existing resourceDirectory /home/gabsko/breaking-updates/webtau-console/src/main/resources
[INFO] 
[INFO] --- maven-compiler-plugin:3.1:compile (default-compile) @ webtau-console ---
[INFO] Changes detected - recompiling the module!
[INFO] Compiling 9 source files to /home/gabsko/breaking-updates/webtau-console/target/classes
[INFO] 
[INFO] ------------< org.testingisdocumenting.webtau:webtau-core >-------------
[INFO] Building webtau-core 1.50-SNAPSHOT                                [5/51]
[INFO] --------------------------------[ jar ]---------------------------------
[INFO] 
[INFO] --- maven-clean-plugin:3.1.0:clean (default-clean) @ webtau-core ---
[INFO] 
[INFO] --- gmavenplus-plugin:1.10.1:addTestSources (default) @ webtau-core ---
[INFO] 
[INFO] --- maven-resources-plugin:3.1.0:resources (default-resources) @ webtau-core ---
[INFO] Using 'UTF-8' encoding to copy filtered resources.
[INFO] Copying 10 resources
[INFO] 
[INFO] --- maven-compiler-plugin:3.1:compile (default-compile) @ webtau-core ---
[INFO] Changes detected - recompiling the module!
[INFO] Compiling 168 source files to /home/gabsko/breaking-updates/webtau-core/target/classes
[WARNING] /home/gabsko/breaking-updates/webtau-core/src/main/java/org/testingisdocumenting/webtau/data/table/autogen/TableDataCellValueGenerator.java: /home/gabsko/breaking-updates/webtau-core/src/main/java/org/testingisdocumenting/webtau/data/table/autogen/TableDataCellValueGenerator.java uses unchecked or unsafe operations.
[WARNING] /home/gabsko/breaking-updates/webtau-core/src/main/java/org/testingisdocumenting/webtau/data/table/autogen/TableDataCellValueGenerator.java: Recompile with -Xlint:unchecked for details.
[INFO] 
[INFO] ---------< org.testingisdocumenting.webtau:webtau-groovy-ast >----------
[INFO] Building webtau-groovy-ast 1.50-SNAPSHOT                          [6/51]
[INFO] --------------------------------[ jar ]---------------------------------
[INFO] Downloading from central: https://repo.maven.apache.org/maven2/org/codehaus/groovy/groovy-test/3.0.7/groovy-test-3.0.7.pom
[INFO] Downloaded from central: https://repo.maven.apache.org/maven2/org/codehaus/groovy/groovy-test/3.0.7/groovy-test-3.0.7.pom (0 B at 0 B/s)
[INFO] 
[INFO] --- maven-clean-plugin:3.1.0:clean (default-clean) @ webtau-groovy-ast ---
[INFO] 
[INFO] --- gmavenplus-plugin:1.10.1:addSources (add-sources) @ webtau-groovy-ast ---
[INFO] 
[INFO] --- gmavenplus-plugin:1.10.1:addTestSources (add-sources) @ webtau-groovy-ast ---
[INFO] 
[INFO] --- maven-resources-plugin:3.1.0:resources (default-resources) @ webtau-groovy-ast ---
[INFO] Using 'UTF-8' encoding to copy filtered resources.
[INFO] skip non existing resourceDirectory /home/gabsko/breaking-updates/webtau-groovy-ast/src/main/resources
[INFO] 
[INFO] --- maven-compiler-plugin:3.1:compile (default-compile) @ webtau-groovy-ast ---
[INFO] Nothing to compile - all classes are up to date
[INFO] 
[INFO] --- gmavenplus-plugin:1.10.1:compile (compile) @ webtau-groovy-ast ---
[INFO] Using isolated classloader, without GMavenPlus classpath.
[INFO] Using Groovy 3.0.7 to perform compile.
[INFO] Compiled 3 files.
[INFO] 
[INFO] ---------< org.testingisdocumenting.webtau:webtau-core-groovy >---------
[INFO] Building webtau-core-groovy 1.50-SNAPSHOT                         [7/51]
[INFO] --------------------------------[ jar ]---------------------------------
[INFO] Downloading from central: https://repo.maven.apache.org/maven2/org/codehaus/groovy/groovy-nio/3.0.7/groovy-nio-3.0.7.pom
[INFO] Downloaded from central: https://repo.maven.apache.org/maven2/org/codehaus/groovy/groovy-nio/3.0.7/groovy-nio-3.0.7.pom (0 B at 0 B/s)
[INFO] Downloading from central: https://repo.maven.apache.org/maven2/org/codehaus/groovy/groovy-nio/3.0.7/groovy-nio-3.0.7.jar
[INFO] Downloaded from central: https://repo.maven.apache.org/maven2/org/codehaus/groovy/groovy-nio/3.0.7/groovy-nio-3.0.7.jar (0 B at 0 B/s)
[INFO] 
[INFO] --- maven-clean-plugin:3.1.0:clean (default-clean) @ webtau-core-groovy ---
[INFO] 
[INFO] --- gmavenplus-plugin:1.10.1:addSources (add-sources) @ webtau-core-groovy ---
[INFO] 
[INFO] --- gmavenplus-plugin:1.10.1:addTestSources (add-sources) @ webtau-core-groovy ---
[INFO] 
[INFO] --- maven-resources-plugin:3.1.0:resources (default-resources) @ webtau-core-groovy ---
[INFO] Using 'UTF-8' encoding to copy filtered resources.
[INFO] Copying 4 resources
[INFO] 
[INFO] --- maven-compiler-plugin:3.1:compile (default-compile) @ webtau-core-groovy ---
[INFO] Nothing to compile - all classes are up to date
[INFO] 
[INFO] --- gmavenplus-plugin:1.10.1:compile (compile) @ webtau-core-groovy ---
[INFO] Using isolated classloader, without GMavenPlus classpath.
Jan 13, 2023 10:35:33 PM org.codehaus.groovy.runtime.m12n.MetaInfExtensionModule newModule
WARNING: Module [webtau-core-groovy] - Unable to load extension class [org.testingisdocumenting.webtau.data.expectation.ExpectationExtension]
Jan 13, 2023 10:35:33 PM org.codehaus.groovy.runtime.m12n.MetaInfExtensionModule newModule
WARNING: Module [webtau-core-groovy] - Unable to load extension class [org.testingisdocumenting.webtau.data.table.TableDataExtension]
Jan 13, 2023 10:35:33 PM org.codehaus.groovy.runtime.m12n.MetaInfExtensionModule newModule
WARNING: Module [webtau-core-groovy] - Unable to load extension class [org.testingisdocumenting.webtau.data.time.TestTimeExtension]
Jan 13, 2023 10:35:33 PM org.codehaus.groovy.runtime.m12n.MetaInfExtensionModule newModule
WARNING: Module [webtau-core-groovy] - Unable to load extension class [org.testingisdocumenting.webtau.persona.PersonaExtensions]
Jan 13, 2023 10:35:33 PM org.codehaus.groovy.runtime.m12n.MetaInfExtensionModule newModule
WARNING: Module [webtau-core-groovy] - Unable to load extension class [org.testingisdocumenting.webtau.WebTauCoreExtensions]
Jan 13, 2023 10:35:33 PM org.codehaus.groovy.runtime.m12n.MetaInfExtensionModule newModule
WARNING: Module [webtau-core-groovy] - Unable to load extension class [org.testingisdocumenting.webtau.data.expectation.DummyStaticExtension]
[INFO] Using Groovy 3.0.7 to perform compile.
[INFO] Compiled 29 files.
[INFO] 
[INFO] -----------< org.testingisdocumenting.webtau:webtau-config >------------
[INFO] Building webtau-config 1.50-SNAPSHOT                              [8/51]
[INFO] --------------------------------[ jar ]---------------------------------
[INFO] 
[INFO] --- maven-clean-plugin:3.1.0:clean (default-clean) @ webtau-config ---
[INFO] 
[INFO] --- gmavenplus-plugin:1.10.1:addTestSources (default) @ webtau-config ---
[INFO] 
[INFO] --- maven-resources-plugin:3.1.0:resources (default-resources) @ webtau-config ---
[INFO] Using 'UTF-8' encoding to copy filtered resources.
[INFO] skip non existing resourceDirectory /home/gabsko/breaking-updates/webtau-config/src/main/resources
[INFO] 
[INFO] --- maven-compiler-plugin:3.1:compile (default-compile) @ webtau-config ---
[INFO] Changes detected - recompiling the module!
[INFO] Compiling 4 source files to /home/gabsko/breaking-updates/webtau-config/target/classes
[INFO] 
[INFO] -----------< org.testingisdocumenting.webtau:webtau-reactjs >-----------
[INFO] Building webtau-reactjs 1.50-SNAPSHOT                             [9/51]
[INFO] --------------------------------[ jar ]---------------------------------
[INFO] 
[INFO] --- maven-clean-plugin:3.1.0:clean (default-clean) @ webtau-reactjs ---
[INFO] 
[INFO] --- frontend-maven-plugin:1.12.1:install-node-and-npm (Install Node) @ webtau-reactjs ---
[INFO] Installing node version v12.16.3
[INFO] Downloading https://nodejs.org/dist/v12.16.3/node-v12.16.3-linux-x64.tar.gz to /home/gabsko/.m2/repository/com/github/eirslett/node/12.16.3/node-12.16.3-linux-x64.tar.gz
[INFO] No proxies configured
[INFO] No proxy was configured, downloading directly
[INFO] Unpacking /home/gabsko/.m2/repository/com/github/eirslett/node/12.16.3/node-12.16.3-linux-x64.tar.gz into /home/gabsko/breaking-updates/webtau-reactjs/.mvn/node/tmp
[INFO] Copying node binary from /home/gabsko/breaking-updates/webtau-reactjs/.mvn/node/tmp/node-v12.16.3-linux-x64/bin/node to /home/gabsko/breaking-updates/webtau-reactjs/.mvn/node/node
[INFO] Extracting NPM
[INFO] Installed node locally.
[INFO] 
[INFO] --- frontend-maven-plugin:1.12.1:npm (npm install) @ webtau-reactjs ---
[INFO] Running 'npm install' in /home/gabsko/breaking-updates/webtau-reactjs/src
[INFO] 
[INFO] > core-js@2.6.9 postinstall /home/gabsko/breaking-updates/webtau-reactjs/node_modules/core-js
[INFO] > node scripts/postinstall || echo "ignore"
[INFO] 
[INFO] [96mThank you for using core-js ([94m https://github.com/zloirock/core-js [96m) for polyfilling JavaScript standard library![0m
[INFO] 
[INFO] [96mThe project needs your help! Please consider supporting of core-js on Open Collective or Patreon: [0m
[INFO] [96m>[94m https://opencollective.com/core-js [0m
[INFO] [96m>[94m https://www.patreon.com/zloirock [0m
[INFO] 
[INFO] [96mAlso, the author of core-js ([94m https://github.com/zloirock [96m) is looking for a good job -)[0m
[INFO] 
[INFO] 
[INFO] > core-js-pure@3.10.0 postinstall /home/gabsko/breaking-updates/webtau-reactjs/node_modules/core-js-pure
[INFO] > node -e "try{require('./postinstall')}catch(e){}"
[INFO] 
[INFO] [96mThank you for using core-js ([94m https://github.com/zloirock/core-js [96m) for polyfilling JavaScript standard library![0m
[INFO] 
[INFO] [96mThe project needs your help! Please consider supporting of core-js on Open Collective or Patreon: [0m
[INFO] [96m>[94m https://opencollective.com/core-js [0m
[INFO] [96m>[94m https://www.patreon.com/zloirock [0m
[INFO] 
[INFO] [96mAlso, the author of core-js ([94m https://github.com/zloirock [96m) is looking for a good job -)[0m
[INFO] 
[INFO] 
[INFO] > ejs@2.7.4 postinstall /home/gabsko/breaking-updates/webtau-reactjs/node_modules/ejs
[INFO] > node ./postinstall.js
[INFO] 
[INFO] Thank you for installing [35mEJS[0m: built with the [32mJake[0m JavaScript build tool ([32mhttps://jakejs.com/[0m)
[INFO] 
[INFO] 
[INFO] > core-js@3.10.0 postinstall /home/gabsko/breaking-updates/webtau-reactjs/node_modules/react-app-polyfill/node_modules/core-js
[INFO] > node -e "try{require('./postinstall')}catch(e){}"
[INFO] 
[INFO] [96mThank you for using core-js ([94m https://github.com/zloirock/core-js [96m) for polyfilling JavaScript standard library![0m
[INFO] 
[INFO] [96mThe project needs your help! Please consider supporting of core-js on Open Collective or Patreon: [0m
[INFO] [96m>[94m https://opencollective.com/core-js [0m
[INFO] [96m>[94m https://www.patreon.com/zloirock [0m
[INFO] 
[INFO] [96mAlso, the author of core-js ([94m https://github.com/zloirock [96m) is looking for a good job -)[0m
[INFO] 
[INFO] npm WARN optional SKIPPING OPTIONAL DEPENDENCY: fsevents@1.2.13 (node_modules/webpack-dev-server/node_modules/fsevents):
[INFO] npm WARN notsup SKIPPING OPTIONAL DEPENDENCY: Unsupported platform for fsevents@1.2.13: wanted {"os":"darwin","arch":"any"} (current: {"os":"linux","arch":"x64"})
[INFO] npm WARN optional SKIPPING OPTIONAL DEPENDENCY: fsevents@1.2.13 (node_modules/watchpack-chokidar2/node_modules/fsevents):
[INFO] npm WARN notsup SKIPPING OPTIONAL DEPENDENCY: Unsupported platform for fsevents@1.2.13: wanted {"os":"darwin","arch":"any"} (current: {"os":"linux","arch":"x64"})
[INFO] npm WARN optional SKIPPING OPTIONAL DEPENDENCY: fsevents@2.3.2 (node_modules/fsevents):
[INFO] npm WARN notsup SKIPPING OPTIONAL DEPENDENCY: Unsupported platform for fsevents@2.3.2: wanted {"os":"darwin","arch":"any"} (current: {"os":"linux","arch":"x64"})
[INFO] 
[INFO] added 1967 packages from 804 contributors and audited 1974 packages in 18.054s
[INFO] 
[INFO] 135 packages are looking for funding
[INFO]   run `npm fund` for details
[INFO] 
[INFO] found 207 vulnerabilities (15 low, 57 moderate, 106 high, 29 critical)
[INFO]   run `npm audit fix` to fix them, or `npm audit` for details
[INFO] 
[INFO] --- frontend-maven-plugin:1.12.1:npm (Frontend production build) @ webtau-reactjs ---
[INFO] Running 'npm run build' in /home/gabsko/breaking-updates/webtau-reactjs/src
[INFO] 
[INFO] > webtau-reactjs@0.1.0 build /home/gabsko/breaking-updates/webtau-reactjs
[INFO] > react-scripts build
[INFO] 
[INFO] Creating an optimized production build...
[INFO] Browserslist: caniuse-lite is outdated. Please run:
[INFO] npx browserslist@latest --update-db
[INFO] 
[INFO] Why you should do it regularly:
[INFO] https://github.com/browserslist/browserslist#browsers-data-updating
[INFO] Compiled successfully.
[INFO] 
[INFO] File sizes after gzip:
[INFO] 
[INFO]   117.35 KB  build/static/js/2.575f6dc1.chunk.js
[INFO]   15.48 KB   build/static/js/main.af4212bf.chunk.js
[INFO]   5.04 KB    build/static/css/main.3ae5080a.chunk.css
[INFO]   1.13 KB    build/static/css/2.325b76bb.chunk.css
[INFO]   778 B      build/static/js/runtime-main.de477512.js
[INFO] 
[INFO] The project was built assuming it is hosted at /.
[INFO] You can control this with the homepage field in your package.json.
[INFO] 
[INFO] The build folder is ready to be deployed.
[INFO] You may serve it with a static server:
[INFO] 
[INFO]   npm install -g serve
[INFO]   serve -s build
[INFO] 
[INFO] Find out more about deployment here:
[INFO] 
[INFO]   https://cra.link/deployment
[INFO] 
[INFO] 
[INFO] --- maven-antrun-plugin:1.8:run (package-react-bundle) @ webtau-reactjs ---
[INFO] Executing tasks

copy-react-bundle:
     [copy] Copying 11 files to /home/gabsko/breaking-updates/webtau-reactjs/target/classes/static
     [copy] Copying /home/gabsko/breaking-updates/webtau-reactjs/build/static/css/2.325b76bb.chunk.css to /home/gabsko/breaking-updates/webtau-reactjs/target/classes/static/css/2.325b76bb.chunk.css
     [copy] Copying /home/gabsko/breaking-updates/webtau-reactjs/build/static/css/2.325b76bb.chunk.css.map to /home/gabsko/breaking-updates/webtau-reactjs/target/classes/static/css/2.325b76bb.chunk.css.map
     [copy] Copying /home/gabsko/breaking-updates/webtau-reactjs/build/static/css/main.3ae5080a.chunk.css to /home/gabsko/breaking-updates/webtau-reactjs/target/classes/static/css/main.3ae5080a.chunk.css
     [copy] Copying /home/gabsko/breaking-updates/webtau-reactjs/build/static/css/main.3ae5080a.chunk.css.map to /home/gabsko/breaking-updates/webtau-reactjs/target/classes/static/css/main.3ae5080a.chunk.css.map
     [copy] Copying /home/gabsko/breaking-updates/webtau-reactjs/build/static/js/2.575f6dc1.chunk.js to /home/gabsko/breaking-updates/webtau-reactjs/target/classes/static/js/2.575f6dc1.chunk.js
     [copy] Copying /home/gabsko/breaking-updates/webtau-reactjs/build/static/js/2.575f6dc1.chunk.js.LICENSE.txt to /home/gabsko/breaking-updates/webtau-reactjs/target/classes/static/js/2.575f6dc1.chunk.js.LICENSE.txt
     [copy] Copying /home/gabsko/breaking-updates/webtau-reactjs/build/static/js/2.575f6dc1.chunk.js.map to /home/gabsko/breaking-updates/webtau-reactjs/target/classes/static/js/2.575f6dc1.chunk.js.map
     [copy] Copying /home/gabsko/breaking-updates/webtau-reactjs/build/static/js/main.af4212bf.chunk.js to /home/gabsko/breaking-updates/webtau-reactjs/target/classes/static/js/main.af4212bf.chunk.js
     [copy] Copying /home/gabsko/breaking-updates/webtau-reactjs/build/static/js/main.af4212bf.chunk.js.map to /home/gabsko/breaking-updates/webtau-reactjs/target/classes/static/js/main.af4212bf.chunk.js.map
     [copy] Copying /home/gabsko/breaking-updates/webtau-reactjs/build/static/js/runtime-main.de477512.js to /home/gabsko/breaking-updates/webtau-reactjs/target/classes/static/js/runtime-main.de477512.js
     [copy] Copying /home/gabsko/breaking-updates/webtau-reactjs/build/static/js/runtime-main.de477512.js.map to /home/gabsko/breaking-updates/webtau-reactjs/target/classes/static/js/runtime-main.de477512.js.map
     [copy] Copying 1 file to /home/gabsko/breaking-updates/webtau-reactjs/target/classes
     [copy] Copying /home/gabsko/breaking-updates/webtau-reactjs/build/asset-manifest.json to /home/gabsko/breaking-updates/webtau-reactjs/target/classes/asset-manifest.json
     [copy] Copying 1 file to /home/gabsko/breaking-updates/webtau-reactjs/target/classes
[INFO] Executed tasks
[INFO] 
[INFO] --- maven-resources-plugin:3.1.0:resources (default-resources) @ webtau-reactjs ---
[INFO] Using 'UTF-8' encoding to copy filtered resources.
[INFO] skip non existing resourceDirectory /home/gabsko/breaking-updates/webtau-reactjs/src/main/resources
[INFO] 
[INFO] --- maven-compiler-plugin:3.1:compile (default-compile) @ webtau-reactjs ---
[INFO] No sources to compile
[INFO] 
[INFO] -----------< org.testingisdocumenting.webtau:webtau-report >------------
[INFO] Building webtau-report 1.50-SNAPSHOT                             [10/51]
[INFO] --------------------------------[ jar ]---------------------------------
[INFO] 
[INFO] --- maven-clean-plugin:3.1.0:clean (default-clean) @ webtau-report ---
[INFO] 
[INFO] --- gmavenplus-plugin:1.10.1:addSources (default) @ webtau-report ---
[INFO] 
[INFO] --- gmavenplus-plugin:1.10.1:addTestSources (default) @ webtau-report ---
[INFO] 
[INFO] --- maven-resources-plugin:3.1.0:resources (default-resources) @ webtau-report ---
[INFO] Using 'UTF-8' encoding to copy filtered resources.
[INFO] Copying 2 resources
[INFO] 
[INFO] --- maven-compiler-plugin:3.1:compile (default-compile) @ webtau-report ---
[INFO] Changes detected - recompiling the module!
[INFO] Compiling 13 source files to /home/gabsko/breaking-updates/webtau-report/target/classes
[INFO] 
[INFO] --- gmavenplus-plugin:1.10.1:compile (default) @ webtau-report ---
[INFO] No sources specified for compilation. Skipping.
[INFO] 
[INFO] --< org.testingisdocumenting.webtau:webtau-standalone-runner-groovy >---
[INFO] Building webtau-standalone-runner-groovy 1.50-SNAPSHOT           [11/51]
[INFO] --------------------------------[ jar ]---------------------------------
[INFO] 
[INFO] --- maven-clean-plugin:3.1.0:clean (default-clean) @ webtau-standalone-runner-groovy ---
[INFO] 
[INFO] --- gmavenplus-plugin:1.10.1:addSources (add-sources) @ webtau-standalone-runner-groovy ---
[INFO] 
[INFO] --- gmavenplus-plugin:1.10.1:addTestSources (add-sources) @ webtau-standalone-runner-groovy ---
[INFO] 
[INFO] --- maven-resources-plugin:3.1.0:resources (default-resources) @ webtau-standalone-runner-groovy ---
[INFO] Using 'UTF-8' encoding to copy filtered resources.
[INFO] skip non existing resourceDirectory /home/gabsko/breaking-updates/webtau-standalone-runner-groovy/src/main/resources
[INFO] 
[INFO] --- maven-compiler-plugin:3.1:compile (default-compile) @ webtau-standalone-runner-groovy ---
[INFO] Nothing to compile - all classes are up to date
[INFO] 
[INFO] --- gmavenplus-plugin:1.10.1:compile (compile) @ webtau-standalone-runner-groovy ---
[INFO] Using isolated classloader, without GMavenPlus classpath.
[INFO] Using Groovy 3.0.7 to perform compile.
[INFO] Compiled 34 files.
[INFO] 
[INFO] -------------< org.testingisdocumenting.webtau:webtau-pdf >-------------
[INFO] Building webtau-pdf 1.50-SNAPSHOT                                [12/51]
[INFO] --------------------------------[ jar ]---------------------------------
[INFO] 
[INFO] --- maven-clean-plugin:3.1.0:clean (default-clean) @ webtau-pdf ---
[INFO] 
[INFO] --- gmavenplus-plugin:1.10.1:addTestSources (default) @ webtau-pdf ---
[INFO] 
[INFO] --- maven-resources-plugin:3.1.0:resources (default-resources) @ webtau-pdf ---
[INFO] Using 'UTF-8' encoding to copy filtered resources.
[INFO] Copying 2 resources
[INFO] 
[INFO] --- maven-compiler-plugin:3.1:compile (default-compile) @ webtau-pdf ---
[INFO] Changes detected - recompiling the module!
[INFO] Compiling 4 source files to /home/gabsko/breaking-updates/webtau-pdf/target/classes
[INFO] 
[INFO] ------------< org.testingisdocumenting.webtau:webtau-data >-------------
[INFO] Building webtau-data 1.50-SNAPSHOT                               [13/51]
[INFO] --------------------------------[ jar ]---------------------------------
[INFO] 
[INFO] --- maven-clean-plugin:3.1.0:clean (default-clean) @ webtau-data ---
[INFO] 
[INFO] --- gmavenplus-plugin:1.10.1:addTestSources (default) @ webtau-data ---
[INFO] 
[INFO] --- maven-resources-plugin:3.1.0:resources (default-resources) @ webtau-data ---
[INFO] Using 'UTF-8' encoding to copy filtered resources.
[INFO] skip non existing resourceDirectory /home/gabsko/breaking-updates/webtau-data/src/main/resources
[INFO] 
[INFO] --- maven-compiler-plugin:3.1:compile (default-compile) @ webtau-data ---
[INFO] Changes detected - recompiling the module!
[INFO] Compiling 8 source files to /home/gabsko/breaking-updates/webtau-data/target/classes
[INFO] 
[INFO] -------------< org.testingisdocumenting.webtau:webtau-db >--------------
[INFO] Building webtau-db 1.50-SNAPSHOT                                 [14/51]
[INFO] --------------------------------[ jar ]---------------------------------
[INFO] Downloading from central: https://repo.maven.apache.org/maven2/commons-dbutils/commons-dbutils/1.7/commons-dbutils-1.7.pom
[INFO] Downloaded from central: https://repo.maven.apache.org/maven2/commons-dbutils/commons-dbutils/1.7/commons-dbutils-1.7.pom (10 kB at 305 kB/s)
[INFO] Downloading from central: https://repo.maven.apache.org/maven2/commons-dbutils/commons-dbutils/1.7/commons-dbutils-1.7.jar
[INFO] Downloaded from central: https://repo.maven.apache.org/maven2/commons-dbutils/commons-dbutils/1.7/commons-dbutils-1.7.jar (97 kB at 4.9 MB/s)
[INFO] 
[INFO] --- maven-clean-plugin:3.1.0:clean (default-clean) @ webtau-db ---
[INFO] 
[INFO] --- gmavenplus-plugin:1.10.1:addTestSources (default) @ webtau-db ---
[INFO] 
[INFO] --- maven-resources-plugin:3.1.0:resources (default-resources) @ webtau-db ---
[INFO] Using 'UTF-8' encoding to copy filtered resources.
[INFO] Copying 3 resources
[INFO] 
[INFO] --- maven-compiler-plugin:3.1:compile (default-compile) @ webtau-db ---
[INFO] Changes detected - recompiling the module!
[INFO] Compiling 15 source files to /home/gabsko/breaking-updates/webtau-db/target/classes
[INFO] 
[INFO] ------------< org.testingisdocumenting.webtau:webtau-cache >------------
[INFO] Building webtau-cache 1.50-SNAPSHOT                              [15/51]
[INFO] --------------------------------[ jar ]---------------------------------
[INFO] 
[INFO] --- maven-clean-plugin:3.1.0:clean (default-clean) @ webtau-cache ---
[INFO] 
[INFO] --- gmavenplus-plugin:1.10.1:addTestSources (default) @ webtau-cache ---
[INFO] 
[INFO] --- maven-resources-plugin:3.1.0:resources (default-resources) @ webtau-cache ---
[INFO] Using 'UTF-8' encoding to copy filtered resources.
[INFO] skip non existing resourceDirectory /home/gabsko/breaking-updates/webtau-cache/src/main/resources
[INFO] 
[INFO] --- maven-compiler-plugin:3.1:compile (default-compile) @ webtau-cache ---
[INFO] Changes detected - recompiling the module!
[INFO] Compiling 4 source files to /home/gabsko/breaking-updates/webtau-cache/target/classes
[INFO] 
[INFO] -----------< org.testingisdocumenting.webtau:webtau-browser >-----------
[INFO] Building webtau-browser 1.50-SNAPSHOT                            [16/51]
[INFO] --------------------------------[ jar ]---------------------------------
[INFO] Downloading from central: https://repo.maven.apache.org/maven2/io/github/bonigarcia/webdrivermanager/5.1.1/webdrivermanager-5.1.1.pom
[INFO] Downloaded from central: https://repo.maven.apache.org/maven2/io/github/bonigarcia/webdrivermanager/5.1.1/webdrivermanager-5.1.1.pom (20 kB at 1.8 MB/s)
[INFO] Downloading from central: https://repo.maven.apache.org/maven2/com/github/docker-java/docker-java/docker-java/3.2.13/docker-java-3.2.13.pom
[WARNING] The POM for com.github.docker-java.docker-java:docker-java:jar:3.2.13 is missing, no dependency information available
[INFO] Downloading from central: https://repo.maven.apache.org/maven2/com/github/docker-java/docker-java/docker-java-api/3.2.13/docker-java-api-3.2.13.pom
[WARNING] The POM for com.github.docker-java.docker-java:docker-java-api:jar:3.2.13 is missing, no dependency information available
[INFO] Downloading from central: https://repo.maven.apache.org/maven2/com/github/docker-java/docker-java/docker-java-core/3.2.13/docker-java-core-3.2.13.pom
[WARNING] The POM for com.github.docker-java.docker-java:docker-java-core:jar:3.2.13 is missing, no dependency information available
[INFO] Downloading from central: https://repo.maven.apache.org/maven2/com/github/docker-java/docker-java/docker-java-transport/3.2.13/docker-java-transport-3.2.13.pom
[WARNING] The POM for com.github.docker-java.docker-java:docker-java-transport:jar:3.2.13 is missing, no dependency information available
[INFO] Downloading from central: https://repo.maven.apache.org/maven2/com/github/docker-java/docker-java/docker-java-transport-httpclient5/3.2.13/docker-java-transport-httpclient5-3.2.13.pom
[WARNING] The POM for com.github.docker-java.docker-java:docker-java-transport-httpclient5:jar:3.2.13 is missing, no dependency information available
[INFO] Downloading from central: https://repo.maven.apache.org/maven2/com/github/docker-java/docker-java/docker-java-transport-jersey/3.2.13/docker-java-transport-jersey-3.2.13.pom
[WARNING] The POM for com.github.docker-java.docker-java:docker-java-transport-jersey:jar:3.2.13 is missing, no dependency information available
[INFO] Downloading from central: https://repo.maven.apache.org/maven2/com/github/docker-java/docker-java/docker-java-transport-netty/3.2.13/docker-java-transport-netty-3.2.13.pom
[WARNING] The POM for com.github.docker-java.docker-java:docker-java-transport-netty:jar:3.2.13 is missing, no dependency information available
[INFO] Downloading from central: https://repo.maven.apache.org/maven2/com/github/docker-java/docker-java/docker-java-transport-okhttp/3.2.13/docker-java-transport-okhttp-3.2.13.pom
[WARNING] The POM for com.github.docker-java.docker-java:docker-java-transport-okhttp:jar:3.2.13 is missing, no dependency information available
[INFO] Downloading from central: https://repo.maven.apache.org/maven2/com/github/docker-java/docker-java/docker-java-transport-tck/3.2.13/docker-java-transport-tck-3.2.13.pom
[WARNING] The POM for com.github.docker-java.docker-java:docker-java-transport-tck:jar:3.2.13 is missing, no dependency information available
[INFO] Downloading from central: https://repo.maven.apache.org/maven2/com/github/docker-java/docker-java/docker-java-transport-zerodep/3.2.13/docker-java-transport-zerodep-3.2.13.pom
[WARNING] The POM for com.github.docker-java.docker-java:docker-java-transport-zerodep:jar:3.2.13 is missing, no dependency information available
[INFO] Downloading from central: https://repo.maven.apache.org/maven2/io/github/bonigarcia/webdrivermanager/5.1.1/webdrivermanager-5.1.1.jar
[INFO] Downloading from central: https://repo.maven.apache.org/maven2/com/github/docker-java/docker-java/docker-java/3.2.13/docker-java-3.2.13.jar
[INFO] Downloading from central: https://repo.maven.apache.org/maven2/com/github/docker-java/docker-java/docker-java-api/3.2.13/docker-java-api-3.2.13.jar
[INFO] Downloading from central: https://repo.maven.apache.org/maven2/com/github/docker-java/docker-java/docker-java-core/3.2.13/docker-java-core-3.2.13.jar
[INFO] Downloading from central: https://repo.maven.apache.org/maven2/com/github/docker-java/docker-java/docker-java-transport/3.2.13/docker-java-transport-3.2.13.jar
[INFO] Downloaded from central: https://repo.maven.apache.org/maven2/io/github/bonigarcia/webdrivermanager/5.1.1/webdrivermanager-5.1.1.jar (162 kB at 3.6 MB/s)
[INFO] Downloading from central: https://repo.maven.apache.org/maven2/com/github/docker-java/docker-java/docker-java-transport-httpclient5/3.2.13/docker-java-transport-httpclient5-3.2.13.jar
[INFO] Downloading from central: https://repo.maven.apache.org/maven2/com/github/docker-java/docker-java/docker-java-transport-jersey/3.2.13/docker-java-transport-jersey-3.2.13.jar
[INFO] Downloading from central: https://repo.maven.apache.org/maven2/com/github/docker-java/docker-java/docker-java-transport-netty/3.2.13/docker-java-transport-netty-3.2.13.jar
[INFO] Downloading from central: https://repo.maven.apache.org/maven2/com/github/docker-java/docker-java/docker-java-transport-okhttp/3.2.13/docker-java-transport-okhttp-3.2.13.jar
[INFO] Downloading from central: https://repo.maven.apache.org/maven2/com/github/docker-java/docker-java/docker-java-transport-tck/3.2.13/docker-java-transport-tck-3.2.13.jar
[INFO] Downloading from central: https://repo.maven.apache.org/maven2/com/github/docker-java/docker-java/docker-java-transport-zerodep/3.2.13/docker-java-transport-zerodep-3.2.13.jar
[INFO] ------------------------------------------------------------------------
[INFO] Reactor Summary for WebTau 1.50-SNAPSHOT:
[INFO] 
[INFO] WebTau ............................................. SUCCESS [  0.093 s]
[INFO] webtau-utils-testing-data .......................... SUCCESS [  0.168 s]
[INFO] webtau-utils ....................................... SUCCESS [  1.282 s]
[INFO] webtau-console ..................................... SUCCESS [  0.101 s]
[INFO] webtau-core ........................................ SUCCESS [  0.831 s]
[INFO] webtau-groovy-ast .................................. SUCCESS [  1.138 s]
[INFO] webtau-core-groovy ................................. SUCCESS [  0.969 s]
[INFO] webtau-config ...................................... SUCCESS [  0.114 s]
[INFO] webtau-reactjs ..................................... SUCCESS [ 49.470 s]
[INFO] webtau-report ...................................... SUCCESS [  0.126 s]
[INFO] webtau-standalone-runner-groovy .................... SUCCESS [  0.975 s]
[INFO] webtau-pdf ......................................... SUCCESS [  0.066 s]
[INFO] webtau-data ........................................ SUCCESS [  0.072 s]
[INFO] webtau-db .......................................... SUCCESS [  0.168 s]
[INFO] webtau-cache ....................................... SUCCESS [  0.059 s]
[INFO] webtau-browser ..................................... FAILURE [  0.873 s]
[INFO] webtau-test-server ................................. SKIPPED
[INFO] webtau-http ........................................ SKIPPED
[INFO] webtau-http-groovy ................................. SKIPPED
[INFO] webtau-graphql ..................................... SKIPPED
[INFO] webtau-graphql-groovy .............................. SKIPPED
[INFO] webtau-open-api .................................... SKIPPED
[INFO] webtau-json-schema ................................. SKIPPED
[INFO] webtau-filesystem .................................. SKIPPED
[INFO] webtau-server ...................................... SKIPPED
[INFO] webtau-cli ......................................... SKIPPED
[INFO] webtau-cli-groovy .................................. SKIPPED
[INFO] webtau-config-groovy ............................... SKIPPED
[INFO] webtau ............................................. SKIPPED
[INFO] webtau-groovy ...................................... SKIPPED
[INFO] Terminal UI ........................................ SKIPPED
[INFO] webtau-repl ........................................ SKIPPED
[INFO] webtau-groovy-app .................................. SKIPPED
[INFO] webtau-java-runner ................................. SKIPPED
[INFO] webtau-junit5 ...................................... SKIPPED
[INFO] webtau-junit5-groovy ............................... SKIPPED
[INFO] webtau-junit-like-examples-common .................. SKIPPED
[INFO] webtau-testapp ..................................... SKIPPED
[INFO] webtau-feature-testing ............................. SKIPPED
[INFO] webtau-junit5-examples ............................. SKIPPED
[INFO] webtau-junit4 ...................................... SKIPPED
[INFO] webtau-junit4-examples ............................. SKIPPED
[INFO] webtau-maven-plugin ................................ SKIPPED
[INFO] webtau-report-testing .............................. SKIPPED
[INFO] webtau-maven-plugin-test ........................... SKIPPED
[INFO] webtau-maven-plugin-test-skip ...................... SKIPPED
[INFO] webtau-shaded ...................................... SKIPPED
[INFO] webtau-dist ........................................ SKIPPED
[INFO] webtau-cli-testing ................................. SKIPPED
[INFO] webtau-docs ........................................ SKIPPED
[INFO] webtau-jacoco-coverage ............................. SKIPPED
[INFO] ------------------------------------------------------------------------
[INFO] BUILD FAILURE
[INFO] ------------------------------------------------------------------------
[INFO] Total time:  57.265 s
[INFO] Finished at: 2023-01-13T22:36:26Z
[INFO] ------------------------------------------------------------------------
[ERROR] Failed to execute goal on project webtau-browser: Could not resolve dependencies for project org.testingisdocumenting.webtau:webtau-browser:jar:1.50-SNAPSHOT: The following artifacts could not be resolved: com.github.docker-java.docker-java:docker-java:jar:3.2.13, com.github.docker-java.docker-java:docker-java-api:jar:3.2.13, com.github.docker-java.docker-java:docker-java-core:jar:3.2.13, com.github.docker-java.docker-java:docker-java-transport:jar:3.2.13, com.github.docker-java.docker-java:docker-java-transport-httpclient5:jar:3.2.13, com.github.docker-java.docker-java:docker-java-transport-jersey:jar:3.2.13, com.github.docker-java.docker-java:docker-java-transport-netty:jar:3.2.13, com.github.docker-java.docker-java:docker-java-transport-okhttp:jar:3.2.13, com.github.docker-java.docker-java:docker-java-transport-tck:jar:3.2.13, com.github.docker-java.docker-java:docker-java-transport-zerodep:jar:3.2.13: Could not find artifact com.github.docker-java.docker-java:docker-java:jar:3.2.13 in central (https://repo.maven.apache.org/maven2) -> [Help 1]
[ERROR] 
[ERROR] To see the full stack trace of the errors, re-run Maven with the -e switch.
[ERROR] Re-run Maven using the -X switch to enable full debug logging.
[ERROR] 
[ERROR] For more information about the errors and possible solutions, please read the following articles:
[ERROR] [Help 1] http://cwiki.apache.org/confluence/display/MAVEN/DependencyResolutionException
[ERROR] 
[ERROR] After correcting the problems, you can resume the build with the command
[ERROR]   mvn <args> -rf :webtau-browser
