[INFO] Scanning for projects...
[INFO] Inspecting build with total of 8 modules...
[INFO] Installing Nexus Staging features:
[INFO]   ... total of 8 executions of maven-deploy-plugin replaced with nexus-staging-maven-plugin
[INFO] ------------------------------------------------------------------------
[INFO] Reactor Build Order:
[INFO] 
[INFO] PrimeFaces Parent                                                  [pom]
[INFO] PrimeFaces                                                         [jar]
[INFO] PrimeFaces Showcase                                                [war]
[INFO] PrimeFaces Selenium                                                [pom]
[INFO] PrimeFaces Selenium - Core                                         [jar]
[INFO] PrimeFaces Selenium - Components                                   [jar]
[INFO] PrimeFaces Integration Tests                                       [war]
[INFO] PrimeFaces CLI                                                     [jar]
[INFO] 
[INFO] ------------------< org.primefaces:primefaces-parent >------------------
[INFO] Building PrimeFaces Parent 12.0.0-SNAPSHOT                         [1/8]
[INFO] --------------------------------[ pom ]---------------------------------
[INFO] 
[INFO] --- maven-clean-plugin:2.5:clean (default-clean) @ primefaces-parent ---
[INFO] 
[INFO] --- maven-checkstyle-plugin:3.1.2:check (checkstyle) @ primefaces-parent ---
[INFO] Starting audit...
Audit done.
[INFO] You have 0 Checkstyle violations.
[INFO] 
[INFO] --- maven-checkstyle-plugin:3.1.2:check (checkstyle-tests) @ primefaces-parent ---
[INFO] Starting audit...
Audit done.
[INFO] You have 0 Checkstyle violations.
[INFO] 
[INFO] ---------------------< org.primefaces:primefaces >----------------------
[INFO] Building PrimeFaces 12.0.0-SNAPSHOT                                [2/8]
[INFO] --------------------------------[ jar ]---------------------------------
[INFO] Downloading from central: https://repo.maven.apache.org/maven2/com/github/librepdf/openpdf/1.3.27/openpdf-1.3.27.pom
[INFO] Downloaded from central: https://repo.maven.apache.org/maven2/com/github/librepdf/openpdf/1.3.27/openpdf-1.3.27.pom (0 B at 0 B/s)
[INFO] Downloading from central: https://repo.maven.apache.org/maven2/com/github/librepdf/openpdf-parent/1.3.27/openpdf-parent-1.3.27.pom
[INFO] Downloaded from central: https://repo.maven.apache.org/maven2/com/github/librepdf/openpdf-parent/1.3.27/openpdf-parent-1.3.27.pom (0 B at 0 B/s)
[INFO] Downloading from central: https://repo.maven.apache.org/maven2/org/apache/tomcat/tomcat-jasper-el/9.0.62/tomcat-jasper-el-9.0.62.pom
[INFO] Downloaded from central: https://repo.maven.apache.org/maven2/org/apache/tomcat/tomcat-jasper-el/9.0.62/tomcat-jasper-el-9.0.62.pom (1.7 kB at 66 kB/s)
[INFO] Downloading from central: https://repo.maven.apache.org/maven2/org/apache/tomcat/tomcat-el-api/9.0.62/tomcat-el-api-9.0.62.pom
[INFO] Downloaded from central: https://repo.maven.apache.org/maven2/org/apache/tomcat/tomcat-el-api/9.0.62/tomcat-el-api-9.0.62.pom (1.5 kB at 68 kB/s)
[INFO] Downloading from central: https://repo.maven.apache.org/maven2/com/hazelcast/hazelcast/5.1.1/hazelcast-5.1.1.pom
[INFO] Downloaded from central: https://repo.maven.apache.org/maven2/com/hazelcast/hazelcast/5.1.1/hazelcast-5.1.1.pom (38 kB at 1.3 MB/s)
[INFO] Downloading from central: https://repo.maven.apache.org/maven2/com/hazelcast/hazelcast-root/5.1.1/hazelcast-root-5.1.1.pom
[INFO] Downloaded from central: https://repo.maven.apache.org/maven2/com/hazelcast/hazelcast-root/5.1.1/hazelcast-root-5.1.1.pom (91 kB at 5.0 MB/s)
[INFO] Downloading from central: https://repo.maven.apache.org/maven2/com/github/librepdf/openpdf/1.3.27/openpdf-1.3.27.jar
[INFO] Downloading from central: https://repo.maven.apache.org/maven2/org/apache/tomcat/tomcat-el-api/9.0.62/tomcat-el-api-9.0.62.jar
[INFO] Downloading from central: https://repo.maven.apache.org/maven2/org/apache/tomcat/tomcat-jasper-el/9.0.62/tomcat-jasper-el-9.0.62.jar
[INFO] Downloading from central: https://repo.maven.apache.org/maven2/com/hazelcast/hazelcast/5.1.1/hazelcast-5.1.1.jar
[INFO] Downloaded from central: https://repo.maven.apache.org/maven2/com/github/librepdf/openpdf/1.3.27/openpdf-1.3.27.jar (0 B at 0 B/s)
[INFO] Downloaded from central: https://repo.maven.apache.org/maven2/org/apache/tomcat/tomcat-el-api/9.0.62/tomcat-el-api-9.0.62.jar (89 kB at 2.3 MB/s)
[INFO] Downloaded from central: https://repo.maven.apache.org/maven2/org/apache/tomcat/tomcat-jasper-el/9.0.62/tomcat-jasper-el-9.0.62.jar (172 kB at 2.9 MB/s)
[INFO] Downloaded from central: https://repo.maven.apache.org/maven2/com/hazelcast/hazelcast/5.1.1/hazelcast-5.1.1.jar (15 MB at 31 MB/s)
[INFO] 
[INFO] --- maven-clean-plugin:3.2.0:clean (default-clean) @ primefaces ---
[INFO] 
[INFO] --- build-helper-maven-plugin:3.3.0:parse-version (parse-version) @ primefaces ---
[INFO] 
[INFO] --- maven-checkstyle-plugin:3.1.2:check (checkstyle) @ primefaces ---
[INFO] Starting audit...
Audit done.
[INFO] You have 0 Checkstyle violations.
[INFO] 
[INFO] --- maven-checkstyle-plugin:3.1.2:check (checkstyle-tests) @ primefaces ---
[INFO] Starting audit...
Audit done.
[INFO] You have 0 Checkstyle violations.
[INFO] 
[INFO] --- license-maven-plugin:2.0.0:add-third-party (add-third-party) @ primefaces ---
[INFO] Writing third-party file to /home/gabsko/breaking-updates/primefaces/target/classes/META-INF/licenses/THIRD-PARTY.txt
[INFO] 
[INFO] --- maven-resources-plugin:3.2.0:resources (default-resources) @ primefaces ---
[INFO] Using 'UTF-8' encoding to copy filtered resources.
[INFO] Using 'UTF-8' encoding to copy filtered properties files.
[INFO] Copying 428 resources
[INFO] Copying 1 resource
[INFO] 
[INFO] --- maven-compiler-plugin:3.10.1:compile (default-compile) @ primefaces ---
[INFO] Changes detected - recompiling the module!
[INFO] Compiling 1195 source files to /home/gabsko/breaking-updates/primefaces/target/classes
[WARNING] bootstrap class path not set in conjunction with -source 8
[INFO] /home/gabsko/breaking-updates/primefaces/src/main/java/org/primefaces/cache/EHCache3Provider.java: Some input files use unchecked or unsafe operations.
[INFO] /home/gabsko/breaking-updates/primefaces/src/main/java/org/primefaces/cache/EHCache3Provider.java: Recompile with -Xlint:unchecked for details.
[INFO] 
[INFO] -----------------< org.primefaces:primefaces-showcase >-----------------
[INFO] Building PrimeFaces Showcase 12.0.0-SNAPSHOT                       [3/8]
[INFO] --------------------------------[ war ]---------------------------------
[INFO] Downloading from primefaces: https://repository.primefaces.org/net/sf/barcode4j/barcode4j-light/2.1/barcode4j-light-2.1.pom
[WARNING] Could not validate integrity of download from https://repository.primefaces.org/net/sf/barcode4j/barcode4j-light/2.1/barcode4j-light-2.1.pom
org.eclipse.aether.transfer.ChecksumFailureException: Checksum validation failed, no checksums available
    at org.eclipse.aether.internal.impl.AbstractChecksumPolicy.onNoMoreChecksums (AbstractChecksumPolicy.java:64)
    at org.eclipse.aether.connector.basic.ChecksumValidator.validate (ChecksumValidator.java:107)
    at org.eclipse.aether.connector.basic.BasicRepositoryConnector$GetTaskRunner.runTask (BasicRepositoryConnector.java:460)
    at org.eclipse.aether.connector.basic.BasicRepositoryConnector$TaskRunner.run (BasicRepositoryConnector.java:364)
    at org.eclipse.aether.util.concurrency.RunnableErrorForwarder$1.run (RunnableErrorForwarder.java:75)
    at org.eclipse.aether.connector.basic.BasicRepositoryConnector$DirectExecutor.execute (BasicRepositoryConnector.java:628)
    at org.eclipse.aether.connector.basic.BasicRepositoryConnector.get (BasicRepositoryConnector.java:262)
    at org.eclipse.aether.internal.impl.DefaultArtifactResolver.performDownloads (DefaultArtifactResolver.java:514)
    at org.eclipse.aether.internal.impl.DefaultArtifactResolver.resolve (DefaultArtifactResolver.java:402)
    at org.eclipse.aether.internal.impl.DefaultArtifactResolver.resolveArtifacts (DefaultArtifactResolver.java:229)
    at org.eclipse.aether.internal.impl.DefaultArtifactResolver.resolveArtifact (DefaultArtifactResolver.java:207)
    at org.apache.maven.repository.internal.DefaultArtifactDescriptorReader.loadPom (DefaultArtifactDescriptorReader.java:240)
    at org.apache.maven.repository.internal.DefaultArtifactDescriptorReader.readArtifactDescriptor (DefaultArtifactDescriptorReader.java:171)
    at org.eclipse.aether.internal.impl.collect.DefaultDependencyCollector.resolveCachedArtifactDescriptor (DefaultDependencyCollector.java:538)
    at org.eclipse.aether.internal.impl.collect.DefaultDependencyCollector.getArtifactDescriptorResult (DefaultDependencyCollector.java:523)
    at org.eclipse.aether.internal.impl.collect.DefaultDependencyCollector.processDependency (DefaultDependencyCollector.java:410)
    at org.eclipse.aether.internal.impl.collect.DefaultDependencyCollector.processDependency (DefaultDependencyCollector.java:362)
    at org.eclipse.aether.internal.impl.collect.DefaultDependencyCollector.process (DefaultDependencyCollector.java:349)
    at org.eclipse.aether.internal.impl.collect.DefaultDependencyCollector.collectDependencies (DefaultDependencyCollector.java:254)
    at org.eclipse.aether.internal.impl.DefaultRepositorySystem.collectDependencies (DefaultRepositorySystem.java:284)
    at org.apache.maven.project.DefaultProjectDependenciesResolver.resolve (DefaultProjectDependenciesResolver.java:170)
    at org.apache.maven.lifecycle.internal.LifecycleDependencyResolver.getDependencies (LifecycleDependencyResolver.java:243)
    at org.apache.maven.lifecycle.internal.LifecycleDependencyResolver.resolveProjectDependencies (LifecycleDependencyResolver.java:147)
    at org.apache.maven.lifecycle.internal.MojoExecutor.ensureDependenciesAreResolved (MojoExecutor.java:401)
    at org.apache.maven.lifecycle.internal.MojoExecutor.doExecute (MojoExecutor.java:347)
    at org.apache.maven.lifecycle.internal.MojoExecutor.execute (MojoExecutor.java:215)
    at org.apache.maven.lifecycle.internal.MojoExecutor.execute (MojoExecutor.java:171)
    at org.apache.maven.lifecycle.internal.MojoExecutor.execute (MojoExecutor.java:163)
    at org.apache.maven.lifecycle.internal.LifecycleModuleBuilder.buildProject (LifecycleModuleBuilder.java:117)
    at org.apache.maven.lifecycle.internal.LifecycleModuleBuilder.buildProject (LifecycleModuleBuilder.java:81)
    at org.apache.maven.lifecycle.internal.builder.singlethreaded.SingleThreadedBuilder.build (SingleThreadedBuilder.java:56)
    at org.apache.maven.lifecycle.internal.LifecycleStarter.execute (LifecycleStarter.java:128)
    at org.apache.maven.DefaultMaven.doExecute (DefaultMaven.java:294)
    at org.apache.maven.DefaultMaven.doExecute (DefaultMaven.java:192)
    at org.apache.maven.DefaultMaven.execute (DefaultMaven.java:105)
    at org.apache.maven.cli.MavenCli.execute (MavenCli.java:960)
    at org.apache.maven.cli.MavenCli.doMain (MavenCli.java:293)
    at org.apache.maven.cli.MavenCli.main (MavenCli.java:196)
    at jdk.internal.reflect.NativeMethodAccessorImpl.invoke0 (Native Method)
    at jdk.internal.reflect.NativeMethodAccessorImpl.invoke (NativeMethodAccessorImpl.java:62)
    at jdk.internal.reflect.DelegatingMethodAccessorImpl.invoke (DelegatingMethodAccessorImpl.java:43)
    at java.lang.reflect.Method.invoke (Method.java:566)
    at org.codehaus.plexus.classworlds.launcher.Launcher.launchEnhanced (Launcher.java:282)
    at org.codehaus.plexus.classworlds.launcher.Launcher.launch (Launcher.java:225)
    at org.codehaus.plexus.classworlds.launcher.Launcher.mainWithExitCode (Launcher.java:406)
    at org.codehaus.plexus.classworlds.launcher.Launcher.main (Launcher.java:347)
[WARNING] Checksum validation failed, no checksums available from primefaces for https://repository.primefaces.org/net/sf/barcode4j/barcode4j-light/2.1/barcode4j-light-2.1.pom
[INFO] Downloaded from primefaces: https://repository.primefaces.org/net/sf/barcode4j/barcode4j-light/2.1/barcode4j-light-2.1.pom (473 B at 1.8 kB/s)
[INFO] Downloading from primefaces: https://repository.primefaces.org/net/sf/barcode4j/barcode4j-light/2.1/barcode4j-light-2.1.jar
[WARNING] Could not validate integrity of download from https://repository.primefaces.org/net/sf/barcode4j/barcode4j-light/2.1/barcode4j-light-2.1.jar
org.eclipse.aether.transfer.ChecksumFailureException: Checksum validation failed, no checksums available
    at org.eclipse.aether.internal.impl.AbstractChecksumPolicy.onNoMoreChecksums (AbstractChecksumPolicy.java:64)
    at org.eclipse.aether.connector.basic.ChecksumValidator.validate (ChecksumValidator.java:107)
    at org.eclipse.aether.connector.basic.BasicRepositoryConnector$GetTaskRunner.runTask (BasicRepositoryConnector.java:460)
    at org.eclipse.aether.connector.basic.BasicRepositoryConnector$TaskRunner.run (BasicRepositoryConnector.java:364)
    at org.eclipse.aether.util.concurrency.RunnableErrorForwarder$1.run (RunnableErrorForwarder.java:75)
    at org.eclipse.aether.connector.basic.BasicRepositoryConnector$DirectExecutor.execute (BasicRepositoryConnector.java:628)
    at org.eclipse.aether.connector.basic.BasicRepositoryConnector.get (BasicRepositoryConnector.java:262)
    at org.eclipse.aether.internal.impl.DefaultArtifactResolver.performDownloads (DefaultArtifactResolver.java:514)
    at org.eclipse.aether.internal.impl.DefaultArtifactResolver.resolve (DefaultArtifactResolver.java:402)
    at org.eclipse.aether.internal.impl.DefaultArtifactResolver.resolveArtifacts (DefaultArtifactResolver.java:229)
    at org.eclipse.aether.internal.impl.DefaultRepositorySystem.resolveDependencies (DefaultRepositorySystem.java:340)
    at org.apache.maven.project.DefaultProjectDependenciesResolver.resolve (DefaultProjectDependenciesResolver.java:207)
    at org.apache.maven.lifecycle.internal.LifecycleDependencyResolver.getDependencies (LifecycleDependencyResolver.java:243)
    at org.apache.maven.lifecycle.internal.LifecycleDependencyResolver.resolveProjectDependencies (LifecycleDependencyResolver.java:147)
    at org.apache.maven.lifecycle.internal.MojoExecutor.ensureDependenciesAreResolved (MojoExecutor.java:401)
    at org.apache.maven.lifecycle.internal.MojoExecutor.doExecute (MojoExecutor.java:347)
    at org.apache.maven.lifecycle.internal.MojoExecutor.execute (MojoExecutor.java:215)
    at org.apache.maven.lifecycle.internal.MojoExecutor.execute (MojoExecutor.java:171)
    at org.apache.maven.lifecycle.internal.MojoExecutor.execute (MojoExecutor.java:163)
    at org.apache.maven.lifecycle.internal.LifecycleModuleBuilder.buildProject (LifecycleModuleBuilder.java:117)
    at org.apache.maven.lifecycle.internal.LifecycleModuleBuilder.buildProject (LifecycleModuleBuilder.java:81)
    at org.apache.maven.lifecycle.internal.builder.singlethreaded.SingleThreadedBuilder.build (SingleThreadedBuilder.java:56)
    at org.apache.maven.lifecycle.internal.LifecycleStarter.execute (LifecycleStarter.java:128)
    at org.apache.maven.DefaultMaven.doExecute (DefaultMaven.java:294)
    at org.apache.maven.DefaultMaven.doExecute (DefaultMaven.java:192)
    at org.apache.maven.DefaultMaven.execute (DefaultMaven.java:105)
    at org.apache.maven.cli.MavenCli.execute (MavenCli.java:960)
    at org.apache.maven.cli.MavenCli.doMain (MavenCli.java:293)
    at org.apache.maven.cli.MavenCli.main (MavenCli.java:196)
    at jdk.internal.reflect.NativeMethodAccessorImpl.invoke0 (Native Method)
    at jdk.internal.reflect.NativeMethodAccessorImpl.invoke (NativeMethodAccessorImpl.java:62)
    at jdk.internal.reflect.DelegatingMethodAccessorImpl.invoke (DelegatingMethodAccessorImpl.java:43)
    at java.lang.reflect.Method.invoke (Method.java:566)
    at org.codehaus.plexus.classworlds.launcher.Launcher.launchEnhanced (Launcher.java:282)
    at org.codehaus.plexus.classworlds.launcher.Launcher.launch (Launcher.java:225)
    at org.codehaus.plexus.classworlds.launcher.Launcher.mainWithExitCode (Launcher.java:406)
    at org.codehaus.plexus.classworlds.launcher.Launcher.main (Launcher.java:347)
[WARNING] Checksum validation failed, no checksums available from primefaces for https://repository.primefaces.org/net/sf/barcode4j/barcode4j-light/2.1/barcode4j-light-2.1.jar
[INFO] Downloaded from primefaces: https://repository.primefaces.org/net/sf/barcode4j/barcode4j-light/2.1/barcode4j-light-2.1.jar (231 kB at 1.1 MB/s)
[INFO] 
[INFO] --- maven-clean-plugin:2.5:clean (default-clean) @ primefaces-showcase ---
[INFO] 
[INFO] --- maven-checkstyle-plugin:3.1.2:check (checkstyle) @ primefaces-showcase ---
[INFO] Starting audit...
Audit done.
[INFO] You have 0 Checkstyle violations.
[INFO] 
[INFO] --- maven-checkstyle-plugin:3.1.2:check (checkstyle-tests) @ primefaces-showcase ---
[INFO] Starting audit...
Audit done.
[INFO] You have 0 Checkstyle violations.
[INFO] 
[INFO] --- sass-maven-plugin:3.7.2:update-stylesheets (default) @ primefaces-showcase ---
[INFO] Checked 20 files for /home/gabsko/breaking-updates/primefaces-showcase/src/main/webapp/resources/showcase/css
[INFO] Checked 3 filtered (**/*.css) files for /home/gabsko/breaking-updates/primefaces-showcase/src/main/webapp/resources/showcase/css
[INFO] Skip compiling Sass templates, no changes.
[INFO] 
[INFO] --- maven-resources-plugin:3.2.0:resources (default-resources) @ primefaces-showcase ---
[INFO] Using 'UTF-8' encoding to copy filtered resources.
[INFO] Using 'UTF-8' encoding to copy filtered properties files.
[INFO] Copying 10 resources
[INFO] Copying 1 resource to /home/gabsko/breaking-updates/primefaces-showcase/target
[INFO] 
[INFO] --- maven-compiler-plugin:3.10.1:compile (default-compile) @ primefaces-showcase ---
[INFO] Changes detected - recompiling the module!
[INFO] Compiling 236 source files to /home/gabsko/breaking-updates/primefaces-showcase/target/classes
[WARNING] bootstrap class path not set in conjunction with -source 8
[INFO] /home/gabsko/breaking-updates/primefaces-showcase/src/main/java/org/primefaces/showcase/service/DocumentService.java: Some input files use unchecked or unsafe operations.
[INFO] /home/gabsko/breaking-updates/primefaces-showcase/src/main/java/org/primefaces/showcase/service/DocumentService.java: Recompile with -Xlint:unchecked for details.
[INFO] 
[INFO] -----------------< org.primefaces:primefaces-selenium >-----------------
[INFO] Building PrimeFaces Selenium 12.0.0-SNAPSHOT                       [4/8]
[INFO] --------------------------------[ pom ]---------------------------------
[INFO] 
[INFO] --- maven-clean-plugin:2.5:clean (default-clean) @ primefaces-selenium ---
[INFO] 
[INFO] --- maven-checkstyle-plugin:3.1.2:check (checkstyle) @ primefaces-selenium ---
[INFO] Starting audit...
Audit done.
[INFO] You have 0 Checkstyle violations.
[INFO] 
[INFO] --- maven-checkstyle-plugin:3.1.2:check (checkstyle-tests) @ primefaces-selenium ---
[INFO] Starting audit...
Audit done.
[INFO] You have 0 Checkstyle violations.
[INFO] 
[INFO] --------------< org.primefaces:primefaces-selenium-core >---------------
[INFO] Building PrimeFaces Selenium - Core 12.0.0-SNAPSHOT                [5/8]
[INFO] --------------------------------[ jar ]---------------------------------
[INFO] Downloading from central: https://repo.maven.apache.org/maven2/com/github/docker-java/docker-java/docker-java/3.2.13/docker-java-3.2.13.pom
[WARNING] The POM for com.github.docker-java.docker-java:docker-java:jar:3.2.13 is missing, no dependency information available
[INFO] Downloading from central: https://repo.maven.apache.org/maven2/com/github/docker-java/docker-java/docker-java-api/3.2.13/docker-java-api-3.2.13.pom
[WARNING] The POM for com.github.docker-java.docker-java:docker-java-api:jar:3.2.13 is missing, no dependency information available
[INFO] Downloading from central: https://repo.maven.apache.org/maven2/com/github/docker-java/docker-java/docker-java-core/3.2.13/docker-java-core-3.2.13.pom
[WARNING] The POM for com.github.docker-java.docker-java:docker-java-core:jar:3.2.13 is missing, no dependency information available
[INFO] Downloading from central: https://repo.maven.apache.org/maven2/com/github/docker-java/docker-java/docker-java-transport/3.2.13/docker-java-transport-3.2.13.pom
[WARNING] The POM for com.github.docker-java.docker-java:docker-java-transport:jar:3.2.13 is missing, no dependency information available
[INFO] Downloading from central: https://repo.maven.apache.org/maven2/com/github/docker-java/docker-java/docker-java-transport-httpclient5/3.2.13/docker-java-transport-httpclient5-3.2.13.pom
[WARNING] The POM for com.github.docker-java.docker-java:docker-java-transport-httpclient5:jar:3.2.13 is missing, no dependency information available
[INFO] Downloading from central: https://repo.maven.apache.org/maven2/com/github/docker-java/docker-java/docker-java-transport-jersey/3.2.13/docker-java-transport-jersey-3.2.13.pom
[WARNING] The POM for com.github.docker-java.docker-java:docker-java-transport-jersey:jar:3.2.13 is missing, no dependency information available
[INFO] Downloading from central: https://repo.maven.apache.org/maven2/com/github/docker-java/docker-java/docker-java-transport-netty/3.2.13/docker-java-transport-netty-3.2.13.pom
[WARNING] The POM for com.github.docker-java.docker-java:docker-java-transport-netty:jar:3.2.13 is missing, no dependency information available
[INFO] Downloading from central: https://repo.maven.apache.org/maven2/com/github/docker-java/docker-java/docker-java-transport-okhttp/3.2.13/docker-java-transport-okhttp-3.2.13.pom
[WARNING] The POM for com.github.docker-java.docker-java:docker-java-transport-okhttp:jar:3.2.13 is missing, no dependency information available
[INFO] Downloading from central: https://repo.maven.apache.org/maven2/com/github/docker-java/docker-java/docker-java-transport-tck/3.2.13/docker-java-transport-tck-3.2.13.pom
[WARNING] The POM for com.github.docker-java.docker-java:docker-java-transport-tck:jar:3.2.13 is missing, no dependency information available
[INFO] Downloading from central: https://repo.maven.apache.org/maven2/com/github/docker-java/docker-java/docker-java-transport-zerodep/3.2.13/docker-java-transport-zerodep-3.2.13.pom
[WARNING] The POM for com.github.docker-java.docker-java:docker-java-transport-zerodep:jar:3.2.13 is missing, no dependency information available
[INFO] Downloading from central: https://repo.maven.apache.org/maven2/org/seleniumhq/selenium/selenium-api/4.1.3/selenium-api-4.1.3.jar
[INFO] Downloading from central: https://repo.maven.apache.org/maven2/org/seleniumhq/selenium/selenium-java/4.1.3/selenium-java-4.1.3.jar
[INFO] Downloading from central: https://repo.maven.apache.org/maven2/org/seleniumhq/selenium/selenium-chrome-driver/4.1.3/selenium-chrome-driver-4.1.3.jar
[INFO] Downloading from central: https://repo.maven.apache.org/maven2/org/seleniumhq/selenium/selenium-json/4.1.3/selenium-json-4.1.3.jar
[INFO] Downloading from central: https://repo.maven.apache.org/maven2/org/seleniumhq/selenium/selenium-chromium-driver/4.1.3/selenium-chromium-driver-4.1.3.jar
[INFO] Downloaded from central: https://repo.maven.apache.org/maven2/org/seleniumhq/selenium/selenium-api/4.1.3/selenium-api-4.1.3.jar (0 B at 0 B/s)
[INFO] Downloading from central: https://repo.maven.apache.org/maven2/org/seleniumhq/selenium/selenium-devtools-v85/4.1.3/selenium-devtools-v85-4.1.3.jar
[INFO] Downloaded from central: https://repo.maven.apache.org/maven2/org/seleniumhq/selenium/selenium-java/4.1.3/selenium-java-4.1.3.jar (0 B at 0 B/s)
[INFO] Downloading from central: https://repo.maven.apache.org/maven2/org/seleniumhq/selenium/selenium-devtools-v97/4.1.3/selenium-devtools-v97-4.1.3.jar
[INFO] Downloaded from central: https://repo.maven.apache.org/maven2/org/seleniumhq/selenium/selenium-devtools-v85/4.1.3/selenium-devtools-v85-4.1.3.jar (0 B at 0 B/s)
[INFO] Downloading from central: https://repo.maven.apache.org/maven2/org/seleniumhq/selenium/selenium-devtools-v98/4.1.3/selenium-devtools-v98-4.1.3.jar
[INFO] Downloaded from central: https://repo.maven.apache.org/maven2/org/seleniumhq/selenium/selenium-chrome-driver/4.1.3/selenium-chrome-driver-4.1.3.jar (0 B at 0 B/s)
[INFO] Downloading from central: https://repo.maven.apache.org/maven2/org/seleniumhq/selenium/selenium-devtools-v99/4.1.3/selenium-devtools-v99-4.1.3.jar
[INFO] Downloaded from central: https://repo.maven.apache.org/maven2/org/seleniumhq/selenium/selenium-devtools-v97/4.1.3/selenium-devtools-v97-4.1.3.jar (0 B at 0 B/s)
[INFO] Downloading from central: https://repo.maven.apache.org/maven2/org/seleniumhq/selenium/selenium-edge-driver/4.1.3/selenium-edge-driver-4.1.3.jar
[INFO] Downloaded from central: https://repo.maven.apache.org/maven2/org/seleniumhq/selenium/selenium-json/4.1.3/selenium-json-4.1.3.jar (0 B at 0 B/s)
[INFO] Downloading from central: https://repo.maven.apache.org/maven2/org/seleniumhq/selenium/selenium-firefox-driver/4.1.3/selenium-firefox-driver-4.1.3.jar
[INFO] Downloaded from central: https://repo.maven.apache.org/maven2/org/seleniumhq/selenium/selenium-edge-driver/4.1.3/selenium-edge-driver-4.1.3.jar (0 B at 0 B/s)
[INFO] Downloaded from central: https://repo.maven.apache.org/maven2/org/seleniumhq/selenium/selenium-firefox-driver/4.1.3/selenium-firefox-driver-4.1.3.jar (0 B at 0 B/s)
[INFO] Downloaded from central: https://repo.maven.apache.org/maven2/org/seleniumhq/selenium/selenium-devtools-v98/4.1.3/selenium-devtools-v98-4.1.3.jar (0 B at 0 B/s)
[INFO] Downloading from central: https://repo.maven.apache.org/maven2/org/seleniumhq/selenium/selenium-opera-driver/4.1.3/selenium-opera-driver-4.1.3.jar
[INFO] Downloaded from central: https://repo.maven.apache.org/maven2/org/seleniumhq/selenium/selenium-devtools-v99/4.1.3/selenium-devtools-v99-4.1.3.jar (0 B at 0 B/s)
[INFO] Downloading from central: https://repo.maven.apache.org/maven2/org/seleniumhq/selenium/selenium-remote-driver/4.1.3/selenium-remote-driver-4.1.3.jar
[INFO] Downloading from central: https://repo.maven.apache.org/maven2/io/netty/netty-transport-native-kqueue/4.1.75.Final/netty-transport-native-kqueue-4.1.75.Final.jar
[INFO] Downloading from central: https://repo.maven.apache.org/maven2/org/seleniumhq/selenium/selenium-ie-driver/4.1.3/selenium-ie-driver-4.1.3.jar
[INFO] Downloaded from central: https://repo.maven.apache.org/maven2/org/seleniumhq/selenium/selenium-opera-driver/4.1.3/selenium-opera-driver-4.1.3.jar (0 B at 0 B/s)
[INFO] Downloading from central: https://repo.maven.apache.org/maven2/org/seleniumhq/selenium/selenium-http/4.1.3/selenium-http-4.1.3.jar
[INFO] Downloaded from central: https://repo.maven.apache.org/maven2/org/seleniumhq/selenium/selenium-chromium-driver/4.1.3/selenium-chromium-driver-4.1.3.jar (0 B at 0 B/s)
[INFO] Downloading from central: https://repo.maven.apache.org/maven2/org/seleniumhq/selenium/selenium-safari-driver/4.1.3/selenium-safari-driver-4.1.3.jar
[INFO] Downloaded from central: https://repo.maven.apache.org/maven2/org/seleniumhq/selenium/selenium-remote-driver/4.1.3/selenium-remote-driver-4.1.3.jar (0 B at 0 B/s)
[INFO] Downloading from central: https://repo.maven.apache.org/maven2/org/seleniumhq/selenium/selenium-support/4.1.3/selenium-support-4.1.3.jar
[INFO] Downloaded from central: https://repo.maven.apache.org/maven2/org/seleniumhq/selenium/selenium-http/4.1.3/selenium-http-4.1.3.jar (0 B at 0 B/s)
[INFO] Downloading from central: https://repo.maven.apache.org/maven2/com/github/docker-java/docker-java/docker-java/3.2.13/docker-java-3.2.13.jar
[INFO] Downloaded from central: https://repo.maven.apache.org/maven2/org/seleniumhq/selenium/selenium-safari-driver/4.1.3/selenium-safari-driver-4.1.3.jar (0 B at 0 B/s)
[INFO] Downloading from central: https://repo.maven.apache.org/maven2/com/github/docker-java/docker-java/docker-java-api/3.2.13/docker-java-api-3.2.13.jar
[INFO] Downloading from central: https://repo.maven.apache.org/maven2/com/github/docker-java/docker-java/docker-java-core/3.2.13/docker-java-core-3.2.13.jar
[INFO] Downloaded from central: https://repo.maven.apache.org/maven2/org/seleniumhq/selenium/selenium-support/4.1.3/selenium-support-4.1.3.jar (0 B at 0 B/s)
[INFO] Downloading from central: https://repo.maven.apache.org/maven2/com/github/docker-java/docker-java/docker-java-transport/3.2.13/docker-java-transport-3.2.13.jar
[INFO] Downloaded from central: https://repo.maven.apache.org/maven2/org/seleniumhq/selenium/selenium-ie-driver/4.1.3/selenium-ie-driver-4.1.3.jar (0 B at 0 B/s)
[INFO] Downloading from central: https://repo.maven.apache.org/maven2/com/github/docker-java/docker-java/docker-java-transport-httpclient5/3.2.13/docker-java-transport-httpclient5-3.2.13.jar
[INFO] Downloading from central: https://repo.maven.apache.org/maven2/com/github/docker-java/docker-java/docker-java-transport-jersey/3.2.13/docker-java-transport-jersey-3.2.13.jar
[INFO] Downloading from central: https://repo.maven.apache.org/maven2/com/github/docker-java/docker-java/docker-java-transport-netty/3.2.13/docker-java-transport-netty-3.2.13.jar
[INFO] Downloading from central: https://repo.maven.apache.org/maven2/com/github/docker-java/docker-java/docker-java-transport-okhttp/3.2.13/docker-java-transport-okhttp-3.2.13.jar
[INFO] Downloading from central: https://repo.maven.apache.org/maven2/com/github/docker-java/docker-java/docker-java-transport-tck/3.2.13/docker-java-transport-tck-3.2.13.jar
[INFO] Downloading from central: https://repo.maven.apache.org/maven2/com/github/docker-java/docker-java/docker-java-transport-zerodep/3.2.13/docker-java-transport-zerodep-3.2.13.jar
[INFO] Downloaded from central: https://repo.maven.apache.org/maven2/io/netty/netty-transport-native-kqueue/4.1.75.Final/netty-transport-native-kqueue-4.1.75.Final.jar (0 B at 0 B/s)
[INFO] ------------------------------------------------------------------------
[INFO] Reactor Summary for PrimeFaces Parent 12.0.0-SNAPSHOT:
[INFO] 
[INFO] PrimeFaces Parent .................................. SUCCESS [  0.802 s]
[INFO] PrimeFaces ......................................... SUCCESS [ 29.479 s]
[INFO] PrimeFaces Showcase ................................ SUCCESS [  4.766 s]
[INFO] PrimeFaces Selenium ................................ SUCCESS [  0.056 s]
[INFO] PrimeFaces Selenium - Core ......................... FAILURE [  0.391 s]
[INFO] PrimeFaces Selenium - Components ................... SKIPPED
[INFO] PrimeFaces Integration Tests ....................... SKIPPED
[INFO] PrimeFaces CLI ..................................... SKIPPED
[INFO] ------------------------------------------------------------------------
[INFO] BUILD FAILURE
[INFO] ------------------------------------------------------------------------
[INFO] Total time:  36.954 s
[INFO] Finished at: 2023-01-30T17:38:37Z
[INFO] ------------------------------------------------------------------------
[ERROR] Failed to execute goal on project primefaces-selenium-core: Could not resolve dependencies for project org.primefaces:primefaces-selenium-core:jar:12.0.0-SNAPSHOT: The following artifacts could not be resolved: com.github.docker-java.docker-java:docker-java:jar:3.2.13, com.github.docker-java.docker-java:docker-java-api:jar:3.2.13, com.github.docker-java.docker-java:docker-java-core:jar:3.2.13, com.github.docker-java.docker-java:docker-java-transport:jar:3.2.13, com.github.docker-java.docker-java:docker-java-transport-httpclient5:jar:3.2.13, com.github.docker-java.docker-java:docker-java-transport-jersey:jar:3.2.13, com.github.docker-java.docker-java:docker-java-transport-netty:jar:3.2.13, com.github.docker-java.docker-java:docker-java-transport-okhttp:jar:3.2.13, com.github.docker-java.docker-java:docker-java-transport-tck:jar:3.2.13, com.github.docker-java.docker-java:docker-java-transport-zerodep:jar:3.2.13: Could not find artifact com.github.docker-java.docker-java:docker-java:jar:3.2.13 in central (https://repo.maven.apache.org/maven2) -> [Help 1]
[ERROR] 
[ERROR] To see the full stack trace of the errors, re-run Maven with the -e switch.
[ERROR] Re-run Maven using the -X switch to enable full debug logging.
[ERROR] 
[ERROR] For more information about the errors and possible solutions, please read the following articles:
[ERROR] [Help 1] http://cwiki.apache.org/confluence/display/MAVEN/DependencyResolutionException
[ERROR] 
[ERROR] After correcting the problems, you can resume the build with the command
[ERROR]   mvn <args> -rf :primefaces-selenium-core
