[INFO] Scanning for projects...
[WARNING] The project com.github.frameworkium:frameworkium-examples:jar:3 uses prerequisites which is only intended for maven-plugin projects but not for non maven-plugin projects. For such purposes you should use the maven-enforcer-plugin. See https://maven.apache.org/enforcer/enforcer-rules/requireMavenVersion.html
[INFO] 
[INFO] -----------< com.github.frameworkium:frameworkium-examples >------------
[INFO] Building Frameworkium Examples 3
[INFO] --------------------------------[ jar ]---------------------------------
[INFO] 
[INFO] --- maven-clean-plugin:2.5:clean (default-clean) @ frameworkium-examples ---
[INFO] 
[INFO] --- maven-resources-plugin:2.6:resources (default-resources) @ frameworkium-examples ---
[INFO] Using 'UTF-8' encoding to copy filtered resources.
[INFO] skip non existing resourceDirectory /home/gabsko/breaking-updates/src/main/resources
[INFO] 
[INFO] --- maven-compiler-plugin:3.8.1:compile (default-compile) @ frameworkium-examples ---
[INFO] No sources to compile
[INFO] 
[INFO] --- maven-resources-plugin:2.6:testResources (default-testResources) @ frameworkium-examples ---
[INFO] Using 'UTF-8' encoding to copy filtered resources.
[INFO] Copying 3 resources
[INFO] 
[INFO] --- maven-compiler-plugin:3.8.1:testCompile (default-testCompile) @ frameworkium-examples ---
[INFO] Changes detected - recompiling the module!
[INFO] Compiling 90 source files to /home/gabsko/breaking-updates/target/test-classes
[INFO] 
[INFO] --- maven-surefire-plugin:3.0.0-M3:test (default-test) @ frameworkium-examples ---
[INFO] 
[INFO] -------------------------------------------------------
[INFO]  T E S T S
[INFO] -------------------------------------------------------
[INFO] Running TestSuite
09:05:57.587 [TestNG-test=Surefire test-1] INFO  - START tfl.api.test.BikePointsTest.given_lat_long_of_point_point_appears_in_lat_long_search
09:05:58.284 [TestNG-test=Surefire test-1] INFO  - PASS  tfl.api.test.BikePointsTest.given_lat_long_of_point_point_appears_in_lat_long_search
09:05:58.288 [TestNG-test=Surefire test-1] INFO  - START tfl.api.test.BikePointsTest.known_name_exists_in_all_bike_points
09:05:58.291 [TestNG-test=Surefire test-1] INFO  - PASS  tfl.api.test.BikePointsTest.known_name_exists_in_all_bike_points
09:05:58.294 [TestNG-test=Surefire test-1] INFO  - START tfl.api.test.BikePointsTest.there_are_a_lot_of_bike_points
09:05:58.298 [TestNG-test=Surefire test-1] INFO  - PASS  tfl.api.test.BikePointsTest.there_are_a_lot_of_bike_points
09:05:59.002 [TestNG-test=Surefire test-1] INFO  - START restfulbooker.api.tests.BookerTest.auth_token_matches_expected_pattern
09:06:00.279 [TestNG-test=Surefire test-1] INFO  - PASS  restfulbooker.api.tests.BookerTest.auth_token_matches_expected_pattern
09:06:00.280 [TestNG-test=Surefire test-1] INFO  - START restfulbooker.api.tests.BookerTest.create_new_booking
09:06:01.534 [TestNG-test=Surefire test-1] INFO  - PASS  restfulbooker.api.tests.BookerTest.create_new_booking
09:06:01.536 [TestNG-test=Surefire test-1] INFO  - START restfulbooker.api.tests.BookerTest.delete_newly_created_booking
09:06:05.189 [TestNG-test=Surefire test-1] INFO  - PASS  restfulbooker.api.tests.BookerTest.delete_newly_created_booking
09:06:05.279 [TestNG-test=Surefire test-1] INFO  - START angularjs.tests.DocumentationTest.documentationTest
Exception in thread "TestNG-test=Surefire test-1" java.lang.NullPointerException
	at com.frameworkium.core.ui.driver.lifecycle.SingleUseDriverLifecycle.getWebDriver(SingleUseDriverLifecycle.java:35)
	at com.frameworkium.core.ui.UITestLifecycle.getWebDriver(UITestLifecycle.java:138)
	at com.frameworkium.core.ui.listeners.ScreenshotListener.takeScreenshotAndSaveLocally(ScreenshotListener.java:42)
	at com.frameworkium.core.ui.listeners.ScreenshotListener.onTestFailure(ScreenshotListener.java:29)
	at org.testng.internal.TestListenerHelper.runTestListeners(TestListenerHelper.java:96)
	at org.testng.internal.TestInvoker.runTestResultListener(TestInvoker.java:220)
	at org.testng.internal.TestInvoker$MethodInvocationAgent.invoke(TestInvoker.java:832)
	at org.testng.internal.TestInvoker.invokeTestMethods(TestInvoker.java:147)
	at org.testng.internal.TestMethodWorker.invokeTestMethods(TestMethodWorker.java:146)
	at org.testng.internal.TestMethodWorker.run(TestMethodWorker.java:128)
	at java.base/java.util.concurrent.ThreadPoolExecutor.runWorker(ThreadPoolExecutor.java:1128)
	at java.base/java.util.concurrent.ThreadPoolExecutor$Worker.run(ThreadPoolExecutor.java:628)
	at java.base/java.lang.Thread.run(Thread.java:829)
09:06:05.287 [TestNG-test=Surefire test-2] INFO  - START tables.wikipedia.tests.EnglishCountiesTest.exploring_english_counties_data
Exception in thread "TestNG-test=Surefire test-2" java.lang.NullPointerException
	at com.frameworkium.core.ui.driver.lifecycle.SingleUseDriverLifecycle.getWebDriver(SingleUseDriverLifecycle.java:35)
	at com.frameworkium.core.ui.UITestLifecycle.getWebDriver(UITestLifecycle.java:138)
	at com.frameworkium.core.ui.listeners.ScreenshotListener.takeScreenshotAndSaveLocally(ScreenshotListener.java:42)
	at com.frameworkium.core.ui.listeners.ScreenshotListener.onTestFailure(ScreenshotListener.java:29)
	at org.testng.internal.TestListenerHelper.runTestListeners(TestListenerHelper.java:96)
	at org.testng.internal.TestInvoker.runTestResultListener(TestInvoker.java:220)
	at org.testng.internal.TestInvoker$MethodInvocationAgent.invoke(TestInvoker.java:832)
	at org.testng.internal.TestInvoker.invokeTestMethods(TestInvoker.java:147)
	at org.testng.internal.TestMethodWorker.invokeTestMethods(TestMethodWorker.java:146)
	at org.testng.internal.TestMethodWorker.run(TestMethodWorker.java:128)
	at java.base/java.util.concurrent.ThreadPoolExecutor.runWorker(ThreadPoolExecutor.java:1128)
	at java.base/java.util.concurrent.ThreadPoolExecutor$Worker.run(ThreadPoolExecutor.java:628)
	at java.base/java.lang.Thread.run(Thread.java:829)
09:06:05.294 [TestNG-test=Surefire test-3] INFO  - START tfl.api.test.JourneyPlannerTest.journey_planner_london_search_journey_duration
09:06:08.069 [TestNG-test=Surefire test-3] INFO  - PASS  tfl.api.test.JourneyPlannerTest.journey_planner_london_search_journey_duration
09:06:08.074 [TestNG-test=Surefire test-3] INFO  - START tables.wikipedia.tests.LargestMountainTest.exploring_the_highest_mountain_table
Exception in thread "TestNG-test=Surefire test-3" java.lang.NullPointerException
	at com.frameworkium.core.ui.driver.lifecycle.SingleUseDriverLifecycle.getWebDriver(SingleUseDriverLifecycle.java:35)
	at com.frameworkium.core.ui.UITestLifecycle.getWebDriver(UITestLifecycle.java:138)
	at com.frameworkium.core.ui.listeners.ScreenshotListener.takeScreenshotAndSaveLocally(ScreenshotListener.java:42)
	at com.frameworkium.core.ui.listeners.ScreenshotListener.onTestFailure(ScreenshotListener.java:29)
	at org.testng.internal.TestListenerHelper.runTestListeners(TestListenerHelper.java:96)
	at org.testng.internal.TestInvoker.runTestResultListener(TestInvoker.java:220)
	at org.testng.internal.TestInvoker$MethodInvocationAgent.invoke(TestInvoker.java:832)
	at org.testng.internal.TestInvoker.invokeTestMethods(TestInvoker.java:147)
	at org.testng.internal.TestMethodWorker.invokeTestMethods(TestMethodWorker.java:146)
	at org.testng.internal.TestMethodWorker.run(TestMethodWorker.java:128)
	at java.base/java.util.concurrent.ThreadPoolExecutor.runWorker(ThreadPoolExecutor.java:1128)
	at java.base/java.util.concurrent.ThreadPoolExecutor$Worker.run(ThreadPoolExecutor.java:628)
	at java.base/java.lang.Thread.run(Thread.java:829)
09:06:08.076 [TestNG-test=Surefire test-4] INFO  - START restfulbooker.api.tests.SearchBookerTest.search_for_existing_records_by_date
09:06:10.258 [TestNG-test=Surefire test-4] WARN  - SKIP  restfulbooker.api.tests.SearchBookerTest.search_for_existing_records_by_date
09:06:10.259 [TestNG-test=Surefire test-4] WARN  - Known bug in service, dates not inclusive
09:06:10.260 [TestNG-test=Surefire test-4] INFO  - START restfulbooker.api.tests.SearchBookerTest.search_for_existing_records_by_name
09:06:12.440 [TestNG-test=Surefire test-4] INFO  - PASS  restfulbooker.api.tests.SearchBookerTest.search_for_existing_records_by_name
09:06:12.447 [TestNG-test=Surefire test-4] INFO  - START seleniumhq.tests.SeleniumHQTest.component_example_test
Exception in thread "TestNG-test=Surefire test-4" java.lang.NullPointerException
	at com.frameworkium.core.ui.driver.lifecycle.SingleUseDriverLifecycle.getWebDriver(SingleUseDriverLifecycle.java:35)
	at com.frameworkium.core.ui.UITestLifecycle.getWebDriver(UITestLifecycle.java:138)
	at com.frameworkium.core.ui.listeners.ScreenshotListener.takeScreenshotAndSaveLocally(ScreenshotListener.java:42)
	at com.frameworkium.core.ui.listeners.ScreenshotListener.onTestFailure(ScreenshotListener.java:29)
	at org.testng.internal.TestListenerHelper.runTestListeners(TestListenerHelper.java:96)
	at org.testng.internal.TestInvoker.runTestResultListener(TestInvoker.java:220)
	at org.testng.internal.TestInvoker$MethodInvocationAgent.invoke(TestInvoker.java:832)
	at org.testng.internal.TestInvoker.invokeTestMethods(TestInvoker.java:147)
	at org.testng.internal.TestMethodWorker.invokeTestMethods(TestMethodWorker.java:146)
	at org.testng.internal.TestMethodWorker.run(TestMethodWorker.java:128)
	at java.base/java.util.concurrent.ThreadPoolExecutor.runWorker(ThreadPoolExecutor.java:1128)
	at java.base/java.util.concurrent.ThreadPoolExecutor$Worker.run(ThreadPoolExecutor.java:628)
	at java.base/java.lang.Thread.run(Thread.java:829)
09:06:12.462 [TestNG-test=Surefire test-5] INFO  - START theinternet.tests.TheInternetExampleTests.basic_auth
Exception in thread "TestNG-test=Surefire test-5" java.lang.NullPointerException
	at com.frameworkium.core.ui.driver.lifecycle.SingleUseDriverLifecycle.getWebDriver(SingleUseDriverLifecycle.java:35)
	at com.frameworkium.core.ui.UITestLifecycle.getWebDriver(UITestLifecycle.java:138)
	at com.frameworkium.core.ui.listeners.ScreenshotListener.takeScreenshotAndSaveLocally(ScreenshotListener.java:42)
	at com.frameworkium.core.ui.listeners.ScreenshotListener.onTestFailure(ScreenshotListener.java:29)
	at org.testng.internal.TestListenerHelper.runTestListeners(TestListenerHelper.java:96)
	at org.testng.internal.TestInvoker.runTestResultListener(TestInvoker.java:220)
	at org.testng.internal.TestInvoker$MethodInvocationAgent.invoke(TestInvoker.java:832)
	at org.testng.internal.TestInvoker.invokeTestMethods(TestInvoker.java:147)
	at org.testng.internal.TestMethodWorker.invokeTestMethods(TestMethodWorker.java:146)
	at org.testng.internal.TestMethodWorker.run(TestMethodWorker.java:128)
	at java.base/java.util.concurrent.ThreadPoolExecutor.runWorker(ThreadPoolExecutor.java:1128)
	at java.base/java.util.concurrent.ThreadPoolExecutor$Worker.run(ThreadPoolExecutor.java:628)
	at java.base/java.lang.Thread.run(Thread.java:829)
09:06:12.471 [TestNG-test=Surefire test-6] INFO  - START theinternet.tests.TheInternetExampleTests.check_boxes
Exception in thread "TestNG-test=Surefire test-6" java.lang.NullPointerException
	at com.frameworkium.core.ui.driver.lifecycle.SingleUseDriverLifecycle.getWebDriver(SingleUseDriverLifecycle.java:35)
	at com.frameworkium.core.ui.UITestLifecycle.getWebDriver(UITestLifecycle.java:138)
	at com.frameworkium.core.ui.listeners.ScreenshotListener.takeScreenshotAndSaveLocally(ScreenshotListener.java:42)
	at com.frameworkium.core.ui.listeners.ScreenshotListener.onTestFailure(ScreenshotListener.java:29)
	at org.testng.internal.TestListenerHelper.runTestListeners(TestListenerHelper.java:96)
	at org.testng.internal.TestInvoker.runTestResultListener(TestInvoker.java:220)
	at org.testng.internal.TestInvoker$MethodInvocationAgent.invoke(TestInvoker.java:832)
	at org.testng.internal.TestInvoker.invokeTestMethods(TestInvoker.java:147)
	at org.testng.internal.TestMethodWorker.invokeTestMethods(TestMethodWorker.java:146)
	at org.testng.internal.TestMethodWorker.run(TestMethodWorker.java:128)
	at java.base/java.util.concurrent.ThreadPoolExecutor.runWorker(ThreadPoolExecutor.java:1128)
	at java.base/java.util.concurrent.ThreadPoolExecutor$Worker.run(ThreadPoolExecutor.java:628)
	at java.base/java.lang.Thread.run(Thread.java:829)
09:06:12.479 [TestNG-test=Surefire test-7] INFO  - START theinternet.tests.TheInternetExampleTests.drag_and_drop
Exception in thread "TestNG-test=Surefire test-7" java.lang.NullPointerException
	at com.frameworkium.core.ui.driver.lifecycle.SingleUseDriverLifecycle.getWebDriver(SingleUseDriverLifecycle.java:35)
	at com.frameworkium.core.ui.UITestLifecycle.getWebDriver(UITestLifecycle.java:138)
	at com.frameworkium.core.ui.listeners.ScreenshotListener.takeScreenshotAndSaveLocally(ScreenshotListener.java:42)
	at com.frameworkium.core.ui.listeners.ScreenshotListener.onTestFailure(ScreenshotListener.java:29)
	at org.testng.internal.TestListenerHelper.runTestListeners(TestListenerHelper.java:96)
	at org.testng.internal.TestInvoker.runTestResultListener(TestInvoker.java:220)
	at org.testng.internal.TestInvoker$MethodInvocationAgent.invoke(TestInvoker.java:832)
	at org.testng.internal.TestInvoker.invokeTestMethods(TestInvoker.java:147)
	at org.testng.internal.TestMethodWorker.invokeTestMethods(TestMethodWorker.java:146)
	at org.testng.internal.TestMethodWorker.run(TestMethodWorker.java:128)
	at java.base/java.util.concurrent.ThreadPoolExecutor.runWorker(ThreadPoolExecutor.java:1128)
	at java.base/java.util.concurrent.ThreadPoolExecutor$Worker.run(ThreadPoolExecutor.java:628)
	at java.base/java.lang.Thread.run(Thread.java:829)
09:06:12.487 [TestNG-test=Surefire test-8] INFO  - START theinternet.tests.TheInternetExampleTests.dropdown
Exception in thread "TestNG-test=Surefire test-8" java.lang.NullPointerException
	at com.frameworkium.core.ui.driver.lifecycle.SingleUseDriverLifecycle.getWebDriver(SingleUseDriverLifecycle.java:35)
	at com.frameworkium.core.ui.UITestLifecycle.getWebDriver(UITestLifecycle.java:138)
	at com.frameworkium.core.ui.listeners.ScreenshotListener.takeScreenshotAndSaveLocally(ScreenshotListener.java:42)
	at com.frameworkium.core.ui.listeners.ScreenshotListener.onTestFailure(ScreenshotListener.java:29)
	at org.testng.internal.TestListenerHelper.runTestListeners(TestListenerHelper.java:96)
	at org.testng.internal.TestInvoker.runTestResultListener(TestInvoker.java:220)
	at org.testng.internal.TestInvoker$MethodInvocationAgent.invoke(TestInvoker.java:832)
	at org.testng.internal.TestInvoker.invokeTestMethods(TestInvoker.java:147)
	at org.testng.internal.TestMethodWorker.invokeTestMethods(TestMethodWorker.java:146)
	at org.testng.internal.TestMethodWorker.run(TestMethodWorker.java:128)
	at java.base/java.util.concurrent.ThreadPoolExecutor.runWorker(ThreadPoolExecutor.java:1128)
	at java.base/java.util.concurrent.ThreadPoolExecutor$Worker.run(ThreadPoolExecutor.java:628)
	at java.base/java.lang.Thread.run(Thread.java:829)
09:06:12.494 [TestNG-test=Surefire test-9] INFO  - START theinternet.tests.TheInternetExampleTests.dynamic_loading
Exception in thread "TestNG-test=Surefire test-9" java.lang.NullPointerException
	at com.frameworkium.core.ui.driver.lifecycle.SingleUseDriverLifecycle.getWebDriver(SingleUseDriverLifecycle.java:35)
	at com.frameworkium.core.ui.UITestLifecycle.getWebDriver(UITestLifecycle.java:138)
	at com.frameworkium.core.ui.listeners.ScreenshotListener.takeScreenshotAndSaveLocally(ScreenshotListener.java:42)
	at com.frameworkium.core.ui.listeners.ScreenshotListener.onTestFailure(ScreenshotListener.java:29)
	at org.testng.internal.TestListenerHelper.runTestListeners(TestListenerHelper.java:96)
	at org.testng.internal.TestInvoker.runTestResultListener(TestInvoker.java:220)
	at org.testng.internal.TestInvoker$MethodInvocationAgent.invoke(TestInvoker.java:832)
	at org.testng.internal.TestInvoker.invokeTestMethods(TestInvoker.java:147)
	at org.testng.internal.TestMethodWorker.invokeTestMethods(TestMethodWorker.java:146)
	at org.testng.internal.TestMethodWorker.run(TestMethodWorker.java:128)
	at java.base/java.util.concurrent.ThreadPoolExecutor.runWorker(ThreadPoolExecutor.java:1128)
	at java.base/java.util.concurrent.ThreadPoolExecutor$Worker.run(ThreadPoolExecutor.java:628)
	at java.base/java.lang.Thread.run(Thread.java:829)
09:06:12.501 [TestNG-test=Surefire test-10] INFO  - START theinternet.tests.TheInternetExampleTests.file_download
Exception in thread "TestNG-test=Surefire test-10" java.lang.NullPointerException
	at com.frameworkium.core.ui.driver.lifecycle.SingleUseDriverLifecycle.getWebDriver(SingleUseDriverLifecycle.java:35)
	at com.frameworkium.core.ui.UITestLifecycle.getWebDriver(UITestLifecycle.java:138)
	at com.frameworkium.core.ui.listeners.ScreenshotListener.takeScreenshotAndSaveLocally(ScreenshotListener.java:42)
	at com.frameworkium.core.ui.listeners.ScreenshotListener.onTestFailure(ScreenshotListener.java:29)
	at org.testng.internal.TestListenerHelper.runTestListeners(TestListenerHelper.java:96)
	at org.testng.internal.TestInvoker.runTestResultListener(TestInvoker.java:220)
	at org.testng.internal.TestInvoker$MethodInvocationAgent.invoke(TestInvoker.java:832)
	at org.testng.internal.TestInvoker.invokeTestMethods(TestInvoker.java:147)
	at org.testng.internal.TestMethodWorker.invokeTestMethods(TestMethodWorker.java:146)
	at org.testng.internal.TestMethodWorker.run(TestMethodWorker.java:128)
	at java.base/java.util.concurrent.ThreadPoolExecutor.runWorker(ThreadPoolExecutor.java:1128)
	at java.base/java.util.concurrent.ThreadPoolExecutor$Worker.run(ThreadPoolExecutor.java:628)
	at java.base/java.lang.Thread.run(Thread.java:829)
09:06:12.509 [TestNG-test=Surefire test-11] INFO  - START theinternet.tests.TheInternetExampleTests.file_upload
Exception in thread "TestNG-test=Surefire test-11" java.lang.NullPointerException
	at com.frameworkium.core.ui.driver.lifecycle.SingleUseDriverLifecycle.getWebDriver(SingleUseDriverLifecycle.java:35)
	at com.frameworkium.core.ui.UITestLifecycle.getWebDriver(UITestLifecycle.java:138)
	at com.frameworkium.core.ui.listeners.ScreenshotListener.takeScreenshotAndSaveLocally(ScreenshotListener.java:42)
	at com.frameworkium.core.ui.listeners.ScreenshotListener.onTestFailure(ScreenshotListener.java:29)
	at org.testng.internal.TestListenerHelper.runTestListeners(TestListenerHelper.java:96)
	at org.testng.internal.TestInvoker.runTestResultListener(TestInvoker.java:220)
	at org.testng.internal.TestInvoker$MethodInvocationAgent.invoke(TestInvoker.java:832)
	at org.testng.internal.TestInvoker.invokeTestMethods(TestInvoker.java:147)
	at org.testng.internal.TestMethodWorker.invokeTestMethods(TestMethodWorker.java:146)
	at org.testng.internal.TestMethodWorker.run(TestMethodWorker.java:128)
	at java.base/java.util.concurrent.ThreadPoolExecutor.runWorker(ThreadPoolExecutor.java:1128)
	at java.base/java.util.concurrent.ThreadPoolExecutor$Worker.run(ThreadPoolExecutor.java:628)
	at java.base/java.lang.Thread.run(Thread.java:829)
09:06:12.516 [TestNG-test=Surefire test-12] INFO  - START theinternet.tests.TheInternetExampleTests.form_authentication
Exception in thread "TestNG-test=Surefire test-12" java.lang.NullPointerException
	at com.frameworkium.core.ui.driver.lifecycle.SingleUseDriverLifecycle.getWebDriver(SingleUseDriverLifecycle.java:35)
	at com.frameworkium.core.ui.UITestLifecycle.getWebDriver(UITestLifecycle.java:138)
	at com.frameworkium.core.ui.listeners.ScreenshotListener.takeScreenshotAndSaveLocally(ScreenshotListener.java:42)
	at com.frameworkium.core.ui.listeners.ScreenshotListener.onTestFailure(ScreenshotListener.java:29)
	at org.testng.internal.TestListenerHelper.runTestListeners(TestListenerHelper.java:96)
	at org.testng.internal.TestInvoker.runTestResultListener(TestInvoker.java:220)
	at org.testng.internal.TestInvoker$MethodInvocationAgent.invoke(TestInvoker.java:832)
	at org.testng.internal.TestInvoker.invokeTestMethods(TestInvoker.java:147)
	at org.testng.internal.TestMethodWorker.invokeTestMethods(TestMethodWorker.java:146)
	at org.testng.internal.TestMethodWorker.run(TestMethodWorker.java:128)
	at java.base/java.util.concurrent.ThreadPoolExecutor.runWorker(ThreadPoolExecutor.java:1128)
	at java.base/java.util.concurrent.ThreadPoolExecutor$Worker.run(ThreadPoolExecutor.java:628)
	at java.base/java.lang.Thread.run(Thread.java:829)
09:06:12.525 [TestNG-test=Surefire test-13] INFO  - START theinternet.tests.TheInternetExampleTests.hovers
Exception in thread "TestNG-test=Surefire test-13" java.lang.NullPointerException
	at com.frameworkium.core.ui.driver.lifecycle.SingleUseDriverLifecycle.getWebDriver(SingleUseDriverLifecycle.java:35)
	at com.frameworkium.core.ui.UITestLifecycle.getWebDriver(UITestLifecycle.java:138)
	at com.frameworkium.core.ui.listeners.ScreenshotListener.takeScreenshotAndSaveLocally(ScreenshotListener.java:42)
	at com.frameworkium.core.ui.listeners.ScreenshotListener.onTestFailure(ScreenshotListener.java:29)
	at org.testng.internal.TestListenerHelper.runTestListeners(TestListenerHelper.java:96)
	at org.testng.internal.TestInvoker.runTestResultListener(TestInvoker.java:220)
	at org.testng.internal.TestInvoker$MethodInvocationAgent.invoke(TestInvoker.java:832)
	at org.testng.internal.TestInvoker.invokeTestMethods(TestInvoker.java:147)
	at org.testng.internal.TestMethodWorker.invokeTestMethods(TestMethodWorker.java:146)
	at org.testng.internal.TestMethodWorker.run(TestMethodWorker.java:128)
	at java.base/java.util.concurrent.ThreadPoolExecutor.runWorker(ThreadPoolExecutor.java:1128)
	at java.base/java.util.concurrent.ThreadPoolExecutor$Worker.run(ThreadPoolExecutor.java:628)
	at java.base/java.lang.Thread.run(Thread.java:829)
09:06:12.532 [TestNG-test=Surefire test-14] INFO  - START theinternet.tests.TheInternetExampleTests.iframe_test
Exception in thread "TestNG-test=Surefire test-14" java.lang.NullPointerException
	at com.frameworkium.core.ui.driver.lifecycle.SingleUseDriverLifecycle.getWebDriver(SingleUseDriverLifecycle.java:35)
	at com.frameworkium.core.ui.UITestLifecycle.getWebDriver(UITestLifecycle.java:138)
	at com.frameworkium.core.ui.listeners.ScreenshotListener.takeScreenshotAndSaveLocally(ScreenshotListener.java:42)
	at com.frameworkium.core.ui.listeners.ScreenshotListener.onTestFailure(ScreenshotListener.java:29)
	at org.testng.internal.TestListenerHelper.runTestListeners(TestListenerHelper.java:96)
	at org.testng.internal.TestInvoker.runTestResultListener(TestInvoker.java:220)
	at org.testng.internal.TestInvoker$MethodInvocationAgent.invoke(TestInvoker.java:832)
	at org.testng.internal.TestInvoker.invokeTestMethods(TestInvoker.java:147)
	at org.testng.internal.TestMethodWorker.invokeTestMethods(TestMethodWorker.java:146)
	at org.testng.internal.TestMethodWorker.run(TestMethodWorker.java:128)
	at java.base/java.util.concurrent.ThreadPoolExecutor.runWorker(ThreadPoolExecutor.java:1128)
	at java.base/java.util.concurrent.ThreadPoolExecutor$Worker.run(ThreadPoolExecutor.java:628)
	at java.base/java.lang.Thread.run(Thread.java:829)
09:06:12.540 [TestNG-test=Surefire test-15] INFO  - START theinternet.tests.TheInternetExampleTests.javascript_alerts
Exception in thread "TestNG-test=Surefire test-15" java.lang.NullPointerException
	at com.frameworkium.core.ui.driver.lifecycle.SingleUseDriverLifecycle.getWebDriver(SingleUseDriverLifecycle.java:35)
	at com.frameworkium.core.ui.UITestLifecycle.getWebDriver(UITestLifecycle.java:138)
	at com.frameworkium.core.ui.listeners.ScreenshotListener.takeScreenshotAndSaveLocally(ScreenshotListener.java:42)
	at com.frameworkium.core.ui.listeners.ScreenshotListener.onTestFailure(ScreenshotListener.java:29)
	at org.testng.internal.TestListenerHelper.runTestListeners(TestListenerHelper.java:96)
	at org.testng.internal.TestInvoker.runTestResultListener(TestInvoker.java:220)
	at org.testng.internal.TestInvoker$MethodInvocationAgent.invoke(TestInvoker.java:832)
	at org.testng.internal.TestInvoker.invokeTestMethods(TestInvoker.java:147)
	at org.testng.internal.TestMethodWorker.invokeTestMethods(TestMethodWorker.java:146)
	at org.testng.internal.TestMethodWorker.run(TestMethodWorker.java:128)
	at java.base/java.util.concurrent.ThreadPoolExecutor.runWorker(ThreadPoolExecutor.java:1128)
	at java.base/java.util.concurrent.ThreadPoolExecutor$Worker.run(ThreadPoolExecutor.java:628)
	at java.base/java.lang.Thread.run(Thread.java:829)
09:06:12.549 [TestNG-test=Surefire test-16] INFO  - START theinternet.tests.TheInternetExampleTests.key_presses
Exception in thread "TestNG-test=Surefire test-16" java.lang.NullPointerException
	at com.frameworkium.core.ui.driver.lifecycle.SingleUseDriverLifecycle.getWebDriver(SingleUseDriverLifecycle.java:35)
	at com.frameworkium.core.ui.UITestLifecycle.getWebDriver(UITestLifecycle.java:138)
	at com.frameworkium.core.ui.listeners.ScreenshotListener.takeScreenshotAndSaveLocally(ScreenshotListener.java:42)
	at com.frameworkium.core.ui.listeners.ScreenshotListener.onTestFailure(ScreenshotListener.java:29)
	at org.testng.internal.TestListenerHelper.runTestListeners(TestListenerHelper.java:96)
	at org.testng.internal.TestInvoker.runTestResultListener(TestInvoker.java:220)
	at org.testng.internal.TestInvoker$MethodInvocationAgent.invoke(TestInvoker.java:832)
	at org.testng.internal.TestInvoker.invokeTestMethods(TestInvoker.java:147)
	at org.testng.internal.TestMethodWorker.invokeTestMethods(TestMethodWorker.java:146)
	at org.testng.internal.TestMethodWorker.run(TestMethodWorker.java:128)
	at java.base/java.util.concurrent.ThreadPoolExecutor.runWorker(ThreadPoolExecutor.java:1128)
	at java.base/java.util.concurrent.ThreadPoolExecutor$Worker.run(ThreadPoolExecutor.java:628)
	at java.base/java.lang.Thread.run(Thread.java:829)
09:06:12.557 [TestNG-test=Surefire test-17] INFO  - START theinternet.tests.TheInternetExampleTests.sort_data_table
Exception in thread "TestNG-test=Surefire test-17" java.lang.NullPointerException
	at com.frameworkium.core.ui.driver.lifecycle.SingleUseDriverLifecycle.getWebDriver(SingleUseDriverLifecycle.java:35)
	at com.frameworkium.core.ui.UITestLifecycle.getWebDriver(UITestLifecycle.java:138)
	at com.frameworkium.core.ui.listeners.ScreenshotListener.takeScreenshotAndSaveLocally(ScreenshotListener.java:42)
	at com.frameworkium.core.ui.listeners.ScreenshotListener.onTestFailure(ScreenshotListener.java:29)
	at org.testng.internal.TestListenerHelper.runTestListeners(TestListenerHelper.java:96)
	at org.testng.internal.TestInvoker.runTestResultListener(TestInvoker.java:220)
	at org.testng.internal.TestInvoker$MethodInvocationAgent.invoke(TestInvoker.java:832)
	at org.testng.internal.TestInvoker.invokeTestMethods(TestInvoker.java:147)
	at org.testng.internal.TestMethodWorker.invokeTestMethods(TestMethodWorker.java:146)
	at org.testng.internal.TestMethodWorker.run(TestMethodWorker.java:128)
	at java.base/java.util.concurrent.ThreadPoolExecutor.runWorker(ThreadPoolExecutor.java:1128)
	at java.base/java.util.concurrent.ThreadPoolExecutor$Worker.run(ThreadPoolExecutor.java:628)
	at java.base/java.lang.Thread.run(Thread.java:829)
[ERROR] Tests run: 26, Failures: 17, Errors: 0, Skipped: 1, Time elapsed: 19.41 s <<< FAILURE! - in TestSuite
[ERROR] configureBrowserBeforeTest(angularjs.tests.DocumentationTest)  Time elapsed: 3.737 s  <<< FAILURE!
java.lang.IllegalStateException: The path to the driver executable must be set by the webdriver.gecko.driver system property; for more information, see https://github.com/mozilla/geckodriver. The latest version can be downloaded from https://github.com/mozilla/geckodriver/releases

[ERROR] configureBrowserBeforeTest(tables.wikipedia.tests.EnglishCountiesTest)  Time elapsed: 0.005 s  <<< FAILURE!
java.lang.IllegalStateException: The path to the driver executable must be set by the webdriver.gecko.driver system property; for more information, see https://github.com/mozilla/geckodriver. The latest version can be downloaded from https://github.com/mozilla/geckodriver/releases

[ERROR] configureBrowserBeforeTest(tables.wikipedia.tests.LargestMountainTest)  Time elapsed: 2.776 s  <<< FAILURE!
java.lang.IllegalStateException: The path to the driver executable must be set by the webdriver.gecko.driver system property; for more information, see https://github.com/mozilla/geckodriver. The latest version can be downloaded from https://github.com/mozilla/geckodriver/releases

[ERROR] configureBrowserBeforeTest(seleniumhq.tests.SeleniumHQTest)  Time elapsed: 2.183 s  <<< FAILURE!
java.lang.IllegalStateException: The path to the driver executable must be set by the webdriver.gecko.driver system property; for more information, see https://github.com/mozilla/geckodriver. The latest version can be downloaded from https://github.com/mozilla/geckodriver/releases

[ERROR] configureBrowserBeforeTest(theinternet.tests.TheInternetExampleTests)  Time elapsed: 0.01 s  <<< FAILURE!
java.lang.IllegalStateException: The path to the driver executable must be set by the webdriver.gecko.driver system property; for more information, see https://github.com/mozilla/geckodriver. The latest version can be downloaded from https://github.com/mozilla/geckodriver/releases

[ERROR] configureBrowserBeforeTest(theinternet.tests.TheInternetExampleTests)  Time elapsed: 0.004 s  <<< FAILURE!
java.lang.IllegalStateException: The path to the driver executable must be set by the webdriver.gecko.driver system property; for more information, see https://github.com/mozilla/geckodriver. The latest version can be downloaded from https://github.com/mozilla/geckodriver/releases

[ERROR] configureBrowserBeforeTest(theinternet.tests.TheInternetExampleTests)  Time elapsed: 0.004 s  <<< FAILURE!
java.lang.IllegalStateException: The path to the driver executable must be set by the webdriver.gecko.driver system property; for more information, see https://github.com/mozilla/geckodriver. The latest version can be downloaded from https://github.com/mozilla/geckodriver/releases

[ERROR] configureBrowserBeforeTest(theinternet.tests.TheInternetExampleTests)  Time elapsed: 0.004 s  <<< FAILURE!
java.lang.IllegalStateException: The path to the driver executable must be set by the webdriver.gecko.driver system property; for more information, see https://github.com/mozilla/geckodriver. The latest version can be downloaded from https://github.com/mozilla/geckodriver/releases

[ERROR] configureBrowserBeforeTest(theinternet.tests.TheInternetExampleTests)  Time elapsed: 0.004 s  <<< FAILURE!
java.lang.IllegalStateException: The path to the driver executable must be set by the webdriver.gecko.driver system property; for more information, see https://github.com/mozilla/geckodriver. The latest version can be downloaded from https://github.com/mozilla/geckodriver/releases

[ERROR] configureBrowserBeforeTest(theinternet.tests.TheInternetExampleTests)  Time elapsed: 0.004 s  <<< FAILURE!
java.lang.IllegalStateException: The path to the driver executable must be set by the webdriver.gecko.driver system property; for more information, see https://github.com/mozilla/geckodriver. The latest version can be downloaded from https://github.com/mozilla/geckodriver/releases

[ERROR] configureBrowserBeforeTest(theinternet.tests.TheInternetExampleTests)  Time elapsed: 0.003 s  <<< FAILURE!
java.lang.IllegalStateException: The path to the driver executable must be set by the webdriver.gecko.driver system property; for more information, see https://github.com/mozilla/geckodriver. The latest version can be downloaded from https://github.com/mozilla/geckodriver/releases

[ERROR] configureBrowserBeforeTest(theinternet.tests.TheInternetExampleTests)  Time elapsed: 0.004 s  <<< FAILURE!
java.lang.IllegalStateException: The path to the driver executable must be set by the webdriver.gecko.driver system property; for more information, see https://github.com/mozilla/geckodriver. The latest version can be downloaded from https://github.com/mozilla/geckodriver/releases

[ERROR] configureBrowserBeforeTest(theinternet.tests.TheInternetExampleTests)  Time elapsed: 0.004 s  <<< FAILURE!
java.lang.IllegalStateException: The path to the driver executable must be set by the webdriver.gecko.driver system property; for more information, see https://github.com/mozilla/geckodriver. The latest version can be downloaded from https://github.com/mozilla/geckodriver/releases

[ERROR] configureBrowserBeforeTest(theinternet.tests.TheInternetExampleTests)  Time elapsed: 0.004 s  <<< FAILURE!
java.lang.IllegalStateException: The path to the driver executable must be set by the webdriver.gecko.driver system property; for more information, see https://github.com/mozilla/geckodriver. The latest version can be downloaded from https://github.com/mozilla/geckodriver/releases

[ERROR] configureBrowserBeforeTest(theinternet.tests.TheInternetExampleTests)  Time elapsed: 0.005 s  <<< FAILURE!
java.lang.IllegalStateException: The path to the driver executable must be set by the webdriver.gecko.driver system property; for more information, see https://github.com/mozilla/geckodriver. The latest version can be downloaded from https://github.com/mozilla/geckodriver/releases

[ERROR] configureBrowserBeforeTest(theinternet.tests.TheInternetExampleTests)  Time elapsed: 0.005 s  <<< FAILURE!
java.lang.IllegalStateException: The path to the driver executable must be set by the webdriver.gecko.driver system property; for more information, see https://github.com/mozilla/geckodriver. The latest version can be downloaded from https://github.com/mozilla/geckodriver/releases

[ERROR] configureBrowserBeforeTest(theinternet.tests.TheInternetExampleTests)  Time elapsed: 0.004 s  <<< FAILURE!
java.lang.IllegalStateException: The path to the driver executable must be set by the webdriver.gecko.driver system property; for more information, see https://github.com/mozilla/geckodriver. The latest version can be downloaded from https://github.com/mozilla/geckodriver/releases

[INFO] 
[INFO] Results:
[INFO] 
[ERROR] Failures: 
[ERROR]   DocumentationTest>BaseUITest.configureBrowserBeforeTest:51 » IllegalState The ...
[ERROR]   SeleniumHQTest>BaseUITest.configureBrowserBeforeTest:51 » IllegalState The pat...
[ERROR]   EnglishCountiesTest>BaseUITest.configureBrowserBeforeTest:51 » IllegalState Th...
[ERROR]   LargestMountainTest>BaseUITest.configureBrowserBeforeTest:51 » IllegalState Th...
[ERROR] theinternet.tests.TheInternetExampleTests.configureBrowserBeforeTest(theinternet.tests.TheInternetExampleTests)
[ERROR]   Run 1: TheInternetExampleTests>BaseUITest.configureBrowserBeforeTest:51 » IllegalState
[ERROR]   Run 2: TheInternetExampleTests>BaseUITest.configureBrowserBeforeTest:51 » IllegalState
[ERROR]   Run 3: TheInternetExampleTests>BaseUITest.configureBrowserBeforeTest:51 » IllegalState
[ERROR]   Run 4: TheInternetExampleTests>BaseUITest.configureBrowserBeforeTest:51 » IllegalState
[ERROR]   Run 5: TheInternetExampleTests>BaseUITest.configureBrowserBeforeTest:51 » IllegalState
[ERROR]   Run 6: TheInternetExampleTests>BaseUITest.configureBrowserBeforeTest:51 » IllegalState
[ERROR]   Run 7: TheInternetExampleTests>BaseUITest.configureBrowserBeforeTest:51 » IllegalState
[ERROR]   Run 8: TheInternetExampleTests>BaseUITest.configureBrowserBeforeTest:51 » IllegalState
[ERROR]   Run 9: TheInternetExampleTests>BaseUITest.configureBrowserBeforeTest:51 » IllegalState
[ERROR]   Run 10: TheInternetExampleTests>BaseUITest.configureBrowserBeforeTest:51 » IllegalState
[ERROR]   Run 11: TheInternetExampleTests>BaseUITest.configureBrowserBeforeTest:51 » IllegalState
[ERROR]   Run 12: TheInternetExampleTests>BaseUITest.configureBrowserBeforeTest:51 » IllegalState
[ERROR]   Run 13: TheInternetExampleTests>BaseUITest.configureBrowserBeforeTest:51 » IllegalState
[INFO] 
[INFO] 
[ERROR] Tests run: 14, Failures: 5, Errors: 0, Skipped: 1
[INFO] 
[INFO] ------------------------------------------------------------------------
[INFO] BUILD FAILURE
[INFO] ------------------------------------------------------------------------
[INFO] Total time:  24.485 s
[INFO] Finished at: 2023-01-26T09:06:13Z
[INFO] ------------------------------------------------------------------------
[ERROR] Failed to execute goal org.apache.maven.plugins:maven-surefire-plugin:3.0.0-M3:test (default-test) on project frameworkium-examples: There are test failures.
[ERROR] 
[ERROR] Please refer to /home/gabsko/breaking-updates/target/surefire-reports for the individual test results.
[ERROR] Please refer to dump files (if any exist) [date].dump, [date]-jvmRun[N].dump and [date].dumpstream.
[ERROR] -> [Help 1]
[ERROR] 
[ERROR] To see the full stack trace of the errors, re-run Maven with the -e switch.
[ERROR] Re-run Maven using the -X switch to enable full debug logging.
[ERROR] 
[ERROR] For more information about the errors and possible solutions, please read the following articles:
[ERROR] [Help 1] http://cwiki.apache.org/confluence/display/MAVEN/MojoFailureException
