[INFO] Error stacktraces are turned on.
[INFO] Scanning for projects...
[INFO] ------------------------------------------------------------------------
[INFO] Reactor Build Order:
[INFO] 
[INFO] Picnic :: Error Prone Support                                      [pom]
[INFO] Picnic :: Error Prone Support :: Refaster Support                  [jar]
[INFO] Picnic :: Error Prone Support :: Refaster Compiler                 [jar]
[INFO] Picnic :: Error Prone Support :: Refaster Runner                   [jar]
[INFO] Picnic :: Error Prone Support :: Refaster Test Support             [jar]
[INFO] Picnic :: Error Prone Support :: Contrib                           [jar]
[INFO] 
[INFO] --------< tech.picnic.error-prone-support:error-prone-support >---------
[INFO] Building Picnic :: Error Prone Support 0.4.1-SNAPSHOT              [1/6]
[INFO] --------------------------------[ pom ]---------------------------------
[INFO] 
[INFO] --- maven-clean-plugin:3.2.0:clean (default-clean) @ error-prone-support ---
[INFO] 
[INFO] --- maven-enforcer-plugin:3.1.0:enforce (apply-enforcement-rules) @ error-prone-support ---
[INFO] 
[INFO] --- git-commit-id-maven-plugin:5.0.0:revision (retrieve-git-info) @ error-prone-support ---
[INFO] 
[INFO] --- license-maven-plugin:2.0.0:add-third-party (check-third-party-licenses) @ error-prone-support ---
[WARNING] The goal is skip due to packaging 'pom'
[INFO] 
[INFO] --- maven-compiler-plugin:3.10.1:testCompile (default-testCompile) @ error-prone-support ---
[INFO] No sources to compile
[INFO] 
[INFO] --- maven-dependency-plugin:3.3.0:analyze-dep-mgt (analyze-dependencies) @ error-prone-support ---
[INFO] Found Resolved Dependency/DependencyManagement mismatches:
[INFO] 	None
[INFO] 
[INFO] --- maven-dependency-plugin:3.3.0:analyze-duplicate (analyze-dependencies) @ error-prone-support ---
[INFO] No duplicate dependencies found in <dependencies/> or in <dependencyManagement/>
[INFO] 
[INFO] --- maven-dependency-plugin:3.3.0:analyze-only (analyze-dependencies) @ error-prone-support ---
[INFO] Skipping pom project
[INFO] 
[INFO] --- modernizer-maven-plugin:2.4.0:modernizer (run-modernizer) @ error-prone-support ---
[INFO] 
[INFO] ----------< tech.picnic.error-prone-support:refaster-support >----------
[INFO] Building Picnic :: Error Prone Support :: Refaster Support 0.4.1-SNAPSHOT [2/6]
[INFO] --------------------------------[ jar ]---------------------------------
[INFO] 
[INFO] --- maven-clean-plugin:3.2.0:clean (default-clean) @ refaster-support ---
[INFO] Deleting /home/gabsko/breaking-updates/refaster-support/target
[INFO] 
[INFO] --- maven-enforcer-plugin:3.1.0:enforce (apply-enforcement-rules) @ refaster-support ---
[INFO] 
[INFO] --- git-commit-id-maven-plugin:5.0.0:revision (retrieve-git-info) @ refaster-support ---
[INFO] 
[INFO] --- license-maven-plugin:2.0.0:add-third-party (check-third-party-licenses) @ refaster-support ---
[INFO] Included licenses (whitelist): [Apache-2.0, BSD-3-Clause, CC0-1.0, CDDL-1.1, EPL-1.0, EPL-2.0, GPL-2.0-with-classpath-exception, LGPL-3.0+, MIT, MIT-0, Public Domain]
[INFO] Writing third-party file to /home/gabsko/breaking-updates/refaster-support/target/generated-sources/license/THIRD-PARTY.txt
[INFO] 
[INFO] --- maven-resources-plugin:3.3.0:resources (default-resources) @ refaster-support ---
[INFO] skip non existing resourceDirectory /home/gabsko/breaking-updates/refaster-support/src/main/resources
[INFO] Copying 1 resource
[INFO] 
[INFO] --- maven-compiler-plugin:3.10.1:compile (default-compile) @ refaster-support ---
[INFO] Compiling 11 source files to /home/gabsko/breaking-updates/refaster-support/target/classes
[INFO] 
[INFO] --- maven-resources-plugin:3.3.0:testResources (default-testResources) @ refaster-support ---
[INFO] skip non existing resourceDirectory /home/gabsko/breaking-updates/refaster-support/src/test/resources
[INFO] 
[INFO] --- maven-compiler-plugin:3.10.1:testCompile (default-testCompile) @ refaster-support ---
[INFO] Compiling 6 source files to /home/gabsko/breaking-updates/refaster-support/target/test-classes
[INFO] 
[INFO] --- maven-dependency-plugin:3.3.0:analyze-dep-mgt (analyze-dependencies) @ refaster-support ---
[INFO] Found Resolved Dependency/DependencyManagement mismatches:
[INFO] 	None
[INFO] 
[INFO] --- maven-dependency-plugin:3.3.0:analyze-duplicate (analyze-dependencies) @ refaster-support ---
[INFO] No duplicate dependencies found in <dependencies/> or in <dependencyManagement/>
[INFO] 
[INFO] --- maven-dependency-plugin:3.3.0:analyze-only (analyze-dependencies) @ refaster-support ---
[INFO] No dependency problems found
[INFO] 
[INFO] --- modernizer-maven-plugin:2.4.0:modernizer (run-modernizer) @ refaster-support ---
[INFO] 
[INFO] --- maven-surefire-plugin:2.22.2:test (default-test) @ refaster-support ---
[INFO] Surefire report directory: /home/gabsko/breaking-updates/refaster-support/target/surefire-reports
[INFO] Using configured provider org.apache.maven.surefire.junitplatform.JUnitPlatformProvider
[INFO] 
[INFO] -------------------------------------------------------
[INFO]  T E S T S
[INFO] -------------------------------------------------------
[INFO] Running tech.picnic.errorprone.refaster.ErrorProneForkTest
[INFO] Running tech.picnic.errorprone.refaster.matchers.ThrowsCheckedExceptionTest
[INFO] Running tech.picnic.errorprone.refaster.matchers.IsArrayTest
[INFO] Running tech.picnic.errorprone.refaster.matchers.IsCharacterTest
[INFO] Running tech.picnic.errorprone.refaster.AnnotatedCompositeCodeTransformerTest
[WARNING] Tests run: 6, Failures: 0, Errors: 0, Skipped: 1, Time elapsed: 0.557 s - in tech.picnic.errorprone.refaster.AnnotatedCompositeCodeTransformerTest
[INFO] Tests run: 1, Failures: 0, Errors: 0, Skipped: 0, Time elapsed: 0.654 s - in tech.picnic.errorprone.refaster.ErrorProneForkTest
[INFO] Tests run: 1, Failures: 0, Errors: 0, Skipped: 0, Time elapsed: 0.659 s - in tech.picnic.errorprone.refaster.matchers.IsArrayTest
[INFO] Tests run: 1, Failures: 0, Errors: 0, Skipped: 0, Time elapsed: 0.662 s - in tech.picnic.errorprone.refaster.matchers.IsCharacterTest
[INFO] Tests run: 1, Failures: 0, Errors: 0, Skipped: 0, Time elapsed: 0.666 s - in tech.picnic.errorprone.refaster.matchers.ThrowsCheckedExceptionTest
[INFO] 
[INFO] Results:
[INFO] 
[WARNING] Tests run: 10, Failures: 0, Errors: 0, Skipped: 1
[INFO] 
[INFO] 
[INFO] ---------< tech.picnic.error-prone-support:refaster-compiler >----------
[INFO] Building Picnic :: Error Prone Support :: Refaster Compiler 0.4.1-SNAPSHOT [3/6]
[INFO] --------------------------------[ jar ]---------------------------------
[INFO] 
[INFO] --- maven-clean-plugin:3.2.0:clean (default-clean) @ refaster-compiler ---
[INFO] Deleting /home/gabsko/breaking-updates/refaster-compiler/target
[INFO] 
[INFO] --- maven-enforcer-plugin:3.1.0:enforce (apply-enforcement-rules) @ refaster-compiler ---
[INFO] 
[INFO] --- git-commit-id-maven-plugin:5.0.0:revision (retrieve-git-info) @ refaster-compiler ---
[INFO] 
[INFO] --- license-maven-plugin:2.0.0:add-third-party (check-third-party-licenses) @ refaster-compiler ---
[INFO] Included licenses (whitelist): [Apache-2.0, BSD-3-Clause, CC0-1.0, CDDL-1.1, EPL-1.0, EPL-2.0, GPL-2.0-with-classpath-exception, LGPL-3.0+, MIT, MIT-0, Public Domain]
[INFO] Writing third-party file to /home/gabsko/breaking-updates/refaster-compiler/target/generated-sources/license/THIRD-PARTY.txt
[INFO] 
[INFO] --- maven-resources-plugin:3.3.0:resources (default-resources) @ refaster-compiler ---
[INFO] skip non existing resourceDirectory /home/gabsko/breaking-updates/refaster-compiler/src/main/resources
[INFO] Copying 1 resource
[INFO] 
[INFO] --- maven-compiler-plugin:3.10.1:compile (default-compile) @ refaster-compiler ---
[INFO] Compiling 3 source files to /home/gabsko/breaking-updates/refaster-compiler/target/classes
[INFO] 
[INFO] --- maven-resources-plugin:3.3.0:testResources (default-testResources) @ refaster-compiler ---
[INFO] skip non existing resourceDirectory /home/gabsko/breaking-updates/refaster-compiler/src/test/resources
[INFO] 
[INFO] --- maven-compiler-plugin:3.10.1:testCompile (default-testCompile) @ refaster-compiler ---
[INFO] No sources to compile
[INFO] 
[INFO] --- maven-dependency-plugin:3.3.0:analyze-dep-mgt (analyze-dependencies) @ refaster-compiler ---
[INFO] Found Resolved Dependency/DependencyManagement mismatches:
[INFO] 	None
[INFO] 
[INFO] --- maven-dependency-plugin:3.3.0:analyze-duplicate (analyze-dependencies) @ refaster-compiler ---
[INFO] No duplicate dependencies found in <dependencies/> or in <dependencyManagement/>
[INFO] 
[INFO] --- maven-dependency-plugin:3.3.0:analyze-only (analyze-dependencies) @ refaster-compiler ---
[INFO] No dependency problems found
[INFO] 
[INFO] --- modernizer-maven-plugin:2.4.0:modernizer (run-modernizer) @ refaster-compiler ---
[INFO] 
[INFO] --- maven-surefire-plugin:2.22.2:test (default-test) @ refaster-compiler ---
[INFO] No tests to run.
[INFO] 
[INFO] ----------< tech.picnic.error-prone-support:refaster-runner >-----------
[INFO] Building Picnic :: Error Prone Support :: Refaster Runner 0.4.1-SNAPSHOT [4/6]
[INFO] --------------------------------[ jar ]---------------------------------
[INFO] 
[INFO] --- maven-clean-plugin:3.2.0:clean (default-clean) @ refaster-runner ---
[INFO] Deleting /home/gabsko/breaking-updates/refaster-runner/target
[INFO] 
[INFO] --- maven-enforcer-plugin:3.1.0:enforce (apply-enforcement-rules) @ refaster-runner ---
[INFO] 
[INFO] --- git-commit-id-maven-plugin:5.0.0:revision (retrieve-git-info) @ refaster-runner ---
[INFO] 
[INFO] --- license-maven-plugin:2.0.0:add-third-party (check-third-party-licenses) @ refaster-runner ---
[INFO] Included licenses (whitelist): [Apache-2.0, BSD-3-Clause, CC0-1.0, CDDL-1.1, EPL-1.0, EPL-2.0, GPL-2.0-with-classpath-exception, LGPL-3.0+, MIT, MIT-0, Public Domain]
[INFO] Writing third-party file to /home/gabsko/breaking-updates/refaster-runner/target/generated-sources/license/THIRD-PARTY.txt
[INFO] 
[INFO] --- maven-resources-plugin:3.3.0:resources (default-resources) @ refaster-runner ---
[INFO] skip non existing resourceDirectory /home/gabsko/breaking-updates/refaster-runner/src/main/resources
[INFO] Copying 1 resource
[INFO] 
[INFO] --- maven-compiler-plugin:3.10.1:compile (default-compile) @ refaster-runner ---
[INFO] Compiling 3 source files to /home/gabsko/breaking-updates/refaster-runner/target/classes
[INFO] 
[INFO] --- maven-resources-plugin:3.3.0:testResources (default-testResources) @ refaster-runner ---
[INFO] skip non existing resourceDirectory /home/gabsko/breaking-updates/refaster-runner/src/test/resources
[INFO] 
[INFO] --- maven-compiler-plugin:3.10.1:testCompile (default-testCompile) @ refaster-runner ---
[INFO] Compiling 3 source files to /home/gabsko/breaking-updates/refaster-runner/target/test-classes
[INFO] 
[INFO] --- maven-dependency-plugin:3.3.0:analyze-dep-mgt (analyze-dependencies) @ refaster-runner ---
[INFO] Found Resolved Dependency/DependencyManagement mismatches:
[INFO] 	None
[INFO] 
[INFO] --- maven-dependency-plugin:3.3.0:analyze-duplicate (analyze-dependencies) @ refaster-runner ---
[INFO] No duplicate dependencies found in <dependencies/> or in <dependencyManagement/>
[INFO] 
[INFO] --- maven-dependency-plugin:3.3.0:analyze-only (analyze-dependencies) @ refaster-runner ---
[INFO] No dependency problems found
[INFO] 
[INFO] --- modernizer-maven-plugin:2.4.0:modernizer (run-modernizer) @ refaster-runner ---
[INFO] 
[INFO] --- maven-surefire-plugin:2.22.2:test (default-test) @ refaster-runner ---
[INFO] Surefire report directory: /home/gabsko/breaking-updates/refaster-runner/target/surefire-reports
[INFO] Using configured provider org.apache.maven.surefire.junitplatform.JUnitPlatformProvider
[INFO] 
[INFO] -------------------------------------------------------
[INFO]  T E S T S
[INFO] -------------------------------------------------------
[INFO] Running tech.picnic.errorprone.refaster.runner.RefasterTest
[INFO] Running tech.picnic.errorprone.refaster.runner.CodeTransformersTest
[INFO] Tests run: 1, Failures: 0, Errors: 0, Skipped: 0, Time elapsed: 0.277 s - in tech.picnic.errorprone.refaster.runner.CodeTransformersTest
[INFO] Tests run: 13, Failures: 0, Errors: 0, Skipped: 0, Time elapsed: 0.932 s - in tech.picnic.errorprone.refaster.runner.RefasterTest
[INFO] 
[INFO] Results:
[INFO] 
[INFO] Tests run: 14, Failures: 0, Errors: 0, Skipped: 0
[INFO] 
[INFO] 
[INFO] -------< tech.picnic.error-prone-support:refaster-test-support >--------
[INFO] Building Picnic :: Error Prone Support :: Refaster Test Support 0.4.1-SNAPSHOT [5/6]
[INFO] --------------------------------[ jar ]---------------------------------
[INFO] 
[INFO] --- maven-clean-plugin:3.2.0:clean (default-clean) @ refaster-test-support ---
[INFO] Deleting /home/gabsko/breaking-updates/refaster-test-support/target
[INFO] 
[INFO] --- maven-enforcer-plugin:3.1.0:enforce (apply-enforcement-rules) @ refaster-test-support ---
[INFO] 
[INFO] --- git-commit-id-maven-plugin:5.0.0:revision (retrieve-git-info) @ refaster-test-support ---
[INFO] 
[INFO] --- license-maven-plugin:2.0.0:add-third-party (check-third-party-licenses) @ refaster-test-support ---
[INFO] Included licenses (whitelist): [Apache-2.0, BSD-3-Clause, CC0-1.0, CDDL-1.1, EPL-1.0, EPL-2.0, GPL-2.0-with-classpath-exception, LGPL-3.0+, MIT, MIT-0, Public Domain]
[INFO] Writing third-party file to /home/gabsko/breaking-updates/refaster-test-support/target/generated-sources/license/THIRD-PARTY.txt
[INFO] 
[INFO] --- maven-resources-plugin:3.3.0:resources (default-resources) @ refaster-test-support ---
[INFO] skip non existing resourceDirectory /home/gabsko/breaking-updates/refaster-test-support/src/main/resources
[INFO] Copying 1 resource
[INFO] 
[INFO] --- maven-compiler-plugin:3.10.1:compile (default-compile) @ refaster-test-support ---
[INFO] Compiling 3 source files to /home/gabsko/breaking-updates/refaster-test-support/target/classes
[INFO] 
[INFO] --- maven-resources-plugin:3.3.0:testResources (default-testResources) @ refaster-test-support ---
[INFO] Copying 14 resources
[INFO] 
[INFO] --- maven-compiler-plugin:3.10.1:testCompile (default-testCompile) @ refaster-test-support ---
[INFO] Compiling 8 source files to /home/gabsko/breaking-updates/refaster-test-support/target/test-classes
[INFO] 
[INFO] --- maven-dependency-plugin:3.3.0:analyze-dep-mgt (analyze-dependencies) @ refaster-test-support ---
[INFO] Found Resolved Dependency/DependencyManagement mismatches:
[INFO] 	None
[INFO] 
[INFO] --- maven-dependency-plugin:3.3.0:analyze-duplicate (analyze-dependencies) @ refaster-test-support ---
[INFO] No duplicate dependencies found in <dependencies/> or in <dependencyManagement/>
[INFO] 
[INFO] --- maven-dependency-plugin:3.3.0:analyze-only (analyze-dependencies) @ refaster-test-support ---
[INFO] No dependency problems found
[INFO] 
[INFO] --- modernizer-maven-plugin:2.4.0:modernizer (run-modernizer) @ refaster-test-support ---
[INFO] 
[INFO] --- maven-surefire-plugin:2.22.2:test (default-test) @ refaster-test-support ---
[INFO] Surefire report directory: /home/gabsko/breaking-updates/refaster-test-support/target/surefire-reports
[INFO] Using configured provider org.apache.maven.surefire.junitplatform.JUnitPlatformProvider
[INFO] 
[INFO] -------------------------------------------------------
[INFO]  T E S T S
[INFO] -------------------------------------------------------
[INFO] Running tech.picnic.errorprone.refaster.test.RefasterRuleCollectionTest
[INFO] Tests run: 7, Failures: 0, Errors: 0, Skipped: 0, Time elapsed: 1.314 s - in tech.picnic.errorprone.refaster.test.RefasterRuleCollectionTest
[INFO] 
[INFO] Results:
[INFO] 
[INFO] Tests run: 7, Failures: 0, Errors: 0, Skipped: 0
[INFO] 
[INFO] 
[INFO] --------< tech.picnic.error-prone-support:error-prone-contrib >---------
[INFO] Building Picnic :: Error Prone Support :: Contrib 0.4.1-SNAPSHOT   [6/6]
[INFO] --------------------------------[ jar ]---------------------------------
[INFO] 
[INFO] --- maven-clean-plugin:3.2.0:clean (default-clean) @ error-prone-contrib ---
[INFO] Deleting /home/gabsko/breaking-updates/error-prone-contrib/target
[INFO] 
[INFO] --- maven-enforcer-plugin:3.1.0:enforce (apply-enforcement-rules) @ error-prone-contrib ---
[INFO] 
[INFO] --- git-commit-id-maven-plugin:5.0.0:revision (retrieve-git-info) @ error-prone-contrib ---
[INFO] 
[INFO] --- license-maven-plugin:2.0.0:add-third-party (check-third-party-licenses) @ error-prone-contrib ---
[INFO] Included licenses (whitelist): [Apache-2.0, BSD-3-Clause, CC0-1.0, CDDL-1.1, EPL-1.0, EPL-2.0, GPL-2.0-with-classpath-exception, LGPL-3.0+, MIT, MIT-0, Public Domain]
[INFO] License: 'EPL 2.0' for 'MavenProject: jakarta.servlet:jakarta.servlet-api:4.0.4 @ ' is OK since it is also licensed under 'GPL-2.0-with-classpath-exception'
[INFO] Writing third-party file to /home/gabsko/breaking-updates/error-prone-contrib/target/generated-sources/license/THIRD-PARTY.txt
[INFO] 
[INFO] --- maven-resources-plugin:3.3.0:resources (default-resources) @ error-prone-contrib ---
[INFO] skip non existing resourceDirectory /home/gabsko/breaking-updates/error-prone-contrib/src/main/resources
[INFO] Copying 1 resource
[INFO] 
[INFO] --- maven-compiler-plugin:3.10.1:compile (default-compile) @ error-prone-contrib ---
[INFO] Compiling 93 source files to /home/gabsko/breaking-updates/error-prone-contrib/target/classes
[INFO] 
[INFO] --- maven-resources-plugin:3.3.0:testResources (default-testResources) @ error-prone-contrib ---
[INFO] Copying 102 resources
[INFO] 
[INFO] --- maven-compiler-plugin:3.10.1:testCompile (default-testCompile) @ error-prone-contrib ---
[INFO] Compiling 36 source files to /home/gabsko/breaking-updates/error-prone-contrib/target/test-classes
[INFO] 
[INFO] --- maven-dependency-plugin:3.3.0:analyze-dep-mgt (analyze-dependencies) @ error-prone-contrib ---
[INFO] Found Resolved Dependency/DependencyManagement mismatches:
[INFO] 	None
[INFO] 
[INFO] --- maven-dependency-plugin:3.3.0:analyze-duplicate (analyze-dependencies) @ error-prone-contrib ---
[INFO] No duplicate dependencies found in <dependencies/> or in <dependencyManagement/>
[INFO] 
[INFO] --- maven-dependency-plugin:3.3.0:analyze-only (analyze-dependencies) @ error-prone-contrib ---
[INFO] No dependency problems found
[INFO] 
[INFO] --- modernizer-maven-plugin:2.4.0:modernizer (run-modernizer) @ error-prone-contrib ---
[INFO] 
[INFO] --- maven-surefire-plugin:2.22.2:test (default-test) @ error-prone-contrib ---
[INFO] Surefire report directory: /home/gabsko/breaking-updates/error-prone-contrib/target/surefire-reports
[INFO] Using configured provider org.apache.maven.surefire.junitplatform.JUnitPlatformProvider
[INFO] 
[INFO] -------------------------------------------------------
[INFO]  T E S T S
[INFO] -------------------------------------------------------
[INFO] Running tech.picnic.errorprone.bugpatterns.MissingRefasterAnnotationTest
[INFO] Running tech.picnic.errorprone.bugpatterns.CollectorMutabilityTest
[INFO] Running tech.picnic.errorprone.bugpatterns.ExplicitEnumOrderingTest
[INFO] Running tech.picnic.errorprone.bugpatterns.ErrorProneTestHelperSourceFormatTest
[INFO] Running tech.picnic.errorprone.bugpatterns.PrimitiveComparisonTest
[INFO] Running tech.picnic.errorprone.bugpatterns.EmptyMethodTest
[INFO] Running tech.picnic.errorprone.bugpatterns.NestedOptionalsTest
[INFO] Running tech.picnic.errorprone.bugpatterns.TimeZoneUsageTest
[INFO] Running tech.picnic.errorprone.bugpatterns.AssertJIsNullTest
[INFO] Running tech.picnic.errorprone.bugpatterns.RefasterRuleModifiersTest
[INFO] Running tech.picnic.errorprone.bugpatterns.LexicographicalAnnotationListingTest
[INFO] Running tech.picnic.errorprone.bugpatterns.IdentityConversionTest
[INFO] Running tech.picnic.errorprone.bugpatterns.LexicographicalAnnotationAttributeListingTest
[INFO] Running tech.picnic.errorprone.bugpatterns.ScheduledTransactionTraceTest
[INFO] Running tech.picnic.errorprone.bugpatterns.FormatStringConcatenationTest
[INFO] Running tech.picnic.errorprone.bugpatterns.FluxFlatMapUsageTest
[INFO] Running tech.picnic.errorprone.bugpatterns.StaticImportTest
[INFO] Running tech.picnic.errorprone.refasterrules.RefasterRulesTest
[INFO] Running tech.picnic.errorprone.bugpatterns.RequestMappingAnnotationTest
[INFO] Running tech.picnic.errorprone.bugpatterns.NonEmptyMonoTest
[INFO] Running tech.picnic.errorprone.bugpatterns.MethodReferenceUsageTest
[INFO] Running tech.picnic.errorprone.bugpatterns.SpringMvcAnnotationTest
[INFO] Running tech.picnic.errorprone.bugpatterns.util.MethodMatcherFactoryTest
[INFO] Running tech.picnic.errorprone.bugpatterns.AutowiredConstructorTest
[INFO] Running tech.picnic.errorprone.bugpatterns.CanonicalAnnotationSyntaxTest
[INFO] Running tech.picnic.errorprone.bugpatterns.ImmutablesSortedSetComparatorTest
[INFO] Running tech.picnic.errorprone.bugpatterns.Slf4jLogStatementTest
[INFO] Running tech.picnic.errorprone.bugpatterns.RequestParamTypeTest
[INFO] Running tech.picnic.errorprone.bugpatterns.StringJoinTest
[INFO] Running tech.picnic.errorprone.bugpatterns.AmbiguousJsonCreatorTest
[INFO] Running tech.picnic.errorprone.bugpatterns.JUnitMethodDeclarationTest
[INFO] Running tech.picnic.errorprone.bugpatterns.util.AnnotationAttributeMatcherTest
[INFO] Running tech.picnic.errorprone.bugpatterns.RedundantStringConversionTest
[INFO] Running tech.picnic.errorprone.bugpatterns.MockitoStubbingTest
[INFO] Running tech.picnic.errorprone.bugpatterns.RefasterAnyOfUsageTest
[INFO] Running tech.picnic.errorprone.bugpatterns.util.MoreTypesTest
[INFO] Tests run: 6, Failures: 0, Errors: 0, Skipped: 0, Time elapsed: 0.176 s - in tech.picnic.errorprone.bugpatterns.util.AnnotationAttributeMatcherTest
[INFO] Tests run: 2, Failures: 0, Errors: 0, Skipped: 0, Time elapsed: 1.422 s - in tech.picnic.errorprone.bugpatterns.RequestParamTypeTest
[INFO] Tests run: 1, Failures: 0, Errors: 0, Skipped: 0, Time elapsed: 1.424 s - in tech.picnic.errorprone.bugpatterns.util.MethodMatcherFactoryTest
[INFO] Tests run: 1, Failures: 0, Errors: 0, Skipped: 0, Time elapsed: 1.441 s - in tech.picnic.errorprone.bugpatterns.MissingRefasterAnnotationTest
[INFO] Tests run: 1, Failures: 0, Errors: 0, Skipped: 0, Time elapsed: 1.447 s - in tech.picnic.errorprone.bugpatterns.RequestMappingAnnotationTest
[INFO] Tests run: 2, Failures: 0, Errors: 0, Skipped: 0, Time elapsed: 1.475 s - in tech.picnic.errorprone.bugpatterns.NestedOptionalsTest
[INFO] Tests run: 1, Failures: 0, Errors: 0, Skipped: 0, Time elapsed: 1.524 s - in tech.picnic.errorprone.bugpatterns.util.MoreTypesTest
[INFO] Tests run: 1, Failures: 0, Errors: 0, Skipped: 0, Time elapsed: 1.544 s - in tech.picnic.errorprone.bugpatterns.TimeZoneUsageTest
[INFO] Tests run: 1, Failures: 0, Errors: 0, Skipped: 0, Time elapsed: 1.59 s - in tech.picnic.errorprone.bugpatterns.ExplicitEnumOrderingTest
[INFO] Tests run: 18, Failures: 0, Errors: 0, Skipped: 0, Time elapsed: 1.944 s - in tech.picnic.errorprone.bugpatterns.SpringMvcAnnotationTest
[INFO] Tests run: 1, Failures: 0, Errors: 0, Skipped: 0, Time elapsed: 1.95 s - in tech.picnic.errorprone.bugpatterns.RefasterAnyOfUsageTest
[INFO] Tests run: 1, Failures: 0, Errors: 0, Skipped: 0, Time elapsed: 1.958 s - in tech.picnic.errorprone.bugpatterns.EmptyMethodTest
[INFO] Tests run: 1, Failures: 0, Errors: 0, Skipped: 0, Time elapsed: 1.975 s - in tech.picnic.errorprone.bugpatterns.CanonicalAnnotationSyntaxTest
[INFO] Tests run: 3, Failures: 0, Errors: 0, Skipped: 0, Time elapsed: 1.986 s - in tech.picnic.errorprone.bugpatterns.AutowiredConstructorTest
[INFO] Tests run: 2, Failures: 0, Errors: 0, Skipped: 0, Time elapsed: 2.02 s - in tech.picnic.errorprone.bugpatterns.AmbiguousJsonCreatorTest
[INFO] Tests run: 2, Failures: 0, Errors: 0, Skipped: 0, Time elapsed: 2.026 s - in tech.picnic.errorprone.bugpatterns.ScheduledTransactionTraceTest
[INFO] Tests run: 1, Failures: 0, Errors: 0, Skipped: 0, Time elapsed: 2.04 s - in tech.picnic.errorprone.bugpatterns.ErrorProneTestHelperSourceFormatTest
[INFO] Tests run: 1, Failures: 0, Errors: 0, Skipped: 0, Time elapsed: 2.052 s - in tech.picnic.errorprone.bugpatterns.StringJoinTest
[INFO] Tests run: 2, Failures: 0, Errors: 0, Skipped: 0, Time elapsed: 2.054 s - in tech.picnic.errorprone.bugpatterns.LexicographicalAnnotationListingTest
[INFO] Tests run: 1, Failures: 0, Errors: 0, Skipped: 0, Time elapsed: 2.376 s - in tech.picnic.errorprone.bugpatterns.JUnitMethodDeclarationTest
[INFO] Tests run: 1, Failures: 0, Errors: 0, Skipped: 0, Time elapsed: 2.378 s - in tech.picnic.errorprone.bugpatterns.Slf4jLogStatementTest
[INFO] Tests run: 5, Failures: 0, Errors: 0, Skipped: 0, Time elapsed: 2.41 s - in tech.picnic.errorprone.bugpatterns.MockitoStubbingTest
[INFO] Tests run: 3, Failures: 0, Errors: 0, Skipped: 0, Time elapsed: 2.473 s - in tech.picnic.errorprone.bugpatterns.LexicographicalAnnotationAttributeListingTest
[INFO] Tests run: 2, Failures: 0, Errors: 0, Skipped: 0, Time elapsed: 2.587 s - in tech.picnic.errorprone.bugpatterns.NonEmptyMonoTest
[INFO] Tests run: 1, Failures: 0, Errors: 0, Skipped: 0, Time elapsed: 2.593 s - in tech.picnic.errorprone.bugpatterns.AssertJIsNullTest
[INFO] Tests run: 7, Failures: 0, Errors: 0, Skipped: 0, Time elapsed: 2.65 s - in tech.picnic.errorprone.bugpatterns.StaticImportTest
[INFO] Tests run: 3, Failures: 0, Errors: 0, Skipped: 0, Time elapsed: 2.707 s - in tech.picnic.errorprone.bugpatterns.RefasterRuleModifiersTest
[INFO] Tests run: 1, Failures: 0, Errors: 0, Skipped: 0, Time elapsed: 2.712 s - in tech.picnic.errorprone.bugpatterns.FluxFlatMapUsageTest
[INFO] Tests run: 1, Failures: 0, Errors: 0, Skipped: 0, Time elapsed: 3.062 s - in tech.picnic.errorprone.bugpatterns.ImmutablesSortedSetComparatorTest
[INFO] Tests run: 6, Failures: 0, Errors: 0, Skipped: 0, Time elapsed: 3.234 s - in tech.picnic.errorprone.bugpatterns.IdentityConversionTest
[INFO] Tests run: 1, Failures: 0, Errors: 0, Skipped: 0, Time elapsed: 3.258 s - in tech.picnic.errorprone.bugpatterns.CollectorMutabilityTest
[INFO] Tests run: 3, Failures: 0, Errors: 0, Skipped: 0, Time elapsed: 3.33 s - in tech.picnic.errorprone.bugpatterns.RedundantStringConversionTest
[INFO] Tests run: 4, Failures: 0, Errors: 0, Skipped: 0, Time elapsed: 3.676 s - in tech.picnic.errorprone.bugpatterns.FormatStringConcatenationTest
[INFO] Tests run: 37, Failures: 0, Errors: 0, Skipped: 0, Time elapsed: 9.127 s - in tech.picnic.errorprone.bugpatterns.PrimitiveComparisonTest
[ERROR] Tests run: 18, Failures: 1, Errors: 0, Skipped: 0, Time elapsed: 9.661 s <<< FAILURE! - in tech.picnic.errorprone.refasterrules.RefasterRulesTest
[ERROR] validateRuleCollection{Class}[49]  Time elapsed: 0.464 s  <<< FAILURE!
java.lang.AssertionError: 
compilation failed unexpectedly: [/tech/picnic/errorprone/refasterrules/TestNGToAssertJRulesTestInput.java:27: error: reference to assertEqualsNoOrder is ambiguous
        (Runnable) () -> assertEqualsNoOrder(null, null),
                         ^
  both method assertEqualsNoOrder(java.util.Collection<?>,java.util.Collection<?>) in org.testng.Assert and method assertEqualsNoOrder(java.lang.Object[],java.lang.Object[]) in org.testng.Assert match]
	at org.junit.Assert.fail(Assert.java:89)
	at com.google.errorprone.BugCheckerRefactoringTestHelper.doCompile(BugCheckerRefactoringTestHelper.java:314)
	at com.google.errorprone.BugCheckerRefactoringTestHelper.runTestOnPair(BugCheckerRefactoringTestHelper.java:267)
	at com.google.errorprone.BugCheckerRefactoringTestHelper.doTest(BugCheckerRefactoringTestHelper.java:250)
	at tech.picnic.errorprone.refaster.test.RefasterRuleCollection.validate(RefasterRuleCollection.java:127)
	at tech.picnic.errorprone.refasterrules.RefasterRulesTest.validateRuleCollection(RefasterRulesTest.java:82)
	at jdk.internal.reflect.GeneratedMethodAccessor7.invoke(Unknown Source)
	at java.base/jdk.internal.reflect.DelegatingMethodAccessorImpl.invoke(DelegatingMethodAccessorImpl.java:43)
	at java.base/java.lang.reflect.Method.invoke(Method.java:566)
	at org.junit.platform.commons.util.ReflectionUtils.invokeMethod(ReflectionUtils.java:727)
	at org.junit.jupiter.engine.execution.MethodInvocation.proceed(MethodInvocation.java:60)
	at org.junit.jupiter.engine.execution.InvocationInterceptorChain$ValidatingInvocation.proceed(InvocationInterceptorChain.java:131)
	at org.junit.jupiter.engine.extension.TimeoutExtension.intercept(TimeoutExtension.java:156)
	at org.junit.jupiter.engine.extension.TimeoutExtension.interceptTestableMethod(TimeoutExtension.java:147)
	at org.junit.jupiter.engine.extension.TimeoutExtension.interceptTestTemplateMethod(TimeoutExtension.java:94)
	at org.junit.jupiter.engine.execution.InterceptingExecutableInvoker$ReflectiveInterceptorCall.lambda$ofVoidMethod$0(InterceptingExecutableInvoker.java:103)
	at org.junit.jupiter.engine.execution.InterceptingExecutableInvoker.lambda$invoke$0(InterceptingExecutableInvoker.java:93)
	at org.junit.jupiter.engine.execution.InvocationInterceptorChain$InterceptedInvocation.proceed(InvocationInterceptorChain.java:106)
	at org.junit.jupiter.engine.execution.InvocationInterceptorChain.proceed(InvocationInterceptorChain.java:64)
	at org.junit.jupiter.engine.execution.InvocationInterceptorChain.chainAndInvoke(InvocationInterceptorChain.java:45)
	at org.junit.jupiter.engine.execution.InvocationInterceptorChain.invoke(InvocationInterceptorChain.java:37)
	at org.junit.jupiter.engine.execution.InterceptingExecutableInvoker.invoke(InterceptingExecutableInvoker.java:92)
	at org.junit.jupiter.engine.execution.InterceptingExecutableInvoker.invoke(InterceptingExecutableInvoker.java:86)
	at org.junit.jupiter.engine.descriptor.TestMethodTestDescriptor.lambda$invokeTestMethod$7(TestMethodTestDescriptor.java:217)
	at org.junit.platform.engine.support.hierarchical.ThrowableCollector.execute(ThrowableCollector.java:73)
	at org.junit.jupiter.engine.descriptor.TestMethodTestDescriptor.invokeTestMethod(TestMethodTestDescriptor.java:213)
	at org.junit.jupiter.engine.descriptor.TestMethodTestDescriptor.execute(TestMethodTestDescriptor.java:138)
	at org.junit.jupiter.engine.descriptor.TestMethodTestDescriptor.execute(TestMethodTestDescriptor.java:68)
	at org.junit.platform.engine.support.hierarchical.NodeTestTask.lambda$executeRecursively$6(NodeTestTask.java:151)
	at org.junit.platform.engine.support.hierarchical.ThrowableCollector.execute(ThrowableCollector.java:73)
	at org.junit.platform.engine.support.hierarchical.NodeTestTask.lambda$executeRecursively$8(NodeTestTask.java:141)
	at org.junit.platform.engine.support.hierarchical.Node.around(Node.java:137)
	at org.junit.platform.engine.support.hierarchical.NodeTestTask.lambda$executeRecursively$9(NodeTestTask.java:139)
	at org.junit.platform.engine.support.hierarchical.ThrowableCollector.execute(ThrowableCollector.java:73)
	at org.junit.platform.engine.support.hierarchical.NodeTestTask.executeRecursively(NodeTestTask.java:138)
	at org.junit.platform.engine.support.hierarchical.NodeTestTask.execute(NodeTestTask.java:95)
	at org.junit.platform.engine.support.hierarchical.ForkJoinPoolHierarchicalTestExecutorService$ExclusiveTask.compute(ForkJoinPoolHierarchicalTestExecutorService.java:185)
	at java.base/java.util.concurrent.RecursiveAction.exec(RecursiveAction.java:189)
	at java.base/java.util.concurrent.ForkJoinTask.doExec(ForkJoinTask.java:290)
	at java.base/java.util.concurrent.ForkJoinPool$WorkQueue.topLevelExec(ForkJoinPool.java:1020)
	at java.base/java.util.concurrent.ForkJoinPool.scan(ForkJoinPool.java:1656)
	at java.base/java.util.concurrent.ForkJoinPool.runWorker(ForkJoinPool.java:1594)
	at java.base/java.util.concurrent.ForkJoinWorkerThread.run(ForkJoinWorkerThread.java:183)

[INFO] Tests run: 1, Failures: 0, Errors: 0, Skipped: 0, Time elapsed: 10.862 s - in tech.picnic.errorprone.bugpatterns.MethodReferenceUsageTest
[INFO] 
[INFO] Results:
[INFO] 
[ERROR] Failures: 
[ERROR]   RefasterRulesTest.validateRuleCollection:82 compilation failed unexpectedly: [/tech/picnic/errorprone/refasterrules/TestNGToAssertJRulesTestInput.java:27: error: reference to assertEqualsNoOrder is ambiguous
        (Runnable) () -> assertEqualsNoOrder(null, null),
                         ^
  both method assertEqualsNoOrder(java.util.Collection<?>,java.util.Collection<?>) in org.testng.Assert and method assertEqualsNoOrder(java.lang.Object[],java.lang.Object[]) in org.testng.Assert match]
[INFO] 
[ERROR] Tests run: 143, Failures: 1, Errors: 0, Skipped: 0
[INFO] 
[INFO] ------------------------------------------------------------------------
[INFO] Reactor Summary for Picnic :: Error Prone Support 0.4.1-SNAPSHOT:
[INFO] 
[INFO] Picnic :: Error Prone Support ...................... SUCCESS [  3.426 s]
[INFO] Picnic :: Error Prone Support :: Refaster Support .. SUCCESS [  6.054 s]
[INFO] Picnic :: Error Prone Support :: Refaster Compiler . SUCCESS [  1.262 s]
[INFO] Picnic :: Error Prone Support :: Refaster Runner ... SUCCESS [  4.142 s]
[INFO] Picnic :: Error Prone Support :: Refaster Test Support SUCCESS [  4.588 s]
[INFO] Picnic :: Error Prone Support :: Contrib ........... FAILURE [ 23.734 s]
[INFO] ------------------------------------------------------------------------
[INFO] BUILD FAILURE
[INFO] ------------------------------------------------------------------------
[INFO] Total time:  43.347 s
[INFO] Finished at: 2023-01-06T18:30:16Z
[INFO] ------------------------------------------------------------------------
[ERROR] Failed to execute goal org.apache.maven.plugins:maven-surefire-plugin:2.22.2:test (default-test) on project error-prone-contrib: There are test failures.
[ERROR] 
[ERROR] Please refer to /home/gabsko/breaking-updates/error-prone-contrib/target/surefire-reports for the individual test results.
[ERROR] Please refer to dump files (if any exist) [date].dump, [date]-jvmRun[N].dump and [date].dumpstream.
[ERROR] -> [Help 1]
org.apache.maven.lifecycle.LifecycleExecutionException: Failed to execute goal org.apache.maven.plugins:maven-surefire-plugin:2.22.2:test (default-test) on project error-prone-contrib: There are test failures.

Please refer to /home/gabsko/breaking-updates/error-prone-contrib/target/surefire-reports for the individual test results.
Please refer to dump files (if any exist) [date].dump, [date]-jvmRun[N].dump and [date].dumpstream.
    at org.apache.maven.lifecycle.internal.MojoExecutor.doExecute2 (MojoExecutor.java:375)
    at org.apache.maven.lifecycle.internal.MojoExecutor.doExecute (MojoExecutor.java:351)
    at org.apache.maven.lifecycle.internal.MojoExecutor.execute (MojoExecutor.java:215)
    at org.apache.maven.lifecycle.internal.MojoExecutor.execute (MojoExecutor.java:171)
    at org.apache.maven.lifecycle.internal.MojoExecutor.execute (MojoExecutor.java:163)
    at org.apache.maven.lifecycle.internal.LifecycleModuleBuilder.buildProject (LifecycleModuleBuilder.java:117)
    at org.apache.maven.lifecycle.internal.LifecycleModuleBuilder.buildProject (LifecycleModuleBuilder.java:81)
    at org.apache.maven.lifecycle.internal.builder.singlethreaded.SingleThreadedBuilder.build (SingleThreadedBuilder.java:56)
    at org.apache.maven.lifecycle.internal.LifecycleStarter.execute (LifecycleStarter.java:128)
    at org.apache.maven.DefaultMaven.doExecute (DefaultMaven.java:294)
    at org.apache.maven.DefaultMaven.doExecute (DefaultMaven.java:192)
    at org.apache.maven.DefaultMaven.execute (DefaultMaven.java:105)
    at org.apache.maven.cli.MavenCli.execute (MavenCli.java:960)
    at org.apache.maven.cli.MavenCli.doMain (MavenCli.java:293)
    at org.apache.maven.cli.MavenCli.main (MavenCli.java:196)
    at jdk.internal.reflect.NativeMethodAccessorImpl.invoke0 (Native Method)
    at jdk.internal.reflect.NativeMethodAccessorImpl.invoke (NativeMethodAccessorImpl.java:62)
    at jdk.internal.reflect.DelegatingMethodAccessorImpl.invoke (DelegatingMethodAccessorImpl.java:43)
    at java.lang.reflect.Method.invoke (Method.java:566)
    at org.codehaus.plexus.classworlds.launcher.Launcher.launchEnhanced (Launcher.java:282)
    at org.codehaus.plexus.classworlds.launcher.Launcher.launch (Launcher.java:225)
    at org.codehaus.plexus.classworlds.launcher.Launcher.mainWithExitCode (Launcher.java:406)
    at org.codehaus.plexus.classworlds.launcher.Launcher.main (Launcher.java:347)
Caused by: org.apache.maven.plugin.MojoFailureException: There are test failures.

Please refer to /home/gabsko/breaking-updates/error-prone-contrib/target/surefire-reports for the individual test results.
Please refer to dump files (if any exist) [date].dump, [date]-jvmRun[N].dump and [date].dumpstream.
    at org.apache.maven.plugin.surefire.SurefireHelper.throwException (SurefireHelper.java:289)
    at org.apache.maven.plugin.surefire.SurefireHelper.reportExecution (SurefireHelper.java:161)
    at org.apache.maven.plugin.surefire.SurefirePlugin.handleSummary (SurefirePlugin.java:364)
    at org.apache.maven.plugin.surefire.AbstractSurefireMojo.executeAfterPreconditionsChecked (AbstractSurefireMojo.java:1041)
    at org.apache.maven.plugin.surefire.AbstractSurefireMojo.execute (AbstractSurefireMojo.java:857)
    at org.apache.maven.plugin.DefaultBuildPluginManager.executeMojo (DefaultBuildPluginManager.java:137)
    at org.apache.maven.lifecycle.internal.MojoExecutor.doExecute2 (MojoExecutor.java:370)
    at org.apache.maven.lifecycle.internal.MojoExecutor.doExecute (MojoExecutor.java:351)
    at org.apache.maven.lifecycle.internal.MojoExecutor.execute (MojoExecutor.java:215)
    at org.apache.maven.lifecycle.internal.MojoExecutor.execute (MojoExecutor.java:171)
    at org.apache.maven.lifecycle.internal.MojoExecutor.execute (MojoExecutor.java:163)
    at org.apache.maven.lifecycle.internal.LifecycleModuleBuilder.buildProject (LifecycleModuleBuilder.java:117)
    at org.apache.maven.lifecycle.internal.LifecycleModuleBuilder.buildProject (LifecycleModuleBuilder.java:81)
    at org.apache.maven.lifecycle.internal.builder.singlethreaded.SingleThreadedBuilder.build (SingleThreadedBuilder.java:56)
    at org.apache.maven.lifecycle.internal.LifecycleStarter.execute (LifecycleStarter.java:128)
    at org.apache.maven.DefaultMaven.doExecute (DefaultMaven.java:294)
    at org.apache.maven.DefaultMaven.doExecute (DefaultMaven.java:192)
    at org.apache.maven.DefaultMaven.execute (DefaultMaven.java:105)
    at org.apache.maven.cli.MavenCli.execute (MavenCli.java:960)
    at org.apache.maven.cli.MavenCli.doMain (MavenCli.java:293)
    at org.apache.maven.cli.MavenCli.main (MavenCli.java:196)
    at jdk.internal.reflect.NativeMethodAccessorImpl.invoke0 (Native Method)
    at jdk.internal.reflect.NativeMethodAccessorImpl.invoke (NativeMethodAccessorImpl.java:62)
    at jdk.internal.reflect.DelegatingMethodAccessorImpl.invoke (DelegatingMethodAccessorImpl.java:43)
    at java.lang.reflect.Method.invoke (Method.java:566)
    at org.codehaus.plexus.classworlds.launcher.Launcher.launchEnhanced (Launcher.java:282)
    at org.codehaus.plexus.classworlds.launcher.Launcher.launch (Launcher.java:225)
    at org.codehaus.plexus.classworlds.launcher.Launcher.mainWithExitCode (Launcher.java:406)
    at org.codehaus.plexus.classworlds.launcher.Launcher.main (Launcher.java:347)
[ERROR] 
[ERROR] Re-run Maven using the -X switch to enable full debug logging.
[ERROR] 
[ERROR] For more information about the errors and possible solutions, please read the following articles:
[ERROR] [Help 1] http://cwiki.apache.org/confluence/display/MAVEN/MojoFailureException
[ERROR] 
[ERROR] After correcting the problems, you can resume the build with the command
[ERROR]   mvn <args> -rf :error-prone-contrib
